-- Install configuration: ""
-- Up-to-date: /home/leo/ws_isaacsim/ur3eegh80/install/ur3e_moveit_config/share/ament_index/resource_index/package_run_dependencies/ur3e_moveit_config
-- Up-to-date: /home/leo/ws_isaacsim/ur3eegh80/install/ur3e_moveit_config/share/ament_index/resource_index/parent_prefix_path/ur3e_moveit_config
-- Up-to-date: /home/leo/ws_isaacsim/ur3eegh80/install/ur3e_moveit_config/share/ur3e_moveit_config/environment/ament_prefix_path.sh
-- Up-to-date: /home/leo/ws_isaacsim/ur3eegh80/install/ur3e_moveit_config/share/ur3e_moveit_config/environment/ament_prefix_path.dsv
-- Up-to-date: /home/leo/ws_isaacsim/ur3eegh80/install/ur3e_moveit_config/share/ur3e_moveit_config/environment/path.sh
-- Up-to-date: /home/leo/ws_isaacsim/ur3eegh80/install/ur3e_moveit_config/share/ur3e_moveit_config/environment/path.dsv
-- Up-to-date: /home/leo/ws_isaacsim/ur3eegh80/install/ur3e_moveit_config/share/ur3e_moveit_config/local_setup.bash
-- Up-to-date: /home/leo/ws_isaacsim/ur3eegh80/install/ur3e_moveit_config/share/ur3e_moveit_config/local_setup.sh
-- Up-to-date: /home/leo/ws_isaacsim/ur3eegh80/install/ur3e_moveit_config/share/ur3e_moveit_config/local_setup.zsh
-- Up-to-date: /home/leo/ws_isaacsim/ur3eegh80/install/ur3e_moveit_config/share/ur3e_moveit_config/local_setup.dsv
-- Installing: /home/leo/ws_isaacsim/ur3eegh80/install/ur3e_moveit_config/share/ur3e_moveit_config/package.dsv
-- Up-to-date: /home/leo/ws_isaacsim/ur3eegh80/install/ur3e_moveit_config/share/ament_index/resource_index/packages/ur3e_moveit_config
-- Up-to-date: /home/leo/ws_isaacsim/ur3eegh80/install/ur3e_moveit_config/share/ur3e_moveit_config/cmake/ur3e_moveit_configConfig.cmake
-- Up-to-date: /home/leo/ws_isaacsim/ur3eegh80/install/ur3e_moveit_config/share/ur3e_moveit_config/cmake/ur3e_moveit_configConfig-version.cmake
-- Up-to-date: /home/leo/ws_isaacsim/ur3eegh80/install/ur3e_moveit_config/share/ur3e_moveit_config/package.xml
-- Up-to-date: /home/leo/ws_isaacsim/ur3eegh80/install/ur3e_moveit_config/share/ur3e_moveit_config/launch
-- Up-to-date: /home/leo/ws_isaacsim/ur3eegh80/install/ur3e_moveit_config/share/ur3e_moveit_config/launch/warehouse_db.launch.py
-- Up-to-date: /home/leo/ws_isaacsim/ur3eegh80/install/ur3e_moveit_config/share/ur3e_moveit_config/launch/moveit_rviz.launch.py
-- Up-to-date: /home/leo/ws_isaacsim/ur3eegh80/install/ur3e_moveit_config/share/ur3e_moveit_config/launch/rsp.launch.py
-- Up-to-date: /home/leo/ws_isaacsim/ur3eegh80/install/ur3e_moveit_config/share/ur3e_moveit_config/launch/static_virtual_joint_tfs.launch.py
-- Up-to-date: /home/leo/ws_isaacsim/ur3eegh80/install/ur3e_moveit_config/share/ur3e_moveit_config/launch/demo.launch.py
-- Up-to-date: /home/leo/ws_isaacsim/ur3eegh80/install/ur3e_moveit_config/share/ur3e_moveit_config/launch/spawn_controllers.launch.py
-- Up-to-date: /home/leo/ws_isaacsim/ur3eegh80/install/ur3e_moveit_config/share/ur3e_moveit_config/launch/setup_assistant.launch.py
-- Up-to-date: /home/leo/ws_isaacsim/ur3eegh80/install/ur3e_moveit_config/share/ur3e_moveit_config/launch/move_group.launch.py
-- Up-to-date: /home/leo/ws_isaacsim/ur3eegh80/install/ur3e_moveit_config/share/ur3e_moveit_config/config
-- Up-to-date: /home/leo/ws_isaacsim/ur3eegh80/install/ur3e_moveit_config/share/ur3e_moveit_config/config/ur3e_egh80.usd
-- Up-to-date: /home/leo/ws_isaacsim/ur3eegh80/install/ur3e_moveit_config/share/ur3e_moveit_config/config/moveit_controllers.yaml
-- Up-to-date: /home/leo/ws_isaacsim/ur3eegh80/install/ur3e_moveit_config/share/ur3e_moveit_config/config/pilz_cartesian_limits.yaml
-- Up-to-date: /home/leo/ws_isaacsim/ur3eegh80/install/ur3e_moveit_config/share/ur3e_moveit_config/config/ur3e_egh80.urdf.xacro
-- Up-to-date: /home/leo/ws_isaacsim/ur3eegh80/install/ur3e_moveit_config/share/ur3e_moveit_config/config/.thumbs
-- Up-to-date: /home/leo/ws_isaacsim/ur3eegh80/install/ur3e_moveit_config/share/ur3e_moveit_config/config/.thumbs/256x256
-- Up-to-date: /home/leo/ws_isaacsim/ur3eegh80/install/ur3e_moveit_config/share/ur3e_moveit_config/config/.thumbs/256x256/ur3e_egh80.usd.png
-- Up-to-date: /home/leo/ws_isaacsim/ur3eegh80/install/ur3e_moveit_config/share/ur3e_moveit_config/config/ur3e_egh80
-- Up-to-date: /home/leo/ws_isaacsim/ur3eegh80/install/ur3e_moveit_config/share/ur3e_moveit_config/config/ur3e_egh80/ur3e_egh80.usd
-- Up-to-date: /home/leo/ws_isaacsim/ur3eegh80/install/ur3e_moveit_config/share/ur3e_moveit_config/config/ur3e_egh80/configuration
-- Up-to-date: /home/leo/ws_isaacsim/ur3eegh80/install/ur3e_moveit_config/share/ur3e_moveit_config/config/ur3e_egh80/configuration/ur3e_egh80_base.usd
-- Up-to-date: /home/leo/ws_isaacsim/ur3eegh80/install/ur3e_moveit_config/share/ur3e_moveit_config/config/ur3e_egh80/configuration/ur3e_egh80.usd
-- Up-to-date: /home/leo/ws_isaacsim/ur3eegh80/install/ur3e_moveit_config/share/ur3e_moveit_config/config/ur3e_egh80/configuration/ur3e_egh80_physics.usd
-- Up-to-date: /home/leo/ws_isaacsim/ur3eegh80/install/ur3e_moveit_config/share/ur3e_moveit_config/config/ur3e_egh80/configuration/.thumbs
-- Up-to-date: /home/leo/ws_isaacsim/ur3eegh80/install/ur3e_moveit_config/share/ur3e_moveit_config/config/ur3e_egh80/configuration/.thumbs/256x256
-- Up-to-date: /home/leo/ws_isaacsim/ur3eegh80/install/ur3e_moveit_config/share/ur3e_moveit_config/config/ur3e_egh80/configuration/.thumbs/256x256/ur3e_egh80.usd.png
-- Up-to-date: /home/leo/ws_isaacsim/ur3eegh80/install/ur3e_moveit_config/share/ur3e_moveit_config/config/ur3e_egh80/configuration/ur3e_egh80_sensor.usd
-- Up-to-date: /home/leo/ws_isaacsim/ur3eegh80/install/ur3e_moveit_config/share/ur3e_moveit_config/config/moveit.rviz
-- Up-to-date: /home/leo/ws_isaacsim/ur3eegh80/install/ur3e_moveit_config/share/ur3e_moveit_config/config/ros2_controllers.yaml
-- Up-to-date: /home/leo/ws_isaacsim/ur3eegh80/install/ur3e_moveit_config/share/ur3e_moveit_config/config/ur3e_egh80.srdf
-- Up-to-date: /home/leo/ws_isaacsim/ur3eegh80/install/ur3e_moveit_config/share/ur3e_moveit_config/config/kinematics.yaml
-- Up-to-date: /home/leo/ws_isaacsim/ur3eegh80/install/ur3e_moveit_config/share/ur3e_moveit_config/config/joint_limits.yaml
-- Up-to-date: /home/leo/ws_isaacsim/ur3eegh80/install/ur3e_moveit_config/share/ur3e_moveit_config/config/ur3e_egh80.ros2_control.xacro
-- Up-to-date: /home/leo/ws_isaacsim/ur3eegh80/install/ur3e_moveit_config/share/ur3e_moveit_config/config/initial_positions.yaml
-- Up-to-date: /home/leo/ws_isaacsim/ur3eegh80/install/ur3e_moveit_config/share/ur3e_moveit_config/config/ur3e_egh80.urdf
-- Up-to-date: /home/leo/ws_isaacsim/ur3eegh80/install/ur3e_moveit_config/share/ur3e_moveit_config/.setup_assistant
