[0.043s] DEBUG:colcon:Command line arguments: ['/usr/bin/colcon', 'build']
[0.043s] DEBUG:colcon:Parsed command line arguments: Namespace(log_base=None, log_level=None, verb_name='build', build_base='build', install_base='install', merge_install=False, symlink_install=False, test_result_base=None, continue_on_error=False, executor='parallel', parallel_workers=32, event_handlers=None, ignore_user_meta=False, metas=['./colcon.meta'], base_paths=['.'], packages_ignore=None, packages_ignore_regex=None, paths=None, packages_up_to=None, packages_up_to_regex=None, packages_above=None, packages_above_and_dependencies=None, packages_above_depth=None, packages_select_by_dep=None, packages_skip_by_dep=None, packages_skip_up_to=None, packages_select_build_failed=False, packages_skip_build_finished=False, packages_select_test_failures=False, packages_skip_test_passed=False, packages_select=None, packages_skip=None, packages_select_regex=None, packages_skip_regex=None, packages_start=None, packages_end=None, allow_overriding=[], cmake_args=None, cmake_target=None, cmake_target_skip_unavailable=False, cmake_clean_cache=False, cmake_clean_first=False, cmake_force_configure=False, ament_cmake_args=None, catkin_cmake_args=None, catkin_skip_building_tests=False, verb_parser=<colcon_defaults.argument_parser.defaults.DefaultArgumentsDecorator object at 0x720cd0a7a950>, verb_extension=<colcon_core.verb.build.BuildVerb object at 0x720cd0a7a410>, main=<bound method BuildVerb.main of <colcon_core.verb.build.BuildVerb object at 0x720cd0a7a410>>)
[0.060s] Level 1:colcon.colcon_core.package_discovery:discover_packages(colcon_meta) check parameters
[0.060s] Level 1:colcon.colcon_core.package_discovery:discover_packages(recursive) check parameters
[0.060s] Level 1:colcon.colcon_core.package_discovery:discover_packages(ignore) check parameters
[0.060s] Level 1:colcon.colcon_core.package_discovery:discover_packages(path) check parameters
[0.060s] Level 1:colcon.colcon_core.package_discovery:discover_packages(colcon_meta) discover
[0.060s] Level 1:colcon.colcon_core.package_discovery:discover_packages(recursive) discover
[0.060s] INFO:colcon.colcon_core.package_discovery:Crawling recursively for packages in '/home/leo/ws_isaacsim/kawasaki'
[0.060s] Level 1:colcon.colcon_core.package_identification:_identify(.) by extensions ['ignore', 'ignore_ament_install']
[0.060s] Level 1:colcon.colcon_core.package_identification:_identify(.) by extension 'ignore'
[0.060s] Level 1:colcon.colcon_core.package_identification:_identify(.) by extension 'ignore_ament_install'
[0.060s] Level 1:colcon.colcon_core.package_identification:_identify(.) by extensions ['colcon_pkg']
[0.061s] Level 1:colcon.colcon_core.package_identification:_identify(.) by extension 'colcon_pkg'
[0.061s] Level 1:colcon.colcon_core.package_identification:_identify(.) by extensions ['colcon_meta']
[0.061s] Level 1:colcon.colcon_core.package_identification:_identify(.) by extension 'colcon_meta'
[0.061s] Level 1:colcon.colcon_core.package_identification:_identify(.) by extensions ['ros']
[0.061s] Level 1:colcon.colcon_core.package_identification:_identify(.) by extension 'ros'
[0.067s] Level 1:colcon.colcon_core.package_identification:_identify(.) by extensions ['cmake', 'python']
[0.067s] Level 1:colcon.colcon_core.package_identification:_identify(.) by extension 'cmake'
[0.067s] Level 1:colcon.colcon_core.package_identification:_identify(.) by extension 'python'
[0.067s] Level 1:colcon.colcon_core.package_identification:_identify(.) by extensions ['python_setup_py']
[0.067s] Level 1:colcon.colcon_core.package_identification:_identify(.) by extension 'python_setup_py'
[0.067s] Level 1:colcon.colcon_core.package_identification:_identify(build) by extensions ['ignore', 'ignore_ament_install']
[0.067s] Level 1:colcon.colcon_core.package_identification:_identify(build) by extension 'ignore'
[0.067s] Level 1:colcon.colcon_core.package_identification:_identify(build) ignored
[0.067s] Level 1:colcon.colcon_core.package_identification:_identify(install) by extensions ['ignore', 'ignore_ament_install']
[0.067s] Level 1:colcon.colcon_core.package_identification:_identify(install) by extension 'ignore'
[0.067s] Level 1:colcon.colcon_core.package_identification:_identify(install) ignored
[0.067s] Level 1:colcon.colcon_core.package_identification:_identify(log) by extensions ['ignore', 'ignore_ament_install']
[0.067s] Level 1:colcon.colcon_core.package_identification:_identify(log) by extension 'ignore'
[0.067s] Level 1:colcon.colcon_core.package_identification:_identify(log) ignored
[0.067s] Level 1:colcon.colcon_core.package_identification:_identify(src) by extensions ['ignore', 'ignore_ament_install']
[0.067s] Level 1:colcon.colcon_core.package_identification:_identify(src) by extension 'ignore'
[0.067s] Level 1:colcon.colcon_core.package_identification:_identify(src) by extension 'ignore_ament_install'
[0.067s] Level 1:colcon.colcon_core.package_identification:_identify(src) by extensions ['colcon_pkg']
[0.067s] Level 1:colcon.colcon_core.package_identification:_identify(src) by extension 'colcon_pkg'
[0.068s] Level 1:colcon.colcon_core.package_identification:_identify(src) by extensions ['colcon_meta']
[0.068s] Level 1:colcon.colcon_core.package_identification:_identify(src) by extension 'colcon_meta'
[0.068s] Level 1:colcon.colcon_core.package_identification:_identify(src) by extensions ['ros']
[0.068s] Level 1:colcon.colcon_core.package_identification:_identify(src) by extension 'ros'
[0.068s] Level 1:colcon.colcon_core.package_identification:_identify(src) by extensions ['cmake', 'python']
[0.068s] Level 1:colcon.colcon_core.package_identification:_identify(src) by extension 'cmake'
[0.068s] Level 1:colcon.colcon_core.package_identification:_identify(src) by extension 'python'
[0.068s] Level 1:colcon.colcon_core.package_identification:_identify(src) by extensions ['python_setup_py']
[0.068s] Level 1:colcon.colcon_core.package_identification:_identify(src) by extension 'python_setup_py'
[0.068s] Level 1:colcon.colcon_core.package_identification:_identify(src/robots) by extensions ['ignore', 'ignore_ament_install']
[0.068s] Level 1:colcon.colcon_core.package_identification:_identify(src/robots) by extension 'ignore'
[0.068s] Level 1:colcon.colcon_core.package_identification:_identify(src/robots) by extension 'ignore_ament_install'
[0.068s] Level 1:colcon.colcon_core.package_identification:_identify(src/robots) by extensions ['colcon_pkg']
[0.068s] Level 1:colcon.colcon_core.package_identification:_identify(src/robots) by extension 'colcon_pkg'
[0.068s] Level 1:colcon.colcon_core.package_identification:_identify(src/robots) by extensions ['colcon_meta']
[0.068s] Level 1:colcon.colcon_core.package_identification:_identify(src/robots) by extension 'colcon_meta'
[0.068s] Level 1:colcon.colcon_core.package_identification:_identify(src/robots) by extensions ['ros']
[0.068s] Level 1:colcon.colcon_core.package_identification:_identify(src/robots) by extension 'ros'
[0.068s] Level 1:colcon.colcon_core.package_identification:_identify(src/robots) by extensions ['cmake', 'python']
[0.068s] Level 1:colcon.colcon_core.package_identification:_identify(src/robots) by extension 'cmake'
[0.068s] Level 1:colcon.colcon_core.package_identification:_identify(src/robots) by extension 'python'
[0.068s] Level 1:colcon.colcon_core.package_identification:_identify(src/robots) by extensions ['python_setup_py']
[0.068s] Level 1:colcon.colcon_core.package_identification:_identify(src/robots) by extension 'python_setup_py'
[0.068s] Level 1:colcon.colcon_core.package_identification:_identify(src/robots/rs007l) by extensions ['ignore', 'ignore_ament_install']
[0.068s] Level 1:colcon.colcon_core.package_identification:_identify(src/robots/rs007l) by extension 'ignore'
[0.068s] Level 1:colcon.colcon_core.package_identification:_identify(src/robots/rs007l) by extension 'ignore_ament_install'
[0.068s] Level 1:colcon.colcon_core.package_identification:_identify(src/robots/rs007l) by extensions ['colcon_pkg']
[0.068s] Level 1:colcon.colcon_core.package_identification:_identify(src/robots/rs007l) by extension 'colcon_pkg'
[0.068s] Level 1:colcon.colcon_core.package_identification:_identify(src/robots/rs007l) by extensions ['colcon_meta']
[0.068s] Level 1:colcon.colcon_core.package_identification:_identify(src/robots/rs007l) by extension 'colcon_meta'
[0.068s] Level 1:colcon.colcon_core.package_identification:_identify(src/robots/rs007l) by extensions ['ros']
[0.068s] Level 1:colcon.colcon_core.package_identification:_identify(src/robots/rs007l) by extension 'ros'
[0.069s] DEBUG:colcon.colcon_core.package_identification:Package 'src/robots/rs007l' with type 'ros.ament_cmake' and name 'rs007l'
[0.069s] Level 1:colcon.colcon_core.package_identification:_identify(src/robots/rs007l_moveit_config) by extensions ['ignore', 'ignore_ament_install']
[0.069s] Level 1:colcon.colcon_core.package_identification:_identify(src/robots/rs007l_moveit_config) by extension 'ignore'
[0.069s] Level 1:colcon.colcon_core.package_identification:_identify(src/robots/rs007l_moveit_config) by extension 'ignore_ament_install'
[0.069s] Level 1:colcon.colcon_core.package_identification:_identify(src/robots/rs007l_moveit_config) by extensions ['colcon_pkg']
[0.069s] Level 1:colcon.colcon_core.package_identification:_identify(src/robots/rs007l_moveit_config) by extension 'colcon_pkg'
[0.069s] Level 1:colcon.colcon_core.package_identification:_identify(src/robots/rs007l_moveit_config) by extensions ['colcon_meta']
[0.069s] Level 1:colcon.colcon_core.package_identification:_identify(src/robots/rs007l_moveit_config) by extension 'colcon_meta'
[0.069s] Level 1:colcon.colcon_core.package_identification:_identify(src/robots/rs007l_moveit_config) by extensions ['ros']
[0.069s] Level 1:colcon.colcon_core.package_identification:_identify(src/robots/rs007l_moveit_config) by extension 'ros'
[0.070s] DEBUG:colcon.colcon_core.package_identification:Package 'src/robots/rs007l_moveit_config' with type 'ros.ament_cmake' and name 'rs007l_moveit_config'
[0.070s] Level 1:colcon.colcon_core.package_discovery:discover_packages(recursive) using defaults
[0.070s] Level 1:colcon.colcon_core.package_discovery:discover_packages(ignore) discover
[0.070s] Level 1:colcon.colcon_core.package_discovery:discover_packages(ignore) using defaults
[0.070s] Level 1:colcon.colcon_core.package_discovery:discover_packages(path) discover
[0.070s] Level 1:colcon.colcon_core.package_discovery:discover_packages(path) using defaults
[0.078s] Level 1:colcon.colcon_core.package_discovery:discover_packages(prefix_path) check parameters
[0.078s] Level 1:colcon.colcon_core.package_discovery:discover_packages(prefix_path) discover
[0.078s] WARNING:colcon.colcon_ros.prefix_path.ament:The path '/home/leo/ws_isaacsim/kawasaki/install/rs007l_moveit_config' in the environment variable AMENT_PREFIX_PATH doesn't exist
[0.079s] WARNING:colcon.colcon_ros.prefix_path.ament:The path '/home/leo/ws_isaacsim/kawasaki/install/rs007l' in the environment variable AMENT_PREFIX_PATH doesn't exist
[0.079s] WARNING:colcon.colcon_ros.prefix_path.catkin:The path '/home/leo/ws_isaacsim/kawasaki/install/rs007l_moveit_config' in the environment variable CMAKE_PREFIX_PATH doesn't exist
[0.079s] WARNING:colcon.colcon_ros.prefix_path.catkin:The path '/home/leo/ws_isaacsim/kawasaki/install/rs007l' in the environment variable CMAKE_PREFIX_PATH doesn't exist
[0.079s] DEBUG:colcon.colcon_installed_package_information.package_discovery:Found 0 installed packages in /home/leo/ws_isaacsim/kawasaki/install
[0.079s] DEBUG:colcon.colcon_installed_package_information.package_discovery:Found 358 installed packages in /opt/ros/humble
[0.080s] Level 1:colcon.colcon_core.package_discovery:discover_packages(prefix_path) using defaults
[0.097s] Level 5:colcon.colcon_core.verb:set package 'rs007l' build argument 'cmake_args' from command line to 'None'
[0.097s] Level 5:colcon.colcon_core.verb:set package 'rs007l' build argument 'cmake_target' from command line to 'None'
[0.097s] Level 5:colcon.colcon_core.verb:set package 'rs007l' build argument 'cmake_target_skip_unavailable' from command line to 'False'
[0.097s] Level 5:colcon.colcon_core.verb:set package 'rs007l' build argument 'cmake_clean_cache' from command line to 'False'
[0.097s] Level 5:colcon.colcon_core.verb:set package 'rs007l' build argument 'cmake_clean_first' from command line to 'False'
[0.097s] Level 5:colcon.colcon_core.verb:set package 'rs007l' build argument 'cmake_force_configure' from command line to 'False'
[0.097s] Level 5:colcon.colcon_core.verb:set package 'rs007l' build argument 'ament_cmake_args' from command line to 'None'
[0.097s] Level 5:colcon.colcon_core.verb:set package 'rs007l' build argument 'catkin_cmake_args' from command line to 'None'
[0.098s] Level 5:colcon.colcon_core.verb:set package 'rs007l' build argument 'catkin_skip_building_tests' from command line to 'False'
[0.098s] DEBUG:colcon.colcon_core.verb:Building package 'rs007l' with the following arguments: {'ament_cmake_args': None, 'build_base': '/home/leo/ws_isaacsim/kawasaki/build/rs007l', 'catkin_cmake_args': None, 'catkin_skip_building_tests': False, 'cmake_args': None, 'cmake_clean_cache': False, 'cmake_clean_first': False, 'cmake_force_configure': False, 'cmake_target': None, 'cmake_target_skip_unavailable': False, 'install_base': '/home/leo/ws_isaacsim/kawasaki/install/rs007l', 'merge_install': False, 'path': '/home/leo/ws_isaacsim/kawasaki/src/robots/rs007l', 'symlink_install': False, 'test_result_base': None}
[0.098s] Level 5:colcon.colcon_core.verb:set package 'rs007l_moveit_config' build argument 'cmake_args' from command line to 'None'
[0.098s] Level 5:colcon.colcon_core.verb:set package 'rs007l_moveit_config' build argument 'cmake_target' from command line to 'None'
[0.098s] Level 5:colcon.colcon_core.verb:set package 'rs007l_moveit_config' build argument 'cmake_target_skip_unavailable' from command line to 'False'
[0.098s] Level 5:colcon.colcon_core.verb:set package 'rs007l_moveit_config' build argument 'cmake_clean_cache' from command line to 'False'
[0.098s] Level 5:colcon.colcon_core.verb:set package 'rs007l_moveit_config' build argument 'cmake_clean_first' from command line to 'False'
[0.098s] Level 5:colcon.colcon_core.verb:set package 'rs007l_moveit_config' build argument 'cmake_force_configure' from command line to 'False'
[0.098s] Level 5:colcon.colcon_core.verb:set package 'rs007l_moveit_config' build argument 'ament_cmake_args' from command line to 'None'
[0.098s] Level 5:colcon.colcon_core.verb:set package 'rs007l_moveit_config' build argument 'catkin_cmake_args' from command line to 'None'
[0.098s] Level 5:colcon.colcon_core.verb:set package 'rs007l_moveit_config' build argument 'catkin_skip_building_tests' from command line to 'False'
[0.098s] DEBUG:colcon.colcon_core.verb:Building package 'rs007l_moveit_config' with the following arguments: {'ament_cmake_args': None, 'build_base': '/home/leo/ws_isaacsim/kawasaki/build/rs007l_moveit_config', 'catkin_cmake_args': None, 'catkin_skip_building_tests': False, 'cmake_args': None, 'cmake_clean_cache': False, 'cmake_clean_first': False, 'cmake_force_configure': False, 'cmake_target': None, 'cmake_target_skip_unavailable': False, 'install_base': '/home/leo/ws_isaacsim/kawasaki/install/rs007l_moveit_config', 'merge_install': False, 'path': '/home/leo/ws_isaacsim/kawasaki/src/robots/rs007l_moveit_config', 'symlink_install': False, 'test_result_base': None}
[0.098s] INFO:colcon.colcon_core.executor:Executing jobs using 'parallel' executor
[0.098s] DEBUG:colcon.colcon_parallel_executor.executor.parallel:run_until_complete
[0.099s] INFO:colcon.colcon_ros.task.ament_cmake.build:Building ROS package in '/home/leo/ws_isaacsim/kawasaki/src/robots/rs007l' with build type 'ament_cmake'
[0.099s] INFO:colcon.colcon_cmake.task.cmake.build:Building CMake package in '/home/leo/ws_isaacsim/kawasaki/src/robots/rs007l'
[0.100s] INFO:colcon.colcon_core.plugin_system:Skipping extension 'colcon_core.shell.bat': Not used on non-Windows systems
[0.100s] INFO:colcon.colcon_core.shell:Skip shell extension 'powershell' for command environment: Not usable outside of PowerShell
[0.100s] DEBUG:colcon.colcon_core.shell:Skip shell extension 'dsv' for command environment
[0.103s] DEBUG:colcon.colcon_core.event_handler.log_command:Invoking command in '/home/leo/ws_isaacsim/kawasaki/build/rs007l': CMAKE_PREFIX_PATH=${CMAKE_PREFIX_PATH}:/opt/ros/humble /usr/bin/cmake /home/leo/ws_isaacsim/kawasaki/src/robots/rs007l -DCMAKE_INSTALL_PREFIX=/home/leo/ws_isaacsim/kawasaki/install/rs007l
[0.772s] DEBUG:colcon.colcon_core.event_handler.log_command:Invoked command in '/home/leo/ws_isaacsim/kawasaki/build/rs007l' returned '0': CMAKE_PREFIX_PATH=${CMAKE_PREFIX_PATH}:/opt/ros/humble /usr/bin/cmake /home/leo/ws_isaacsim/kawasaki/src/robots/rs007l -DCMAKE_INSTALL_PREFIX=/home/leo/ws_isaacsim/kawasaki/install/rs007l
[0.773s] DEBUG:colcon.colcon_core.event_handler.log_command:Invoking command in '/home/leo/ws_isaacsim/kawasaki/build/rs007l': CMAKE_PREFIX_PATH=${CMAKE_PREFIX_PATH}:/opt/ros/humble /usr/bin/cmake --build /home/leo/ws_isaacsim/kawasaki/build/rs007l -- -j32 -l32
[0.795s] DEBUG:colcon.colcon_core.event_handler.log_command:Invoked command in '/home/leo/ws_isaacsim/kawasaki/build/rs007l' returned '0': CMAKE_PREFIX_PATH=${CMAKE_PREFIX_PATH}:/opt/ros/humble /usr/bin/cmake --build /home/leo/ws_isaacsim/kawasaki/build/rs007l -- -j32 -l32
[0.799s] DEBUG:colcon.colcon_core.event_handler.log_command:Invoking command in '/home/leo/ws_isaacsim/kawasaki/build/rs007l': CMAKE_PREFIX_PATH=${CMAKE_PREFIX_PATH}:/opt/ros/humble /usr/bin/cmake --install /home/leo/ws_isaacsim/kawasaki/build/rs007l
[0.817s] Level 1:colcon.colcon_core.environment:create_environment_scripts_only(rs007l)
[0.817s] DEBUG:colcon.colcon_core.event_handler.log_command:Invoked command in '/home/leo/ws_isaacsim/kawasaki/build/rs007l' returned '0': CMAKE_PREFIX_PATH=${CMAKE_PREFIX_PATH}:/opt/ros/humble /usr/bin/cmake --install /home/leo/ws_isaacsim/kawasaki/build/rs007l
[0.818s] Level 1:colcon.colcon_core.environment:checking '/home/leo/ws_isaacsim/kawasaki/install/rs007l' for CMake module files
[0.819s] Level 1:colcon.colcon_core.environment:checking '/home/leo/ws_isaacsim/kawasaki/install/rs007l' for CMake config files
[0.819s] Level 1:colcon.colcon_core.shell:create_environment_hook('rs007l', 'cmake_prefix_path')
[0.819s] INFO:colcon.colcon_core.shell:Creating environment hook '/home/leo/ws_isaacsim/kawasaki/install/rs007l/share/rs007l/hook/cmake_prefix_path.ps1'
[0.819s] INFO:colcon.colcon_core.shell:Creating environment descriptor '/home/leo/ws_isaacsim/kawasaki/install/rs007l/share/rs007l/hook/cmake_prefix_path.dsv'
[0.819s] INFO:colcon.colcon_core.shell:Creating environment hook '/home/leo/ws_isaacsim/kawasaki/install/rs007l/share/rs007l/hook/cmake_prefix_path.sh'
[0.820s] Level 1:colcon.colcon_core.environment:checking '/home/leo/ws_isaacsim/kawasaki/install/rs007l/bin'
[0.820s] Level 1:colcon.colcon_core.environment:checking '/home/leo/ws_isaacsim/kawasaki/install/rs007l/lib/pkgconfig/rs007l.pc'
[0.820s] Level 1:colcon.colcon_core.environment:checking '/home/leo/ws_isaacsim/kawasaki/install/rs007l/lib/python3.10/site-packages'
[0.820s] Level 1:colcon.colcon_core.environment:checking '/home/leo/ws_isaacsim/kawasaki/install/rs007l/bin'
[0.820s] INFO:colcon.colcon_core.shell:Creating package script '/home/leo/ws_isaacsim/kawasaki/install/rs007l/share/rs007l/package.ps1'
[0.820s] INFO:colcon.colcon_core.shell:Creating package descriptor '/home/leo/ws_isaacsim/kawasaki/install/rs007l/share/rs007l/package.dsv'
[0.820s] INFO:colcon.colcon_core.shell:Creating package script '/home/leo/ws_isaacsim/kawasaki/install/rs007l/share/rs007l/package.sh'
[0.821s] INFO:colcon.colcon_core.shell:Creating package script '/home/leo/ws_isaacsim/kawasaki/install/rs007l/share/rs007l/package.bash'
[0.821s] INFO:colcon.colcon_core.shell:Creating package script '/home/leo/ws_isaacsim/kawasaki/install/rs007l/share/rs007l/package.zsh'
[0.821s] Level 1:colcon.colcon_core.environment:create_file_with_runtime_dependencies(/home/leo/ws_isaacsim/kawasaki/install/rs007l/share/colcon-core/packages/rs007l)
[0.821s] Level 1:colcon.colcon_core.environment:create_environment_scripts_only(rs007l)
[0.821s] Level 1:colcon.colcon_core.environment:checking '/home/leo/ws_isaacsim/kawasaki/install/rs007l' for CMake module files
[0.822s] Level 1:colcon.colcon_core.environment:checking '/home/leo/ws_isaacsim/kawasaki/install/rs007l' for CMake config files
[0.822s] Level 1:colcon.colcon_core.shell:create_environment_hook('rs007l', 'cmake_prefix_path')
[0.822s] INFO:colcon.colcon_core.shell:Creating environment hook '/home/leo/ws_isaacsim/kawasaki/install/rs007l/share/rs007l/hook/cmake_prefix_path.ps1'
[0.822s] INFO:colcon.colcon_core.shell:Creating environment descriptor '/home/leo/ws_isaacsim/kawasaki/install/rs007l/share/rs007l/hook/cmake_prefix_path.dsv'
[0.822s] INFO:colcon.colcon_core.shell:Creating environment hook '/home/leo/ws_isaacsim/kawasaki/install/rs007l/share/rs007l/hook/cmake_prefix_path.sh'
[0.822s] Level 1:colcon.colcon_core.environment:checking '/home/leo/ws_isaacsim/kawasaki/install/rs007l/bin'
[0.822s] Level 1:colcon.colcon_core.environment:checking '/home/leo/ws_isaacsim/kawasaki/install/rs007l/lib/pkgconfig/rs007l.pc'
[0.822s] Level 1:colcon.colcon_core.environment:checking '/home/leo/ws_isaacsim/kawasaki/install/rs007l/lib/python3.10/site-packages'
[0.822s] Level 1:colcon.colcon_core.environment:checking '/home/leo/ws_isaacsim/kawasaki/install/rs007l/bin'
[0.823s] INFO:colcon.colcon_core.shell:Creating package script '/home/leo/ws_isaacsim/kawasaki/install/rs007l/share/rs007l/package.ps1'
[0.823s] INFO:colcon.colcon_core.shell:Creating package descriptor '/home/leo/ws_isaacsim/kawasaki/install/rs007l/share/rs007l/package.dsv'
[0.823s] INFO:colcon.colcon_core.shell:Creating package script '/home/leo/ws_isaacsim/kawasaki/install/rs007l/share/rs007l/package.sh'
[0.823s] INFO:colcon.colcon_core.shell:Creating package script '/home/leo/ws_isaacsim/kawasaki/install/rs007l/share/rs007l/package.bash'
[0.823s] INFO:colcon.colcon_core.shell:Creating package script '/home/leo/ws_isaacsim/kawasaki/install/rs007l/share/rs007l/package.zsh'
[0.823s] Level 1:colcon.colcon_core.environment:create_file_with_runtime_dependencies(/home/leo/ws_isaacsim/kawasaki/install/rs007l/share/colcon-core/packages/rs007l)
[0.823s] INFO:colcon.colcon_ros.task.ament_cmake.build:Building ROS package in '/home/leo/ws_isaacsim/kawasaki/src/robots/rs007l_moveit_config' with build type 'ament_cmake'
[0.824s] INFO:colcon.colcon_cmake.task.cmake.build:Building CMake package in '/home/leo/ws_isaacsim/kawasaki/src/robots/rs007l_moveit_config'
[0.824s] INFO:colcon.colcon_core.shell:Skip shell extension 'powershell' for command environment: Not usable outside of PowerShell
[0.824s] DEBUG:colcon.colcon_core.shell:Skip shell extension 'dsv' for command environment
[0.828s] DEBUG:colcon.colcon_core.event_handler.log_command:Invoking command in '/home/leo/ws_isaacsim/kawasaki/build/rs007l_moveit_config': CMAKE_PREFIX_PATH=/home/leo/ws_isaacsim/kawasaki/install/rs007l:/home/leo/ws_isaacsim/kawasaki/install/rs007l_moveit_config:/opt/ros/humble /usr/bin/cmake /home/leo/ws_isaacsim/kawasaki/src/robots/rs007l_moveit_config -DCMAKE_INSTALL_PREFIX=/home/leo/ws_isaacsim/kawasaki/install/rs007l_moveit_config
[1.220s] DEBUG:colcon.colcon_core.event_handler.log_command:Invoked command in '/home/leo/ws_isaacsim/kawasaki/build/rs007l_moveit_config' returned '0': CMAKE_PREFIX_PATH=/home/leo/ws_isaacsim/kawasaki/install/rs007l:/home/leo/ws_isaacsim/kawasaki/install/rs007l_moveit_config:/opt/ros/humble /usr/bin/cmake /home/leo/ws_isaacsim/kawasaki/src/robots/rs007l_moveit_config -DCMAKE_INSTALL_PREFIX=/home/leo/ws_isaacsim/kawasaki/install/rs007l_moveit_config
[1.220s] DEBUG:colcon.colcon_core.event_handler.log_command:Invoking command in '/home/leo/ws_isaacsim/kawasaki/build/rs007l_moveit_config': CMAKE_PREFIX_PATH=/home/leo/ws_isaacsim/kawasaki/install/rs007l:/home/leo/ws_isaacsim/kawasaki/install/rs007l_moveit_config:/opt/ros/humble /usr/bin/cmake --build /home/leo/ws_isaacsim/kawasaki/build/rs007l_moveit_config -- -j32 -l32
[1.241s] DEBUG:colcon.colcon_core.event_handler.log_command:Invoked command in '/home/leo/ws_isaacsim/kawasaki/build/rs007l_moveit_config' returned '0': CMAKE_PREFIX_PATH=/home/leo/ws_isaacsim/kawasaki/install/rs007l:/home/leo/ws_isaacsim/kawasaki/install/rs007l_moveit_config:/opt/ros/humble /usr/bin/cmake --build /home/leo/ws_isaacsim/kawasaki/build/rs007l_moveit_config -- -j32 -l32
[1.241s] DEBUG:colcon.colcon_core.event_handler.log_command:Invoking command in '/home/leo/ws_isaacsim/kawasaki/build/rs007l_moveit_config': CMAKE_PREFIX_PATH=/home/leo/ws_isaacsim/kawasaki/install/rs007l:/home/leo/ws_isaacsim/kawasaki/install/rs007l_moveit_config:/opt/ros/humble /usr/bin/cmake --install /home/leo/ws_isaacsim/kawasaki/build/rs007l_moveit_config
[1.247s] Level 1:colcon.colcon_core.environment:create_environment_scripts_only(rs007l_moveit_config)
[1.247s] DEBUG:colcon.colcon_core.event_handler.log_command:Invoked command in '/home/leo/ws_isaacsim/kawasaki/build/rs007l_moveit_config' returned '0': CMAKE_PREFIX_PATH=/home/leo/ws_isaacsim/kawasaki/install/rs007l:/home/leo/ws_isaacsim/kawasaki/install/rs007l_moveit_config:/opt/ros/humble /usr/bin/cmake --install /home/leo/ws_isaacsim/kawasaki/build/rs007l_moveit_config
[1.247s] Level 1:colcon.colcon_core.environment:checking '/home/leo/ws_isaacsim/kawasaki/install/rs007l_moveit_config' for CMake module files
[1.248s] Level 1:colcon.colcon_core.environment:checking '/home/leo/ws_isaacsim/kawasaki/install/rs007l_moveit_config' for CMake config files
[1.248s] Level 1:colcon.colcon_core.shell:create_environment_hook('rs007l_moveit_config', 'cmake_prefix_path')
[1.248s] INFO:colcon.colcon_core.shell:Creating environment hook '/home/leo/ws_isaacsim/kawasaki/install/rs007l_moveit_config/share/rs007l_moveit_config/hook/cmake_prefix_path.ps1'
[1.249s] INFO:colcon.colcon_core.shell:Creating environment descriptor '/home/leo/ws_isaacsim/kawasaki/install/rs007l_moveit_config/share/rs007l_moveit_config/hook/cmake_prefix_path.dsv'
[1.249s] INFO:colcon.colcon_core.shell:Creating environment hook '/home/leo/ws_isaacsim/kawasaki/install/rs007l_moveit_config/share/rs007l_moveit_config/hook/cmake_prefix_path.sh'
[1.249s] Level 1:colcon.colcon_core.environment:checking '/home/leo/ws_isaacsim/kawasaki/install/rs007l_moveit_config/bin'
[1.249s] Level 1:colcon.colcon_core.environment:checking '/home/leo/ws_isaacsim/kawasaki/install/rs007l_moveit_config/lib/pkgconfig/rs007l_moveit_config.pc'
[1.249s] Level 1:colcon.colcon_core.environment:checking '/home/leo/ws_isaacsim/kawasaki/install/rs007l_moveit_config/lib/python3.10/site-packages'
[1.249s] Level 1:colcon.colcon_core.environment:checking '/home/leo/ws_isaacsim/kawasaki/install/rs007l_moveit_config/bin'
[1.250s] INFO:colcon.colcon_core.shell:Creating package script '/home/leo/ws_isaacsim/kawasaki/install/rs007l_moveit_config/share/rs007l_moveit_config/package.ps1'
[1.250s] INFO:colcon.colcon_core.shell:Creating package descriptor '/home/leo/ws_isaacsim/kawasaki/install/rs007l_moveit_config/share/rs007l_moveit_config/package.dsv'
[1.250s] INFO:colcon.colcon_core.shell:Creating package script '/home/leo/ws_isaacsim/kawasaki/install/rs007l_moveit_config/share/rs007l_moveit_config/package.sh'
[1.250s] INFO:colcon.colcon_core.shell:Creating package script '/home/leo/ws_isaacsim/kawasaki/install/rs007l_moveit_config/share/rs007l_moveit_config/package.bash'
[1.251s] INFO:colcon.colcon_core.shell:Creating package script '/home/leo/ws_isaacsim/kawasaki/install/rs007l_moveit_config/share/rs007l_moveit_config/package.zsh'
[1.251s] Level 1:colcon.colcon_core.environment:create_file_with_runtime_dependencies(/home/leo/ws_isaacsim/kawasaki/install/rs007l_moveit_config/share/colcon-core/packages/rs007l_moveit_config)
[1.251s] Level 1:colcon.colcon_core.environment:create_environment_scripts_only(rs007l_moveit_config)
[1.251s] Level 1:colcon.colcon_core.environment:checking '/home/leo/ws_isaacsim/kawasaki/install/rs007l_moveit_config' for CMake module files
[1.251s] Level 1:colcon.colcon_core.environment:checking '/home/leo/ws_isaacsim/kawasaki/install/rs007l_moveit_config' for CMake config files
[1.252s] Level 1:colcon.colcon_core.shell:create_environment_hook('rs007l_moveit_config', 'cmake_prefix_path')
[1.252s] INFO:colcon.colcon_core.shell:Creating environment hook '/home/leo/ws_isaacsim/kawasaki/install/rs007l_moveit_config/share/rs007l_moveit_config/hook/cmake_prefix_path.ps1'
[1.252s] INFO:colcon.colcon_core.shell:Creating environment descriptor '/home/leo/ws_isaacsim/kawasaki/install/rs007l_moveit_config/share/rs007l_moveit_config/hook/cmake_prefix_path.dsv'
[1.252s] INFO:colcon.colcon_core.shell:Creating environment hook '/home/leo/ws_isaacsim/kawasaki/install/rs007l_moveit_config/share/rs007l_moveit_config/hook/cmake_prefix_path.sh'
[1.252s] Level 1:colcon.colcon_core.environment:checking '/home/leo/ws_isaacsim/kawasaki/install/rs007l_moveit_config/bin'
[1.252s] Level 1:colcon.colcon_core.environment:checking '/home/leo/ws_isaacsim/kawasaki/install/rs007l_moveit_config/lib/pkgconfig/rs007l_moveit_config.pc'
[1.252s] Level 1:colcon.colcon_core.environment:checking '/home/leo/ws_isaacsim/kawasaki/install/rs007l_moveit_config/lib/python3.10/site-packages'
[1.252s] Level 1:colcon.colcon_core.environment:checking '/home/leo/ws_isaacsim/kawasaki/install/rs007l_moveit_config/bin'
[1.252s] INFO:colcon.colcon_core.shell:Creating package script '/home/leo/ws_isaacsim/kawasaki/install/rs007l_moveit_config/share/rs007l_moveit_config/package.ps1'
[1.253s] INFO:colcon.colcon_core.shell:Creating package descriptor '/home/leo/ws_isaacsim/kawasaki/install/rs007l_moveit_config/share/rs007l_moveit_config/package.dsv'
[1.253s] INFO:colcon.colcon_core.shell:Creating package script '/home/leo/ws_isaacsim/kawasaki/install/rs007l_moveit_config/share/rs007l_moveit_config/package.sh'
[1.253s] INFO:colcon.colcon_core.shell:Creating package script '/home/leo/ws_isaacsim/kawasaki/install/rs007l_moveit_config/share/rs007l_moveit_config/package.bash'
[1.253s] INFO:colcon.colcon_core.shell:Creating package script '/home/leo/ws_isaacsim/kawasaki/install/rs007l_moveit_config/share/rs007l_moveit_config/package.zsh'
[1.253s] Level 1:colcon.colcon_core.environment:create_file_with_runtime_dependencies(/home/leo/ws_isaacsim/kawasaki/install/rs007l_moveit_config/share/colcon-core/packages/rs007l_moveit_config)
[1.253s] DEBUG:colcon.colcon_parallel_executor.executor.parallel:closing loop
[1.253s] DEBUG:colcon.colcon_parallel_executor.executor.parallel:loop closed
[1.253s] DEBUG:colcon.colcon_parallel_executor.executor.parallel:run_until_complete finished with '0'
[1.254s] DEBUG:colcon.colcon_core.event_reactor:joining thread
[1.256s] INFO:colcon.colcon_core.plugin_system:Skipping extension 'colcon_notification.desktop_notification.terminal_notifier': Not used on non-Darwin systems
[1.256s] INFO:colcon.colcon_core.plugin_system:Skipping extension 'colcon_notification.desktop_notification.win32': Not used on non-Windows systems
[1.256s] INFO:colcon.colcon_notification.desktop_notification:Sending desktop notification using 'notify2'
[1.261s] DEBUG:colcon.colcon_core.event_reactor:joined thread
[1.261s] INFO:colcon.colcon_core.shell:Creating prefix script '/home/leo/ws_isaacsim/kawasaki/install/local_setup.ps1'
[1.262s] INFO:colcon.colcon_core.shell:Creating prefix util module '/home/leo/ws_isaacsim/kawasaki/install/_local_setup_util_ps1.py'
[1.262s] INFO:colcon.colcon_core.shell:Creating prefix chain script '/home/leo/ws_isaacsim/kawasaki/install/setup.ps1'
[1.262s] INFO:colcon.colcon_core.shell:Creating prefix script '/home/leo/ws_isaacsim/kawasaki/install/local_setup.sh'
[1.263s] INFO:colcon.colcon_core.shell:Creating prefix util module '/home/leo/ws_isaacsim/kawasaki/install/_local_setup_util_sh.py'
[1.263s] INFO:colcon.colcon_core.shell:Creating prefix chain script '/home/leo/ws_isaacsim/kawasaki/install/setup.sh'
[1.263s] INFO:colcon.colcon_core.shell:Creating prefix script '/home/leo/ws_isaacsim/kawasaki/install/local_setup.bash'
[1.263s] INFO:colcon.colcon_core.shell:Creating prefix chain script '/home/leo/ws_isaacsim/kawasaki/install/setup.bash'
[1.264s] INFO:colcon.colcon_core.shell:Creating prefix script '/home/leo/ws_isaacsim/kawasaki/install/local_setup.zsh'
[1.264s] INFO:colcon.colcon_core.shell:Creating prefix chain script '/home/leo/ws_isaacsim/kawasaki/install/setup.zsh'
