[0.004s] Invoking command in '/home/leo/ws_isaacsim/moveit2_UR5/build/ur5_moveit_config': AMENT_PREFIX_PATH=/home/leo/ws_isaacsim/moveit2_UR5/install/robot_description:${AMENT_PREFIX_PATH} CMAKE_PREFIX_PATH=/home/leo/ws_isaacsim/moveit2_UR5/install/robot_description:/home/leo/ws_isaacsim/moveit2_UR3e/install/ur3e_moveit_config:/home/leo/ws_isaacsim/moveit2_UR3e/install/robot_description:/opt/ros/humble /usr/bin/cmake --build /home/leo/ws_isaacsim/moveit2_UR5/build/ur5_moveit_config -- -j32 -l32
[0.024s] Invoked command in '/home/leo/ws_isaacsim/moveit2_UR5/build/ur5_moveit_config' returned '0': AMENT_PREFIX_PATH=/home/leo/ws_isaacsim/moveit2_UR5/install/robot_description:${AMENT_PREFIX_PATH} CMAKE_PREFIX_PATH=/home/leo/ws_isaacsim/moveit2_UR5/install/robot_description:/home/leo/ws_isaacsim/moveit2_UR3e/install/ur3e_moveit_config:/home/leo/ws_isaacsim/moveit2_UR3e/install/robot_description:/opt/ros/humble /usr/bin/cmake --build /home/leo/ws_isaacsim/moveit2_UR5/build/ur5_moveit_config -- -j32 -l32
[0.025s] Invoking command in '/home/leo/ws_isaacsim/moveit2_UR5/build/ur5_moveit_config': AMENT_PREFIX_PATH=/home/leo/ws_isaacsim/moveit2_UR5/install/robot_description:${AMENT_PREFIX_PATH} CMAKE_PREFIX_PATH=/home/leo/ws_isaacsim/moveit2_UR5/install/robot_description:/home/leo/ws_isaacsim/moveit2_UR3e/install/ur3e_moveit_config:/home/leo/ws_isaacsim/moveit2_UR3e/install/robot_description:/opt/ros/humble /usr/bin/cmake --install /home/leo/ws_isaacsim/moveit2_UR5/build/ur5_moveit_config
[0.030s] -- Install configuration: ""
[0.030s] -- Up-to-date: /home/leo/ws_isaacsim/moveit2_UR5/install/ur5_moveit_config/share/ament_index/resource_index/package_run_dependencies/ur5_moveit_config
[0.030s] -- Up-to-date: /home/leo/ws_isaacsim/moveit2_UR5/install/ur5_moveit_config/share/ament_index/resource_index/parent_prefix_path/ur5_moveit_config
[0.030s] -- Up-to-date: /home/leo/ws_isaacsim/moveit2_UR5/install/ur5_moveit_config/share/ur5_moveit_config/environment/ament_prefix_path.sh
[0.030s] -- Up-to-date: /home/leo/ws_isaacsim/moveit2_UR5/install/ur5_moveit_config/share/ur5_moveit_config/environment/ament_prefix_path.dsv
[0.030s] -- Up-to-date: /home/leo/ws_isaacsim/moveit2_UR5/install/ur5_moveit_config/share/ur5_moveit_config/environment/path.sh
[0.030s] -- Up-to-date: /home/leo/ws_isaacsim/moveit2_UR5/install/ur5_moveit_config/share/ur5_moveit_config/environment/path.dsv
[0.030s] -- Up-to-date: /home/leo/ws_isaacsim/moveit2_UR5/install/ur5_moveit_config/share/ur5_moveit_config/local_setup.bash
[0.030s] -- Up-to-date: /home/leo/ws_isaacsim/moveit2_UR5/install/ur5_moveit_config/share/ur5_moveit_config/local_setup.sh
[0.031s] -- Up-to-date: /home/leo/ws_isaacsim/moveit2_UR5/install/ur5_moveit_config/share/ur5_moveit_config/local_setup.zsh
[0.031s] -- Up-to-date: /home/leo/ws_isaacsim/moveit2_UR5/install/ur5_moveit_config/share/ur5_moveit_config/local_setup.dsv
[0.031s] -- Installing: /home/leo/ws_isaacsim/moveit2_UR5/install/ur5_moveit_config/share/ur5_moveit_config/package.dsv
[0.031s] -- Up-to-date: /home/leo/ws_isaacsim/moveit2_UR5/install/ur5_moveit_config/share/ament_index/resource_index/packages/ur5_moveit_config
[0.031s] -- Up-to-date: /home/leo/ws_isaacsim/moveit2_UR5/install/ur5_moveit_config/share/ur5_moveit_config/cmake/ur5_moveit_configConfig.cmake
[0.031s] -- Up-to-date: /home/leo/ws_isaacsim/moveit2_UR5/install/ur5_moveit_config/share/ur5_moveit_config/cmake/ur5_moveit_configConfig-version.cmake
[0.031s] -- Up-to-date: /home/leo/ws_isaacsim/moveit2_UR5/install/ur5_moveit_config/share/ur5_moveit_config/package.xml
[0.031s] -- Up-to-date: /home/leo/ws_isaacsim/moveit2_UR5/install/ur5_moveit_config/share/ur5_moveit_config/launch
[0.031s] -- Up-to-date: /home/leo/ws_isaacsim/moveit2_UR5/install/ur5_moveit_config/share/ur5_moveit_config/launch/warehouse_db.launch.py
[0.031s] -- Up-to-date: /home/leo/ws_isaacsim/moveit2_UR5/install/ur5_moveit_config/share/ur5_moveit_config/launch/moveit_rviz.launch.py
[0.031s] -- Up-to-date: /home/leo/ws_isaacsim/moveit2_UR5/install/ur5_moveit_config/share/ur5_moveit_config/launch/rsp.launch.py
[0.031s] -- Up-to-date: /home/leo/ws_isaacsim/moveit2_UR5/install/ur5_moveit_config/share/ur5_moveit_config/launch/static_virtual_joint_tfs.launch.py
[0.031s] -- Up-to-date: /home/leo/ws_isaacsim/moveit2_UR5/install/ur5_moveit_config/share/ur5_moveit_config/launch/demo.launch.py
[0.032s] -- Up-to-date: /home/leo/ws_isaacsim/moveit2_UR5/install/ur5_moveit_config/share/ur5_moveit_config/launch/spawn_controllers.launch.py
[0.032s] -- Up-to-date: /home/leo/ws_isaacsim/moveit2_UR5/install/ur5_moveit_config/share/ur5_moveit_config/launch/setup_assistant.launch.py
[0.032s] -- Up-to-date: /home/leo/ws_isaacsim/moveit2_UR5/install/ur5_moveit_config/share/ur5_moveit_config/launch/move_group.launch.py
[0.032s] -- Up-to-date: /home/leo/ws_isaacsim/moveit2_UR5/install/ur5_moveit_config/share/ur5_moveit_config/config
[0.032s] -- Up-to-date: /home/leo/ws_isaacsim/moveit2_UR5/install/ur5_moveit_config/share/ur5_moveit_config/config/ur5.srdf
[0.032s] -- Up-to-date: /home/leo/ws_isaacsim/moveit2_UR5/install/ur5_moveit_config/share/ur5_moveit_config/config/moveit_controllers.yaml
[0.032s] -- Up-to-date: /home/leo/ws_isaacsim/moveit2_UR5/install/ur5_moveit_config/share/ur5_moveit_config/config/pilz_cartesian_limits.yaml
[0.032s] -- Up-to-date: /home/leo/ws_isaacsim/moveit2_UR5/install/ur5_moveit_config/share/ur5_moveit_config/config/ur5.ros2_control.xacro
[0.032s] -- Installing: /home/leo/ws_isaacsim/moveit2_UR5/install/ur5_moveit_config/share/ur5_moveit_config/config/ur5.urdf
[0.032s] -- Up-to-date: /home/leo/ws_isaacsim/moveit2_UR5/install/ur5_moveit_config/share/ur5_moveit_config/config/ur5.urdf.xacro
[0.032s] -- Up-to-date: /home/leo/ws_isaacsim/moveit2_UR5/install/ur5_moveit_config/share/ur5_moveit_config/config/moveit.rviz
[0.033s] -- Up-to-date: /home/leo/ws_isaacsim/moveit2_UR5/install/ur5_moveit_config/share/ur5_moveit_config/config/ros2_controllers.yaml
[0.033s] -- Up-to-date: /home/leo/ws_isaacsim/moveit2_UR5/install/ur5_moveit_config/share/ur5_moveit_config/config/sensors_3d.yaml
[0.033s] -- Up-to-date: /home/leo/ws_isaacsim/moveit2_UR5/install/ur5_moveit_config/share/ur5_moveit_config/config/ur5
[0.033s] -- Up-to-date: /home/leo/ws_isaacsim/moveit2_UR5/install/ur5_moveit_config/share/ur5_moveit_config/config/ur5/ur5.usd
[0.033s] -- Up-to-date: /home/leo/ws_isaacsim/moveit2_UR5/install/ur5_moveit_config/share/ur5_moveit_config/config/kinematics.yaml
[0.033s] -- Up-to-date: /home/leo/ws_isaacsim/moveit2_UR5/install/ur5_moveit_config/share/ur5_moveit_config/config/joint_limits.yaml
[0.033s] -- Up-to-date: /home/leo/ws_isaacsim/moveit2_UR5/install/ur5_moveit_config/share/ur5_moveit_config/config/initial_positions.yaml
[0.033s] -- Up-to-date: /home/leo/ws_isaacsim/moveit2_UR5/install/ur5_moveit_config/share/ur5_moveit_config/.setup_assistant
[0.033s] Invoked command in '/home/leo/ws_isaacsim/moveit2_UR5/build/ur5_moveit_config' returned '0': AMENT_PREFIX_PATH=/home/leo/ws_isaacsim/moveit2_UR5/install/robot_description:${AMENT_PREFIX_PATH} CMAKE_PREFIX_PATH=/home/leo/ws_isaacsim/moveit2_UR5/install/robot_description:/home/leo/ws_isaacsim/moveit2_UR3e/install/ur3e_moveit_config:/home/leo/ws_isaacsim/moveit2_UR3e/install/robot_description:/opt/ros/humble /usr/bin/cmake --install /home/leo/ws_isaacsim/moveit2_UR5/build/ur5_moveit_config
