[0.005s] Invoking command in '/home/leo/ws_isaacsim/unitree/build/g1_moveit_config': AMENT_PREFIX_PATH=/home/leo/ws_isaacsim/unitree/install/Unitree_G1_Description:/home/leo/ws_isaacsim/unitree/install/g1_moveit_config:/opt/ros/humble CMAKE_PREFIX_PATH=${CMAKE_PREFIX_PATH}:/home/leo/ws_isaacsim/unitree/install/Unitree_G1_Description:/opt/ros/humble /usr/bin/cmake /home/leo/ws_isaacsim/unitree/src/g1_moveit_config -DCMAKE_INSTALL_PREFIX=/home/leo/ws_isaacsim/unitree/install/g1_moveit_config
[0.073s] -- The C compiler identification is GNU 11.4.0
[0.126s] -- The CXX compiler identification is GNU 11.4.0
[0.131s] -- Detecting C compiler ABI info
[0.172s] -- Detecting C compiler ABI info - done
[0.175s] -- Check for working C compiler: /usr/bin/cc - skipped
[0.176s] -- Detecting C compile features
[0.176s] -- Detecting C compile features - done
[0.178s] -- Detecting CXX compiler ABI info
[0.227s] -- Detecting CXX compiler ABI info - done
[0.230s] -- Check for working CXX compiler: /usr/bin/c++ - skipped
[0.231s] -- Detecting CXX compile features
[0.231s] -- Detecting CXX compile features - done
[0.234s] -- Found ament_cmake: 1.3.11 (/opt/ros/humble/share/ament_cmake/cmake)
[0.402s] -- Found Python3: /usr/bin/python3 (found version "3.10.12") found components: Interpreter 
[0.488s] -- Configuring done
[0.489s] -- Generating done
[0.490s] -- Build files have been written to: /home/leo/ws_isaacsim/unitree/build/g1_moveit_config
[0.492s] Invoked command in '/home/leo/ws_isaacsim/unitree/build/g1_moveit_config' returned '0': AMENT_PREFIX_PATH=/home/leo/ws_isaacsim/unitree/install/Unitree_G1_Description:/home/leo/ws_isaacsim/unitree/install/g1_moveit_config:/opt/ros/humble CMAKE_PREFIX_PATH=${CMAKE_PREFIX_PATH}:/home/leo/ws_isaacsim/unitree/install/Unitree_G1_Description:/opt/ros/humble /usr/bin/cmake /home/leo/ws_isaacsim/unitree/src/g1_moveit_config -DCMAKE_INSTALL_PREFIX=/home/leo/ws_isaacsim/unitree/install/g1_moveit_config
[0.493s] Invoking command in '/home/leo/ws_isaacsim/unitree/build/g1_moveit_config': AMENT_PREFIX_PATH=/home/leo/ws_isaacsim/unitree/install/Unitree_G1_Description:/home/leo/ws_isaacsim/unitree/install/g1_moveit_config:/opt/ros/humble CMAKE_PREFIX_PATH=${CMAKE_PREFIX_PATH}:/home/leo/ws_isaacsim/unitree/install/Unitree_G1_Description:/opt/ros/humble /usr/bin/cmake --build /home/leo/ws_isaacsim/unitree/build/g1_moveit_config -- -j32 -l32
[0.516s] Invoked command in '/home/leo/ws_isaacsim/unitree/build/g1_moveit_config' returned '0': AMENT_PREFIX_PATH=/home/leo/ws_isaacsim/unitree/install/Unitree_G1_Description:/home/leo/ws_isaacsim/unitree/install/g1_moveit_config:/opt/ros/humble CMAKE_PREFIX_PATH=${CMAKE_PREFIX_PATH}:/home/leo/ws_isaacsim/unitree/install/Unitree_G1_Description:/opt/ros/humble /usr/bin/cmake --build /home/leo/ws_isaacsim/unitree/build/g1_moveit_config -- -j32 -l32
[0.521s] Invoking command in '/home/leo/ws_isaacsim/unitree/build/g1_moveit_config': AMENT_PREFIX_PATH=/home/leo/ws_isaacsim/unitree/install/Unitree_G1_Description:/home/leo/ws_isaacsim/unitree/install/g1_moveit_config:/opt/ros/humble CMAKE_PREFIX_PATH=${CMAKE_PREFIX_PATH}:/home/leo/ws_isaacsim/unitree/install/Unitree_G1_Description:/opt/ros/humble /usr/bin/cmake --install /home/leo/ws_isaacsim/unitree/build/g1_moveit_config
[0.524s] -- Install configuration: ""
[0.524s] -- Installing: /home/leo/ws_isaacsim/unitree/install/g1_moveit_config/share/ament_index/resource_index/package_run_dependencies/g1_moveit_config
[0.524s] -- Installing: /home/leo/ws_isaacsim/unitree/install/g1_moveit_config/share/ament_index/resource_index/parent_prefix_path/g1_moveit_config
[0.524s] -- Installing: /home/leo/ws_isaacsim/unitree/install/g1_moveit_config/share/g1_moveit_config/environment/ament_prefix_path.sh
[0.525s] -- Installing: /home/leo/ws_isaacsim/unitree/install/g1_moveit_config/share/g1_moveit_config/environment/ament_prefix_path.dsv
[0.525s] -- Installing: /home/leo/ws_isaacsim/unitree/install/g1_moveit_config/share/g1_moveit_config/environment/path.sh
[0.525s] -- Installing: /home/leo/ws_isaacsim/unitree/install/g1_moveit_config/share/g1_moveit_config/environment/path.dsv
[0.525s] -- Installing: /home/leo/ws_isaacsim/unitree/install/g1_moveit_config/share/g1_moveit_config/local_setup.bash
[0.525s] -- Installing: /home/leo/ws_isaacsim/unitree/install/g1_moveit_config/share/g1_moveit_config/local_setup.sh
[0.525s] -- Installing: /home/leo/ws_isaacsim/unitree/install/g1_moveit_config/share/g1_moveit_config/local_setup.zsh
[0.525s] -- Installing: /home/leo/ws_isaacsim/unitree/install/g1_moveit_config/share/g1_moveit_config/local_setup.dsv
[0.525s] -- Installing: /home/leo/ws_isaacsim/unitree/install/g1_moveit_config/share/g1_moveit_config/package.dsv
[0.525s] -- Installing: /home/leo/ws_isaacsim/unitree/install/g1_moveit_config/share/ament_index/resource_index/packages/g1_moveit_config
[0.525s] -- Installing: /home/leo/ws_isaacsim/unitree/install/g1_moveit_config/share/g1_moveit_config/cmake/g1_moveit_configConfig.cmake
[0.525s] -- Installing: /home/leo/ws_isaacsim/unitree/install/g1_moveit_config/share/g1_moveit_config/cmake/g1_moveit_configConfig-version.cmake
[0.525s] -- Installing: /home/leo/ws_isaacsim/unitree/install/g1_moveit_config/share/g1_moveit_config/package.xml
[0.525s] -- Installing: /home/leo/ws_isaacsim/unitree/install/g1_moveit_config/share/g1_moveit_config/launch
[0.525s] -- Installing: /home/leo/ws_isaacsim/unitree/install/g1_moveit_config/share/g1_moveit_config/launch/warehouse_db.launch.py
[0.525s] -- Installing: /home/leo/ws_isaacsim/unitree/install/g1_moveit_config/share/g1_moveit_config/launch/moveit_rviz.launch.py
[0.525s] -- Installing: /home/leo/ws_isaacsim/unitree/install/g1_moveit_config/share/g1_moveit_config/launch/rsp.launch.py
[0.525s] -- Installing: /home/leo/ws_isaacsim/unitree/install/g1_moveit_config/share/g1_moveit_config/launch/static_virtual_joint_tfs.launch.py
[0.525s] -- Installing: /home/leo/ws_isaacsim/unitree/install/g1_moveit_config/share/g1_moveit_config/launch/demo.launch.py
[0.525s] -- Installing: /home/leo/ws_isaacsim/unitree/install/g1_moveit_config/share/g1_moveit_config/launch/spawn_controllers.launch.py
[0.525s] -- Installing: /home/leo/ws_isaacsim/unitree/install/g1_moveit_config/share/g1_moveit_config/launch/setup_assistant.launch.py
[0.525s] -- Installing: /home/leo/ws_isaacsim/unitree/install/g1_moveit_config/share/g1_moveit_config/launch/move_group.launch.py
[0.525s] -- Installing: /home/leo/ws_isaacsim/unitree/install/g1_moveit_config/share/g1_moveit_config/config
[0.525s] -- Installing: /home/leo/ws_isaacsim/unitree/install/g1_moveit_config/share/g1_moveit_config/config/g1_29dof_with_hand.ros2_control.xacro
[0.525s] -- Installing: /home/leo/ws_isaacsim/unitree/install/g1_moveit_config/share/g1_moveit_config/config/moveit_controllers.yaml
[0.525s] -- Installing: /home/leo/ws_isaacsim/unitree/install/g1_moveit_config/share/g1_moveit_config/config/pilz_cartesian_limits.yaml
[0.525s] -- Installing: /home/leo/ws_isaacsim/unitree/install/g1_moveit_config/share/g1_moveit_config/config/g1_29dof_with_hand.srdf
[0.525s] -- Installing: /home/leo/ws_isaacsim/unitree/install/g1_moveit_config/share/g1_moveit_config/config/moveit.rviz
[0.525s] -- Installing: /home/leo/ws_isaacsim/unitree/install/g1_moveit_config/share/g1_moveit_config/config/ros2_controllers.yaml
[0.525s] -- Installing: /home/leo/ws_isaacsim/unitree/install/g1_moveit_config/share/g1_moveit_config/config/g1_29dof_with_hand.urdf.xacro
[0.525s] -- Installing: /home/leo/ws_isaacsim/unitree/install/g1_moveit_config/share/g1_moveit_config/config/kinematics.yaml
[0.525s] -- Installing: /home/leo/ws_isaacsim/unitree/install/g1_moveit_config/share/g1_moveit_config/config/joint_limits.yaml
[0.525s] -- Installing: /home/leo/ws_isaacsim/unitree/install/g1_moveit_config/share/g1_moveit_config/config/initial_positions.yaml
[0.526s] -- Installing: /home/leo/ws_isaacsim/unitree/install/g1_moveit_config/share/g1_moveit_config/.setup_assistant
[0.526s] Invoked command in '/home/leo/ws_isaacsim/unitree/build/g1_moveit_config' returned '0': AMENT_PREFIX_PATH=/home/leo/ws_isaacsim/unitree/install/Unitree_G1_Description:/home/leo/ws_isaacsim/unitree/install/g1_moveit_config:/opt/ros/humble CMAKE_PREFIX_PATH=${CMAKE_PREFIX_PATH}:/home/leo/ws_isaacsim/unitree/install/Unitree_G1_Description:/opt/ros/humble /usr/bin/cmake --install /home/leo/ws_isaacsim/unitree/build/g1_moveit_config
