[0.063s] DEBUG:colcon:Command line arguments: ['/usr/bin/colcon', 'build']
[0.063s] DEBUG:colcon:Parsed command line arguments: Namespace(log_base=None, log_level=None, verb_name='build', build_base='build', install_base='install', merge_install=False, symlink_install=False, test_result_base=None, continue_on_error=False, executor='parallel', parallel_workers=32, event_handlers=None, ignore_user_meta=False, metas=['./colcon.meta'], base_paths=['.'], packages_ignore=None, packages_ignore_regex=None, paths=None, packages_up_to=None, packages_up_to_regex=None, packages_above=None, packages_above_and_dependencies=None, packages_above_depth=None, packages_select_by_dep=None, packages_skip_by_dep=None, packages_skip_up_to=None, packages_select_build_failed=False, packages_skip_build_finished=False, packages_select_test_failures=False, packages_skip_test_passed=False, packages_select=None, packages_skip=None, packages_select_regex=None, packages_skip_regex=None, packages_start=None, packages_end=None, allow_overriding=[], cmake_args=None, cmake_target=None, cmake_target_skip_unavailable=False, cmake_clean_cache=False, cmake_clean_first=False, cmake_force_configure=False, ament_cmake_args=None, catkin_cmake_args=None, catkin_skip_building_tests=False, verb_parser=<colcon_defaults.argument_parser.defaults.DefaultArgumentsDecorator object at 0x7e0c0d6f9d80>, verb_extension=<colcon_core.verb.build.BuildVerb object at 0x7e0c0d6f9870>, main=<bound method BuildVerb.main of <colcon_core.verb.build.BuildVerb object at 0x7e0c0d6f9870>>)
[0.099s] Level 1:colcon.colcon_core.package_discovery:discover_packages(colcon_meta) check parameters
[0.099s] Level 1:colcon.colcon_core.package_discovery:discover_packages(recursive) check parameters
[0.099s] Level 1:colcon.colcon_core.package_discovery:discover_packages(ignore) check parameters
[0.099s] Level 1:colcon.colcon_core.package_discovery:discover_packages(path) check parameters
[0.099s] Level 1:colcon.colcon_core.package_discovery:discover_packages(colcon_meta) discover
[0.099s] Level 1:colcon.colcon_core.package_discovery:discover_packages(recursive) discover
[0.099s] INFO:colcon.colcon_core.package_discovery:Crawling recursively for packages in '/home/leo/ws_isaacsim/moveit2_UR5'
[0.099s] Level 1:colcon.colcon_core.package_identification:_identify(.) by extensions ['ignore', 'ignore_ament_install']
[0.099s] Level 1:colcon.colcon_core.package_identification:_identify(.) by extension 'ignore'
[0.099s] Level 1:colcon.colcon_core.package_identification:_identify(.) by extension 'ignore_ament_install'
[0.099s] Level 1:colcon.colcon_core.package_identification:_identify(.) by extensions ['colcon_pkg']
[0.099s] Level 1:colcon.colcon_core.package_identification:_identify(.) by extension 'colcon_pkg'
[0.099s] Level 1:colcon.colcon_core.package_identification:_identify(.) by extensions ['colcon_meta']
[0.099s] Level 1:colcon.colcon_core.package_identification:_identify(.) by extension 'colcon_meta'
[0.099s] Level 1:colcon.colcon_core.package_identification:_identify(.) by extensions ['ros']
[0.099s] Level 1:colcon.colcon_core.package_identification:_identify(.) by extension 'ros'
[0.101s] Level 1:colcon.colcon_core.package_identification:_identify(.) by extensions ['cmake', 'python']
[0.101s] Level 1:colcon.colcon_core.package_identification:_identify(.) by extension 'cmake'
[0.101s] Level 1:colcon.colcon_core.package_identification:_identify(.) by extension 'python'
[0.101s] Level 1:colcon.colcon_core.package_identification:_identify(.) by extensions ['python_setup_py']
[0.101s] Level 1:colcon.colcon_core.package_identification:_identify(.) by extension 'python_setup_py'
[0.101s] Level 1:colcon.colcon_core.package_identification:_identify(build) by extensions ['ignore', 'ignore_ament_install']
[0.101s] Level 1:colcon.colcon_core.package_identification:_identify(build) by extension 'ignore'
[0.101s] Level 1:colcon.colcon_core.package_identification:_identify(build) ignored
[0.101s] Level 1:colcon.colcon_core.package_identification:_identify(install) by extensions ['ignore', 'ignore_ament_install']
[0.101s] Level 1:colcon.colcon_core.package_identification:_identify(install) by extension 'ignore'
[0.101s] Level 1:colcon.colcon_core.package_identification:_identify(install) ignored
[0.101s] Level 1:colcon.colcon_core.package_identification:_identify(log) by extensions ['ignore', 'ignore_ament_install']
[0.101s] Level 1:colcon.colcon_core.package_identification:_identify(log) by extension 'ignore'
[0.101s] Level 1:colcon.colcon_core.package_identification:_identify(log) ignored
[0.101s] Level 1:colcon.colcon_core.package_identification:_identify(src) by extensions ['ignore', 'ignore_ament_install']
[0.101s] Level 1:colcon.colcon_core.package_identification:_identify(src) by extension 'ignore'
[0.101s] Level 1:colcon.colcon_core.package_identification:_identify(src) by extension 'ignore_ament_install'
[0.101s] Level 1:colcon.colcon_core.package_identification:_identify(src) by extensions ['colcon_pkg']
[0.101s] Level 1:colcon.colcon_core.package_identification:_identify(src) by extension 'colcon_pkg'
[0.101s] Level 1:colcon.colcon_core.package_identification:_identify(src) by extensions ['colcon_meta']
[0.101s] Level 1:colcon.colcon_core.package_identification:_identify(src) by extension 'colcon_meta'
[0.101s] Level 1:colcon.colcon_core.package_identification:_identify(src) by extensions ['ros']
[0.101s] Level 1:colcon.colcon_core.package_identification:_identify(src) by extension 'ros'
[0.101s] Level 1:colcon.colcon_core.package_identification:_identify(src) by extensions ['cmake', 'python']
[0.101s] Level 1:colcon.colcon_core.package_identification:_identify(src) by extension 'cmake'
[0.101s] Level 1:colcon.colcon_core.package_identification:_identify(src) by extension 'python'
[0.101s] Level 1:colcon.colcon_core.package_identification:_identify(src) by extensions ['python_setup_py']
[0.101s] Level 1:colcon.colcon_core.package_identification:_identify(src) by extension 'python_setup_py'
[0.101s] Level 1:colcon.colcon_core.package_identification:_identify(src/robot_description) by extensions ['ignore', 'ignore_ament_install']
[0.101s] Level 1:colcon.colcon_core.package_identification:_identify(src/robot_description) by extension 'ignore'
[0.101s] Level 1:colcon.colcon_core.package_identification:_identify(src/robot_description) by extension 'ignore_ament_install'
[0.101s] Level 1:colcon.colcon_core.package_identification:_identify(src/robot_description) by extensions ['colcon_pkg']
[0.101s] Level 1:colcon.colcon_core.package_identification:_identify(src/robot_description) by extension 'colcon_pkg'
[0.101s] Level 1:colcon.colcon_core.package_identification:_identify(src/robot_description) by extensions ['colcon_meta']
[0.101s] Level 1:colcon.colcon_core.package_identification:_identify(src/robot_description) by extension 'colcon_meta'
[0.101s] Level 1:colcon.colcon_core.package_identification:_identify(src/robot_description) by extensions ['ros']
[0.101s] Level 1:colcon.colcon_core.package_identification:_identify(src/robot_description) by extension 'ros'
[0.103s] DEBUG:colcon.colcon_core.package_identification:Package 'src/robot_description' with type 'ros.ament_cmake' and name 'robot_description'
[0.103s] Level 1:colcon.colcon_core.package_identification:_identify(src/ur5_moveit_config) by extensions ['ignore', 'ignore_ament_install']
[0.103s] Level 1:colcon.colcon_core.package_identification:_identify(src/ur5_moveit_config) by extension 'ignore'
[0.103s] Level 1:colcon.colcon_core.package_identification:_identify(src/ur5_moveit_config) by extension 'ignore_ament_install'
[0.103s] Level 1:colcon.colcon_core.package_identification:_identify(src/ur5_moveit_config) by extensions ['colcon_pkg']
[0.103s] Level 1:colcon.colcon_core.package_identification:_identify(src/ur5_moveit_config) by extension 'colcon_pkg'
[0.103s] Level 1:colcon.colcon_core.package_identification:_identify(src/ur5_moveit_config) by extensions ['colcon_meta']
[0.103s] Level 1:colcon.colcon_core.package_identification:_identify(src/ur5_moveit_config) by extension 'colcon_meta'
[0.103s] Level 1:colcon.colcon_core.package_identification:_identify(src/ur5_moveit_config) by extensions ['ros']
[0.103s] Level 1:colcon.colcon_core.package_identification:_identify(src/ur5_moveit_config) by extension 'ros'
[0.103s] DEBUG:colcon.colcon_core.package_identification:Package 'src/ur5_moveit_config' with type 'ros.ament_cmake' and name 'ur5_moveit_config'
[0.103s] Level 1:colcon.colcon_core.package_discovery:discover_packages(recursive) using defaults
[0.103s] Level 1:colcon.colcon_core.package_discovery:discover_packages(ignore) discover
[0.103s] Level 1:colcon.colcon_core.package_discovery:discover_packages(ignore) using defaults
[0.103s] Level 1:colcon.colcon_core.package_discovery:discover_packages(path) discover
[0.103s] Level 1:colcon.colcon_core.package_discovery:discover_packages(path) using defaults
[0.117s] Level 1:colcon.colcon_core.package_discovery:discover_packages(prefix_path) check parameters
[0.117s] Level 1:colcon.colcon_core.package_discovery:discover_packages(prefix_path) discover
[0.119s] DEBUG:colcon.colcon_installed_package_information.package_discovery:Found 355 installed packages in /opt/ros/humble
[0.119s] Level 1:colcon.colcon_core.package_discovery:discover_packages(prefix_path) using defaults
[0.138s] Level 5:colcon.colcon_core.verb:set package 'robot_description' build argument 'cmake_args' from command line to 'None'
[0.138s] Level 5:colcon.colcon_core.verb:set package 'robot_description' build argument 'cmake_target' from command line to 'None'
[0.138s] Level 5:colcon.colcon_core.verb:set package 'robot_description' build argument 'cmake_target_skip_unavailable' from command line to 'False'
[0.138s] Level 5:colcon.colcon_core.verb:set package 'robot_description' build argument 'cmake_clean_cache' from command line to 'False'
[0.138s] Level 5:colcon.colcon_core.verb:set package 'robot_description' build argument 'cmake_clean_first' from command line to 'False'
[0.138s] Level 5:colcon.colcon_core.verb:set package 'robot_description' build argument 'cmake_force_configure' from command line to 'False'
[0.138s] Level 5:colcon.colcon_core.verb:set package 'robot_description' build argument 'ament_cmake_args' from command line to 'None'
[0.138s] Level 5:colcon.colcon_core.verb:set package 'robot_description' build argument 'catkin_cmake_args' from command line to 'None'
[0.138s] Level 5:colcon.colcon_core.verb:set package 'robot_description' build argument 'catkin_skip_building_tests' from command line to 'False'
[0.138s] DEBUG:colcon.colcon_core.verb:Building package 'robot_description' with the following arguments: {'ament_cmake_args': None, 'build_base': '/home/leo/ws_isaacsim/moveit2_UR5/build/robot_description', 'catkin_cmake_args': None, 'catkin_skip_building_tests': False, 'cmake_args': None, 'cmake_clean_cache': False, 'cmake_clean_first': False, 'cmake_force_configure': False, 'cmake_target': None, 'cmake_target_skip_unavailable': False, 'install_base': '/home/leo/ws_isaacsim/moveit2_UR5/install/robot_description', 'merge_install': False, 'path': '/home/leo/ws_isaacsim/moveit2_UR5/src/robot_description', 'symlink_install': False, 'test_result_base': None}
[0.138s] Level 5:colcon.colcon_core.verb:set package 'ur5_moveit_config' build argument 'cmake_args' from command line to 'None'
[0.138s] Level 5:colcon.colcon_core.verb:set package 'ur5_moveit_config' build argument 'cmake_target' from command line to 'None'
[0.138s] Level 5:colcon.colcon_core.verb:set package 'ur5_moveit_config' build argument 'cmake_target_skip_unavailable' from command line to 'False'
[0.138s] Level 5:colcon.colcon_core.verb:set package 'ur5_moveit_config' build argument 'cmake_clean_cache' from command line to 'False'
[0.138s] Level 5:colcon.colcon_core.verb:set package 'ur5_moveit_config' build argument 'cmake_clean_first' from command line to 'False'
[0.138s] Level 5:colcon.colcon_core.verb:set package 'ur5_moveit_config' build argument 'cmake_force_configure' from command line to 'False'
[0.138s] Level 5:colcon.colcon_core.verb:set package 'ur5_moveit_config' build argument 'ament_cmake_args' from command line to 'None'
[0.138s] Level 5:colcon.colcon_core.verb:set package 'ur5_moveit_config' build argument 'catkin_cmake_args' from command line to 'None'
[0.138s] Level 5:colcon.colcon_core.verb:set package 'ur5_moveit_config' build argument 'catkin_skip_building_tests' from command line to 'False'
[0.138s] DEBUG:colcon.colcon_core.verb:Building package 'ur5_moveit_config' with the following arguments: {'ament_cmake_args': None, 'build_base': '/home/leo/ws_isaacsim/moveit2_UR5/build/ur5_moveit_config', 'catkin_cmake_args': None, 'catkin_skip_building_tests': False, 'cmake_args': None, 'cmake_clean_cache': False, 'cmake_clean_first': False, 'cmake_force_configure': False, 'cmake_target': None, 'cmake_target_skip_unavailable': False, 'install_base': '/home/leo/ws_isaacsim/moveit2_UR5/install/ur5_moveit_config', 'merge_install': False, 'path': '/home/leo/ws_isaacsim/moveit2_UR5/src/ur5_moveit_config', 'symlink_install': False, 'test_result_base': None}
[0.138s] INFO:colcon.colcon_core.executor:Executing jobs using 'parallel' executor
[0.139s] DEBUG:colcon.colcon_parallel_executor.executor.parallel:run_until_complete
[0.139s] INFO:colcon.colcon_ros.task.ament_cmake.build:Building ROS package in '/home/leo/ws_isaacsim/moveit2_UR5/src/robot_description' with build type 'ament_cmake'
[0.139s] INFO:colcon.colcon_cmake.task.cmake.build:Building CMake package in '/home/leo/ws_isaacsim/moveit2_UR5/src/robot_description'
[0.141s] INFO:colcon.colcon_core.plugin_system:Skipping extension 'colcon_core.shell.bat': Not used on non-Windows systems
[0.141s] INFO:colcon.colcon_core.shell:Skip shell extension 'powershell' for command environment: Not usable outside of PowerShell
[0.141s] DEBUG:colcon.colcon_core.shell:Skip shell extension 'dsv' for command environment
[0.146s] DEBUG:colcon.colcon_core.event_handler.log_command:Invoking command in '/home/leo/ws_isaacsim/moveit2_UR5/build/robot_description': CMAKE_PREFIX_PATH=/opt/ros/humble /usr/bin/cmake /home/leo/ws_isaacsim/moveit2_UR5/src/robot_description -DCMAKE_INSTALL_PREFIX=/home/leo/ws_isaacsim/moveit2_UR5/install/robot_description
[0.682s] DEBUG:colcon.colcon_core.event_handler.log_command:Invoked command in '/home/leo/ws_isaacsim/moveit2_UR5/build/robot_description' returned '0': CMAKE_PREFIX_PATH=/opt/ros/humble /usr/bin/cmake /home/leo/ws_isaacsim/moveit2_UR5/src/robot_description -DCMAKE_INSTALL_PREFIX=/home/leo/ws_isaacsim/moveit2_UR5/install/robot_description
[0.683s] DEBUG:colcon.colcon_core.event_handler.log_command:Invoking command in '/home/leo/ws_isaacsim/moveit2_UR5/build/robot_description': CMAKE_PREFIX_PATH=/opt/ros/humble /usr/bin/cmake --build /home/leo/ws_isaacsim/moveit2_UR5/build/robot_description -- -j32 -l32
[0.701s] DEBUG:colcon.colcon_core.event_handler.log_command:Invoked command in '/home/leo/ws_isaacsim/moveit2_UR5/build/robot_description' returned '0': CMAKE_PREFIX_PATH=/opt/ros/humble /usr/bin/cmake --build /home/leo/ws_isaacsim/moveit2_UR5/build/robot_description -- -j32 -l32
[0.706s] DEBUG:colcon.colcon_core.event_handler.log_command:Invoking command in '/home/leo/ws_isaacsim/moveit2_UR5/build/robot_description': CMAKE_PREFIX_PATH=/opt/ros/humble /usr/bin/cmake --install /home/leo/ws_isaacsim/moveit2_UR5/build/robot_description
[0.732s] Level 1:colcon.colcon_core.environment:create_environment_scripts_only(robot_description)
[0.732s] DEBUG:colcon.colcon_core.event_handler.log_command:Invoked command in '/home/leo/ws_isaacsim/moveit2_UR5/build/robot_description' returned '0': CMAKE_PREFIX_PATH=/opt/ros/humble /usr/bin/cmake --install /home/leo/ws_isaacsim/moveit2_UR5/build/robot_description
[0.735s] Level 1:colcon.colcon_core.environment:checking '/home/leo/ws_isaacsim/moveit2_UR5/install/robot_description' for CMake module files
[0.735s] Level 1:colcon.colcon_core.environment:checking '/home/leo/ws_isaacsim/moveit2_UR5/install/robot_description' for CMake config files
[0.735s] Level 1:colcon.colcon_core.shell:create_environment_hook('robot_description', 'cmake_prefix_path')
[0.735s] INFO:colcon.colcon_core.shell:Creating environment hook '/home/leo/ws_isaacsim/moveit2_UR5/install/robot_description/share/robot_description/hook/cmake_prefix_path.ps1'
[0.736s] INFO:colcon.colcon_core.shell:Creating environment descriptor '/home/leo/ws_isaacsim/moveit2_UR5/install/robot_description/share/robot_description/hook/cmake_prefix_path.dsv'
[0.736s] INFO:colcon.colcon_core.shell:Creating environment hook '/home/leo/ws_isaacsim/moveit2_UR5/install/robot_description/share/robot_description/hook/cmake_prefix_path.sh'
[0.736s] Level 1:colcon.colcon_core.environment:checking '/home/leo/ws_isaacsim/moveit2_UR5/install/robot_description/bin'
[0.736s] Level 1:colcon.colcon_core.environment:checking '/home/leo/ws_isaacsim/moveit2_UR5/install/robot_description/lib/pkgconfig/robot_description.pc'
[0.736s] Level 1:colcon.colcon_core.environment:checking '/home/leo/ws_isaacsim/moveit2_UR5/install/robot_description/lib/python3.10/site-packages'
[0.737s] Level 1:colcon.colcon_core.environment:checking '/home/leo/ws_isaacsim/moveit2_UR5/install/robot_description/bin'
[0.737s] INFO:colcon.colcon_core.shell:Creating package script '/home/leo/ws_isaacsim/moveit2_UR5/install/robot_description/share/robot_description/package.ps1'
[0.737s] INFO:colcon.colcon_core.shell:Creating package descriptor '/home/leo/ws_isaacsim/moveit2_UR5/install/robot_description/share/robot_description/package.dsv'
[0.737s] INFO:colcon.colcon_core.shell:Creating package script '/home/leo/ws_isaacsim/moveit2_UR5/install/robot_description/share/robot_description/package.sh'
[0.738s] INFO:colcon.colcon_core.shell:Creating package script '/home/leo/ws_isaacsim/moveit2_UR5/install/robot_description/share/robot_description/package.bash'
[0.738s] INFO:colcon.colcon_core.shell:Creating package script '/home/leo/ws_isaacsim/moveit2_UR5/install/robot_description/share/robot_description/package.zsh'
[0.738s] Level 1:colcon.colcon_core.environment:create_file_with_runtime_dependencies(/home/leo/ws_isaacsim/moveit2_UR5/install/robot_description/share/colcon-core/packages/robot_description)
[0.739s] Level 1:colcon.colcon_core.environment:create_environment_scripts_only(robot_description)
[0.739s] Level 1:colcon.colcon_core.environment:checking '/home/leo/ws_isaacsim/moveit2_UR5/install/robot_description' for CMake module files
[0.739s] Level 1:colcon.colcon_core.environment:checking '/home/leo/ws_isaacsim/moveit2_UR5/install/robot_description' for CMake config files
[0.739s] Level 1:colcon.colcon_core.shell:create_environment_hook('robot_description', 'cmake_prefix_path')
[0.739s] INFO:colcon.colcon_core.shell:Creating environment hook '/home/leo/ws_isaacsim/moveit2_UR5/install/robot_description/share/robot_description/hook/cmake_prefix_path.ps1'
[0.739s] INFO:colcon.colcon_core.shell:Creating environment descriptor '/home/leo/ws_isaacsim/moveit2_UR5/install/robot_description/share/robot_description/hook/cmake_prefix_path.dsv'
[0.740s] INFO:colcon.colcon_core.shell:Creating environment hook '/home/leo/ws_isaacsim/moveit2_UR5/install/robot_description/share/robot_description/hook/cmake_prefix_path.sh'
[0.740s] Level 1:colcon.colcon_core.environment:checking '/home/leo/ws_isaacsim/moveit2_UR5/install/robot_description/bin'
[0.740s] Level 1:colcon.colcon_core.environment:checking '/home/leo/ws_isaacsim/moveit2_UR5/install/robot_description/lib/pkgconfig/robot_description.pc'
[0.740s] Level 1:colcon.colcon_core.environment:checking '/home/leo/ws_isaacsim/moveit2_UR5/install/robot_description/lib/python3.10/site-packages'
[0.740s] Level 1:colcon.colcon_core.environment:checking '/home/leo/ws_isaacsim/moveit2_UR5/install/robot_description/bin'
[0.740s] INFO:colcon.colcon_core.shell:Creating package script '/home/leo/ws_isaacsim/moveit2_UR5/install/robot_description/share/robot_description/package.ps1'
[0.740s] INFO:colcon.colcon_core.shell:Creating package descriptor '/home/leo/ws_isaacsim/moveit2_UR5/install/robot_description/share/robot_description/package.dsv'
[0.740s] INFO:colcon.colcon_core.shell:Creating package script '/home/leo/ws_isaacsim/moveit2_UR5/install/robot_description/share/robot_description/package.sh'
[0.741s] INFO:colcon.colcon_core.shell:Creating package script '/home/leo/ws_isaacsim/moveit2_UR5/install/robot_description/share/robot_description/package.bash'
[0.741s] INFO:colcon.colcon_core.shell:Creating package script '/home/leo/ws_isaacsim/moveit2_UR5/install/robot_description/share/robot_description/package.zsh'
[0.741s] Level 1:colcon.colcon_core.environment:create_file_with_runtime_dependencies(/home/leo/ws_isaacsim/moveit2_UR5/install/robot_description/share/colcon-core/packages/robot_description)
[0.741s] INFO:colcon.colcon_ros.task.ament_cmake.build:Building ROS package in '/home/leo/ws_isaacsim/moveit2_UR5/src/ur5_moveit_config' with build type 'ament_cmake'
[0.741s] INFO:colcon.colcon_cmake.task.cmake.build:Building CMake package in '/home/leo/ws_isaacsim/moveit2_UR5/src/ur5_moveit_config'
[0.741s] INFO:colcon.colcon_core.shell:Skip shell extension 'powershell' for command environment: Not usable outside of PowerShell
[0.741s] DEBUG:colcon.colcon_core.shell:Skip shell extension 'dsv' for command environment
[0.745s] DEBUG:colcon.colcon_core.event_handler.log_command:Invoking command in '/home/leo/ws_isaacsim/moveit2_UR5/build/ur5_moveit_config': AMENT_PREFIX_PATH=/home/leo/ws_isaacsim/moveit2_UR5/install/robot_description:${AMENT_PREFIX_PATH} CMAKE_PREFIX_PATH=/home/leo/ws_isaacsim/moveit2_UR5/install/robot_description:/opt/ros/humble /usr/bin/cmake /home/leo/ws_isaacsim/moveit2_UR5/src/ur5_moveit_config -DCMAKE_INSTALL_PREFIX=/home/leo/ws_isaacsim/moveit2_UR5/install/ur5_moveit_config
[1.152s] DEBUG:colcon.colcon_core.event_handler.log_command:Invoked command in '/home/leo/ws_isaacsim/moveit2_UR5/build/ur5_moveit_config' returned '0': AMENT_PREFIX_PATH=/home/leo/ws_isaacsim/moveit2_UR5/install/robot_description:${AMENT_PREFIX_PATH} CMAKE_PREFIX_PATH=/home/leo/ws_isaacsim/moveit2_UR5/install/robot_description:/opt/ros/humble /usr/bin/cmake /home/leo/ws_isaacsim/moveit2_UR5/src/ur5_moveit_config -DCMAKE_INSTALL_PREFIX=/home/leo/ws_isaacsim/moveit2_UR5/install/ur5_moveit_config
[1.153s] DEBUG:colcon.colcon_core.event_handler.log_command:Invoking command in '/home/leo/ws_isaacsim/moveit2_UR5/build/ur5_moveit_config': AMENT_PREFIX_PATH=/home/leo/ws_isaacsim/moveit2_UR5/install/robot_description:${AMENT_PREFIX_PATH} CMAKE_PREFIX_PATH=/home/leo/ws_isaacsim/moveit2_UR5/install/robot_description:/opt/ros/humble /usr/bin/cmake --build /home/leo/ws_isaacsim/moveit2_UR5/build/ur5_moveit_config -- -j32 -l32
[1.173s] DEBUG:colcon.colcon_core.event_handler.log_command:Invoked command in '/home/leo/ws_isaacsim/moveit2_UR5/build/ur5_moveit_config' returned '0': AMENT_PREFIX_PATH=/home/leo/ws_isaacsim/moveit2_UR5/install/robot_description:${AMENT_PREFIX_PATH} CMAKE_PREFIX_PATH=/home/leo/ws_isaacsim/moveit2_UR5/install/robot_description:/opt/ros/humble /usr/bin/cmake --build /home/leo/ws_isaacsim/moveit2_UR5/build/ur5_moveit_config -- -j32 -l32
[1.174s] DEBUG:colcon.colcon_core.event_handler.log_command:Invoking command in '/home/leo/ws_isaacsim/moveit2_UR5/build/ur5_moveit_config': AMENT_PREFIX_PATH=/home/leo/ws_isaacsim/moveit2_UR5/install/robot_description:${AMENT_PREFIX_PATH} CMAKE_PREFIX_PATH=/home/leo/ws_isaacsim/moveit2_UR5/install/robot_description:/opt/ros/humble /usr/bin/cmake --install /home/leo/ws_isaacsim/moveit2_UR5/build/ur5_moveit_config
[1.190s] Level 1:colcon.colcon_core.environment:create_environment_scripts_only(ur5_moveit_config)
[1.190s] Level 1:colcon.colcon_core.environment:checking '/home/leo/ws_isaacsim/moveit2_UR5/install/ur5_moveit_config' for CMake module files
[1.190s] DEBUG:colcon.colcon_core.event_handler.log_command:Invoked command in '/home/leo/ws_isaacsim/moveit2_UR5/build/ur5_moveit_config' returned '0': AMENT_PREFIX_PATH=/home/leo/ws_isaacsim/moveit2_UR5/install/robot_description:${AMENT_PREFIX_PATH} CMAKE_PREFIX_PATH=/home/leo/ws_isaacsim/moveit2_UR5/install/robot_description:/opt/ros/humble /usr/bin/cmake --install /home/leo/ws_isaacsim/moveit2_UR5/build/ur5_moveit_config
[1.191s] Level 1:colcon.colcon_core.environment:checking '/home/leo/ws_isaacsim/moveit2_UR5/install/ur5_moveit_config' for CMake config files
[1.191s] Level 1:colcon.colcon_core.shell:create_environment_hook('ur5_moveit_config', 'cmake_prefix_path')
[1.191s] INFO:colcon.colcon_core.shell:Creating environment hook '/home/leo/ws_isaacsim/moveit2_UR5/install/ur5_moveit_config/share/ur5_moveit_config/hook/cmake_prefix_path.ps1'
[1.191s] INFO:colcon.colcon_core.shell:Creating environment descriptor '/home/leo/ws_isaacsim/moveit2_UR5/install/ur5_moveit_config/share/ur5_moveit_config/hook/cmake_prefix_path.dsv'
[1.191s] INFO:colcon.colcon_core.shell:Creating environment hook '/home/leo/ws_isaacsim/moveit2_UR5/install/ur5_moveit_config/share/ur5_moveit_config/hook/cmake_prefix_path.sh'
[1.191s] Level 1:colcon.colcon_core.environment:checking '/home/leo/ws_isaacsim/moveit2_UR5/install/ur5_moveit_config/bin'
[1.191s] Level 1:colcon.colcon_core.environment:checking '/home/leo/ws_isaacsim/moveit2_UR5/install/ur5_moveit_config/lib/pkgconfig/ur5_moveit_config.pc'
[1.191s] Level 1:colcon.colcon_core.environment:checking '/home/leo/ws_isaacsim/moveit2_UR5/install/ur5_moveit_config/lib/python3.10/site-packages'
[1.192s] Level 1:colcon.colcon_core.environment:checking '/home/leo/ws_isaacsim/moveit2_UR5/install/ur5_moveit_config/bin'
[1.192s] INFO:colcon.colcon_core.shell:Creating package script '/home/leo/ws_isaacsim/moveit2_UR5/install/ur5_moveit_config/share/ur5_moveit_config/package.ps1'
[1.192s] INFO:colcon.colcon_core.shell:Creating package descriptor '/home/leo/ws_isaacsim/moveit2_UR5/install/ur5_moveit_config/share/ur5_moveit_config/package.dsv'
[1.192s] INFO:colcon.colcon_core.shell:Creating package script '/home/leo/ws_isaacsim/moveit2_UR5/install/ur5_moveit_config/share/ur5_moveit_config/package.sh'
[1.192s] INFO:colcon.colcon_core.shell:Creating package script '/home/leo/ws_isaacsim/moveit2_UR5/install/ur5_moveit_config/share/ur5_moveit_config/package.bash'
[1.192s] INFO:colcon.colcon_core.shell:Creating package script '/home/leo/ws_isaacsim/moveit2_UR5/install/ur5_moveit_config/share/ur5_moveit_config/package.zsh'
[1.192s] Level 1:colcon.colcon_core.environment:create_file_with_runtime_dependencies(/home/leo/ws_isaacsim/moveit2_UR5/install/ur5_moveit_config/share/colcon-core/packages/ur5_moveit_config)
[1.192s] Level 1:colcon.colcon_core.environment:create_environment_scripts_only(ur5_moveit_config)
[1.193s] Level 1:colcon.colcon_core.environment:checking '/home/leo/ws_isaacsim/moveit2_UR5/install/ur5_moveit_config' for CMake module files
[1.193s] Level 1:colcon.colcon_core.environment:checking '/home/leo/ws_isaacsim/moveit2_UR5/install/ur5_moveit_config' for CMake config files
[1.193s] Level 1:colcon.colcon_core.shell:create_environment_hook('ur5_moveit_config', 'cmake_prefix_path')
[1.193s] INFO:colcon.colcon_core.shell:Creating environment hook '/home/leo/ws_isaacsim/moveit2_UR5/install/ur5_moveit_config/share/ur5_moveit_config/hook/cmake_prefix_path.ps1'
[1.193s] INFO:colcon.colcon_core.shell:Creating environment descriptor '/home/leo/ws_isaacsim/moveit2_UR5/install/ur5_moveit_config/share/ur5_moveit_config/hook/cmake_prefix_path.dsv'
[1.193s] INFO:colcon.colcon_core.shell:Creating environment hook '/home/leo/ws_isaacsim/moveit2_UR5/install/ur5_moveit_config/share/ur5_moveit_config/hook/cmake_prefix_path.sh'
[1.193s] Level 1:colcon.colcon_core.environment:checking '/home/leo/ws_isaacsim/moveit2_UR5/install/ur5_moveit_config/bin'
[1.193s] Level 1:colcon.colcon_core.environment:checking '/home/leo/ws_isaacsim/moveit2_UR5/install/ur5_moveit_config/lib/pkgconfig/ur5_moveit_config.pc'
[1.193s] Level 1:colcon.colcon_core.environment:checking '/home/leo/ws_isaacsim/moveit2_UR5/install/ur5_moveit_config/lib/python3.10/site-packages'
[1.194s] Level 1:colcon.colcon_core.environment:checking '/home/leo/ws_isaacsim/moveit2_UR5/install/ur5_moveit_config/bin'
[1.194s] INFO:colcon.colcon_core.shell:Creating package script '/home/leo/ws_isaacsim/moveit2_UR5/install/ur5_moveit_config/share/ur5_moveit_config/package.ps1'
[1.194s] INFO:colcon.colcon_core.shell:Creating package descriptor '/home/leo/ws_isaacsim/moveit2_UR5/install/ur5_moveit_config/share/ur5_moveit_config/package.dsv'
[1.194s] INFO:colcon.colcon_core.shell:Creating package script '/home/leo/ws_isaacsim/moveit2_UR5/install/ur5_moveit_config/share/ur5_moveit_config/package.sh'
[1.194s] INFO:colcon.colcon_core.shell:Creating package script '/home/leo/ws_isaacsim/moveit2_UR5/install/ur5_moveit_config/share/ur5_moveit_config/package.bash'
[1.194s] INFO:colcon.colcon_core.shell:Creating package script '/home/leo/ws_isaacsim/moveit2_UR5/install/ur5_moveit_config/share/ur5_moveit_config/package.zsh'
[1.194s] Level 1:colcon.colcon_core.environment:create_file_with_runtime_dependencies(/home/leo/ws_isaacsim/moveit2_UR5/install/ur5_moveit_config/share/colcon-core/packages/ur5_moveit_config)
[1.194s] DEBUG:colcon.colcon_parallel_executor.executor.parallel:closing loop
[1.195s] DEBUG:colcon.colcon_parallel_executor.executor.parallel:loop closed
[1.195s] DEBUG:colcon.colcon_parallel_executor.executor.parallel:run_until_complete finished with '0'
[1.195s] DEBUG:colcon.colcon_core.event_reactor:joining thread
[1.197s] INFO:colcon.colcon_core.plugin_system:Skipping extension 'colcon_notification.desktop_notification.terminal_notifier': Not used on non-Darwin systems
[1.197s] INFO:colcon.colcon_core.plugin_system:Skipping extension 'colcon_notification.desktop_notification.win32': Not used on non-Windows systems
[1.197s] INFO:colcon.colcon_notification.desktop_notification:Sending desktop notification using 'notify2'
[1.203s] DEBUG:colcon.colcon_core.event_reactor:joined thread
[1.203s] INFO:colcon.colcon_core.shell:Creating prefix script '/home/leo/ws_isaacsim/moveit2_UR5/install/local_setup.ps1'
[1.204s] INFO:colcon.colcon_core.shell:Creating prefix util module '/home/leo/ws_isaacsim/moveit2_UR5/install/_local_setup_util_ps1.py'
[1.204s] INFO:colcon.colcon_core.shell:Creating prefix chain script '/home/leo/ws_isaacsim/moveit2_UR5/install/setup.ps1'
[1.205s] INFO:colcon.colcon_core.shell:Creating prefix script '/home/leo/ws_isaacsim/moveit2_UR5/install/local_setup.sh'
[1.205s] INFO:colcon.colcon_core.shell:Creating prefix util module '/home/leo/ws_isaacsim/moveit2_UR5/install/_local_setup_util_sh.py'
[1.205s] INFO:colcon.colcon_core.shell:Creating prefix chain script '/home/leo/ws_isaacsim/moveit2_UR5/install/setup.sh'
[1.206s] INFO:colcon.colcon_core.shell:Creating prefix script '/home/leo/ws_isaacsim/moveit2_UR5/install/local_setup.bash'
[1.206s] INFO:colcon.colcon_core.shell:Creating prefix chain script '/home/leo/ws_isaacsim/moveit2_UR5/install/setup.bash'
[1.206s] INFO:colcon.colcon_core.shell:Creating prefix script '/home/leo/ws_isaacsim/moveit2_UR5/install/local_setup.zsh'
[1.207s] INFO:colcon.colcon_core.shell:Creating prefix chain script '/home/leo/ws_isaacsim/moveit2_UR5/install/setup.zsh'
