[0.004s] Invoking command in '/home/leo/ws_isaacsim/moveit2_UR3e/build/ur3e_moveit_config': AMENT_PREFIX_PATH=/home/leo/ws_isaacsim/moveit2_UR3e/install/robot_description:${AMENT_PREFIX_PATH} CMAKE_PREFIX_PATH=/home/leo/ws_isaacsim/moveit2_UR3e/install/robot_description:/opt/ros/humble /usr/bin/cmake /home/leo/ws_isaacsim/moveit2_UR3e/src/ur3e_moveit_config -DCMAKE_INSTALL_PREFIX=/home/leo/ws_isaacsim/moveit2_UR3e/install/ur3e_moveit_config
[0.038s] -- The C compiler identification is GNU 11.4.0
[0.065s] -- The CXX compiler identification is GNU 11.4.0
[0.068s] -- Detecting C compiler ABI info
[0.104s] -- Detecting C compiler ABI info - done
[0.108s] -- Check for working C compiler: /usr/bin/cc - skipped
[0.108s] -- Detecting C compile features
[0.108s] -- Detecting C compile features - done
[0.109s] -- Detecting CXX compiler ABI info
[0.156s] -- Detecting CXX compiler ABI info - done
[0.160s] -- Check for working CXX compiler: /usr/bin/c++ - skipped
[0.160s] -- Detecting CXX compile features
[0.160s] -- Detecting CXX compile features - done
[0.161s] -- Found ament_cmake: 1.3.11 (/opt/ros/humble/share/ament_cmake/cmake)
[0.341s] -- Found Python3: /usr/bin/python3 (found version "3.10.12") found components: Interpreter 
[0.412s] -- Configuring done
[0.413s] -- Generating done
[0.414s] -- Build files have been written to: /home/leo/ws_isaacsim/moveit2_UR3e/build/ur3e_moveit_config
[0.416s] Invoked command in '/home/leo/ws_isaacsim/moveit2_UR3e/build/ur3e_moveit_config' returned '0': AMENT_PREFIX_PATH=/home/leo/ws_isaacsim/moveit2_UR3e/install/robot_description:${AMENT_PREFIX_PATH} CMAKE_PREFIX_PATH=/home/leo/ws_isaacsim/moveit2_UR3e/install/robot_description:/opt/ros/humble /usr/bin/cmake /home/leo/ws_isaacsim/moveit2_UR3e/src/ur3e_moveit_config -DCMAKE_INSTALL_PREFIX=/home/leo/ws_isaacsim/moveit2_UR3e/install/ur3e_moveit_config
[0.417s] Invoking command in '/home/leo/ws_isaacsim/moveit2_UR3e/build/ur3e_moveit_config': AMENT_PREFIX_PATH=/home/leo/ws_isaacsim/moveit2_UR3e/install/robot_description:${AMENT_PREFIX_PATH} CMAKE_PREFIX_PATH=/home/leo/ws_isaacsim/moveit2_UR3e/install/robot_description:/opt/ros/humble /usr/bin/cmake --build /home/leo/ws_isaacsim/moveit2_UR3e/build/ur3e_moveit_config -- -j32 -l32
[0.439s] Invoked command in '/home/leo/ws_isaacsim/moveit2_UR3e/build/ur3e_moveit_config' returned '0': AMENT_PREFIX_PATH=/home/leo/ws_isaacsim/moveit2_UR3e/install/robot_description:${AMENT_PREFIX_PATH} CMAKE_PREFIX_PATH=/home/leo/ws_isaacsim/moveit2_UR3e/install/robot_description:/opt/ros/humble /usr/bin/cmake --build /home/leo/ws_isaacsim/moveit2_UR3e/build/ur3e_moveit_config -- -j32 -l32
[0.440s] Invoking command in '/home/leo/ws_isaacsim/moveit2_UR3e/build/ur3e_moveit_config': AMENT_PREFIX_PATH=/home/leo/ws_isaacsim/moveit2_UR3e/install/robot_description:${AMENT_PREFIX_PATH} CMAKE_PREFIX_PATH=/home/leo/ws_isaacsim/moveit2_UR3e/install/robot_description:/opt/ros/humble /usr/bin/cmake --install /home/leo/ws_isaacsim/moveit2_UR3e/build/ur3e_moveit_config
[0.443s] -- Install configuration: ""
[0.443s] -- Installing: /home/leo/ws_isaacsim/moveit2_UR3e/install/ur3e_moveit_config/share/ament_index/resource_index/package_run_dependencies/ur3e_moveit_config
[0.443s] -- Installing: /home/leo/ws_isaacsim/moveit2_UR3e/install/ur3e_moveit_config/share/ament_index/resource_index/parent_prefix_path/ur3e_moveit_config
[0.443s] -- Installing: /home/leo/ws_isaacsim/moveit2_UR3e/install/ur3e_moveit_config/share/ur3e_moveit_config/environment/ament_prefix_path.sh
[0.443s] -- Installing: /home/leo/ws_isaacsim/moveit2_UR3e/install/ur3e_moveit_config/share/ur3e_moveit_config/environment/ament_prefix_path.dsv
[0.443s] -- Installing: /home/leo/ws_isaacsim/moveit2_UR3e/install/ur3e_moveit_config/share/ur3e_moveit_config/environment/path.sh
[0.443s] -- Installing: /home/leo/ws_isaacsim/moveit2_UR3e/install/ur3e_moveit_config/share/ur3e_moveit_config/environment/path.dsv
[0.444s] -- Installing: /home/leo/ws_isaacsim/moveit2_UR3e/install/ur3e_moveit_config/share/ur3e_moveit_config/local_setup.bash
[0.444s] -- Installing: /home/leo/ws_isaacsim/moveit2_UR3e/install/ur3e_moveit_config/share/ur3e_moveit_config/local_setup.sh
[0.444s] -- Installing: /home/leo/ws_isaacsim/moveit2_UR3e/install/ur3e_moveit_config/share/ur3e_moveit_config/local_setup.zsh
[0.444s] -- Installing: /home/leo/ws_isaacsim/moveit2_UR3e/install/ur3e_moveit_config/share/ur3e_moveit_config/local_setup.dsv
[0.444s] -- Installing: /home/leo/ws_isaacsim/moveit2_UR3e/install/ur3e_moveit_config/share/ur3e_moveit_config/package.dsv
[0.444s] -- Installing: /home/leo/ws_isaacsim/moveit2_UR3e/install/ur3e_moveit_config/share/ament_index/resource_index/packages/ur3e_moveit_config
[0.444s] -- Installing: /home/leo/ws_isaacsim/moveit2_UR3e/install/ur3e_moveit_config/share/ur3e_moveit_config/cmake/ur3e_moveit_configConfig.cmake
[0.444s] -- Installing: /home/leo/ws_isaacsim/moveit2_UR3e/install/ur3e_moveit_config/share/ur3e_moveit_config/cmake/ur3e_moveit_configConfig-version.cmake
[0.444s] -- Installing: /home/leo/ws_isaacsim/moveit2_UR3e/install/ur3e_moveit_config/share/ur3e_moveit_config/package.xml
[0.444s] -- Installing: /home/leo/ws_isaacsim/moveit2_UR3e/install/ur3e_moveit_config/share/ur3e_moveit_config/launch
[0.444s] -- Installing: /home/leo/ws_isaacsim/moveit2_UR3e/install/ur3e_moveit_config/share/ur3e_moveit_config/launch/warehouse_db.launch.py
[0.444s] -- Installing: /home/leo/ws_isaacsim/moveit2_UR3e/install/ur3e_moveit_config/share/ur3e_moveit_config/launch/moveit_rviz.launch.py
[0.444s] -- Installing: /home/leo/ws_isaacsim/moveit2_UR3e/install/ur3e_moveit_config/share/ur3e_moveit_config/launch/rsp.launch.py
[0.445s] -- Installing: /home/leo/ws_isaacsim/moveit2_UR3e/install/ur3e_moveit_config/share/ur3e_moveit_config/launch/static_virtual_joint_tfs.launch.py
[0.445s] -- Installing: /home/leo/ws_isaacsim/moveit2_UR3e/install/ur3e_moveit_config/share/ur3e_moveit_config/launch/demo.launch.py
[0.445s] -- Installing: /home/leo/ws_isaacsim/moveit2_UR3e/install/ur3e_moveit_config/share/ur3e_moveit_config/launch/spawn_controllers.launch.py
[0.445s] -- Installing: /home/leo/ws_isaacsim/moveit2_UR3e/install/ur3e_moveit_config/share/ur3e_moveit_config/launch/setup_assistant.launch.py
[0.445s] -- Installing: /home/leo/ws_isaacsim/moveit2_UR3e/install/ur3e_moveit_config/share/ur3e_moveit_config/launch/move_group.launch.py
[0.445s] -- Installing: /home/leo/ws_isaacsim/moveit2_UR3e/install/ur3e_moveit_config/share/ur3e_moveit_config/config
[0.445s] -- Installing: /home/leo/ws_isaacsim/moveit2_UR3e/install/ur3e_moveit_config/share/ur3e_moveit_config/config/ur3e_egh80.usd
[0.445s] -- Installing: /home/leo/ws_isaacsim/moveit2_UR3e/install/ur3e_moveit_config/share/ur3e_moveit_config/config/moveit_controllers.yaml
[0.445s] -- Installing: /home/leo/ws_isaacsim/moveit2_UR3e/install/ur3e_moveit_config/share/ur3e_moveit_config/config/pilz_cartesian_limits.yaml
[0.445s] -- Installing: /home/leo/ws_isaacsim/moveit2_UR3e/install/ur3e_moveit_config/share/ur3e_moveit_config/config/ur3e_egh80.urdf.xacro
[0.445s] -- Installing: /home/leo/ws_isaacsim/moveit2_UR3e/install/ur3e_moveit_config/share/ur3e_moveit_config/config/.thumbs
[0.445s] -- Installing: /home/leo/ws_isaacsim/moveit2_UR3e/install/ur3e_moveit_config/share/ur3e_moveit_config/config/.thumbs/256x256
[0.445s] -- Installing: /home/leo/ws_isaacsim/moveit2_UR3e/install/ur3e_moveit_config/share/ur3e_moveit_config/config/.thumbs/256x256/ur3e_egh80.usd.png
[0.445s] -- Installing: /home/leo/ws_isaacsim/moveit2_UR3e/install/ur3e_moveit_config/share/ur3e_moveit_config/config/ur3e_egh80
[0.445s] -- Installing: /home/leo/ws_isaacsim/moveit2_UR3e/install/ur3e_moveit_config/share/ur3e_moveit_config/config/ur3e_egh80/ur3e_egh80.usd
[0.445s] -- Installing: /home/leo/ws_isaacsim/moveit2_UR3e/install/ur3e_moveit_config/share/ur3e_moveit_config/config/ur3e_egh80/configuration
[0.445s] -- Installing: /home/leo/ws_isaacsim/moveit2_UR3e/install/ur3e_moveit_config/share/ur3e_moveit_config/config/ur3e_egh80/configuration/ur3e_egh80_base.usd
[0.452s] -- Installing: /home/leo/ws_isaacsim/moveit2_UR3e/install/ur3e_moveit_config/share/ur3e_moveit_config/config/ur3e_egh80/configuration/ur3e_egh80.usd
[0.452s] -- Installing: /home/leo/ws_isaacsim/moveit2_UR3e/install/ur3e_moveit_config/share/ur3e_moveit_config/config/ur3e_egh80/configuration/ur3e_egh80_physics.usd
[0.452s] -- Installing: /home/leo/ws_isaacsim/moveit2_UR3e/install/ur3e_moveit_config/share/ur3e_moveit_config/config/ur3e_egh80/configuration/.thumbs
[0.452s] -- Installing: /home/leo/ws_isaacsim/moveit2_UR3e/install/ur3e_moveit_config/share/ur3e_moveit_config/config/ur3e_egh80/configuration/.thumbs/256x256
[0.452s] -- Installing: /home/leo/ws_isaacsim/moveit2_UR3e/install/ur3e_moveit_config/share/ur3e_moveit_config/config/ur3e_egh80/configuration/.thumbs/256x256/ur3e_egh80.usd.png
[0.452s] -- Installing: /home/leo/ws_isaacsim/moveit2_UR3e/install/ur3e_moveit_config/share/ur3e_moveit_config/config/ur3e_egh80/configuration/ur3e_egh80_sensor.usd
[0.452s] -- Installing: /home/leo/ws_isaacsim/moveit2_UR3e/install/ur3e_moveit_config/share/ur3e_moveit_config/config/moveit.rviz
[0.452s] -- Installing: /home/leo/ws_isaacsim/moveit2_UR3e/install/ur3e_moveit_config/share/ur3e_moveit_config/config/ros2_controllers.yaml
[0.452s] -- Installing: /home/leo/ws_isaacsim/moveit2_UR3e/install/ur3e_moveit_config/share/ur3e_moveit_config/config/ur3e_egh80.srdf
[0.452s] -- Installing: /home/leo/ws_isaacsim/moveit2_UR3e/install/ur3e_moveit_config/share/ur3e_moveit_config/config/kinematics.yaml
[0.452s] -- Installing: /home/leo/ws_isaacsim/moveit2_UR3e/install/ur3e_moveit_config/share/ur3e_moveit_config/config/joint_limits.yaml
[0.452s] -- Installing: /home/leo/ws_isaacsim/moveit2_UR3e/install/ur3e_moveit_config/share/ur3e_moveit_config/config/ur3e_egh80.ros2_control.xacro
[0.452s] -- Installing: /home/leo/ws_isaacsim/moveit2_UR3e/install/ur3e_moveit_config/share/ur3e_moveit_config/config/initial_positions.yaml
[0.452s] -- Installing: /home/leo/ws_isaacsim/moveit2_UR3e/install/ur3e_moveit_config/share/ur3e_moveit_config/config/ur3e_egh80.urdf
[0.452s] -- Installing: /home/leo/ws_isaacsim/moveit2_UR3e/install/ur3e_moveit_config/share/ur3e_moveit_config/.setup_assistant
[0.454s] Invoked command in '/home/leo/ws_isaacsim/moveit2_UR3e/build/ur3e_moveit_config' returned '0': AMENT_PREFIX_PATH=/home/leo/ws_isaacsim/moveit2_UR3e/install/robot_description:${AMENT_PREFIX_PATH} CMAKE_PREFIX_PATH=/home/leo/ws_isaacsim/moveit2_UR3e/install/robot_description:/opt/ros/humble /usr/bin/cmake --install /home/leo/ws_isaacsim/moveit2_UR3e/build/ur3e_moveit_config
