[0.047s] DEBUG:colcon:Command line arguments: ['/usr/bin/colcon', 'build']
[0.047s] DEBUG:colcon:Parsed command line arguments: Namespace(log_base=None, log_level=None, verb_name='build', build_base='build', install_base='install', merge_install=False, symlink_install=False, test_result_base=None, continue_on_error=False, executor='parallel', parallel_workers=32, event_handlers=None, ignore_user_meta=False, metas=['./colcon.meta'], base_paths=['.'], packages_ignore=None, packages_ignore_regex=None, paths=None, packages_up_to=None, packages_up_to_regex=None, packages_above=None, packages_above_and_dependencies=None, packages_above_depth=None, packages_select_by_dep=None, packages_skip_by_dep=None, packages_skip_up_to=None, packages_select_build_failed=False, packages_skip_build_finished=False, packages_select_test_failures=False, packages_skip_test_passed=False, packages_select=None, packages_skip=None, packages_select_regex=None, packages_skip_regex=None, packages_start=None, packages_end=None, allow_overriding=[], cmake_args=None, cmake_target=None, cmake_target_skip_unavailable=False, cmake_clean_cache=False, cmake_clean_first=False, cmake_force_configure=False, ament_cmake_args=None, catkin_cmake_args=None, catkin_skip_building_tests=False, verb_parser=<colcon_defaults.argument_parser.defaults.DefaultArgumentsDecorator object at 0x78d14c452c50>, verb_extension=<colcon_core.verb.build.BuildVerb object at 0x78d14c452710>, main=<bound method BuildVerb.main of <colcon_core.verb.build.BuildVerb object at 0x78d14c452710>>)
[0.066s] Level 1:colcon.colcon_core.package_discovery:discover_packages(colcon_meta) check parameters
[0.066s] Level 1:colcon.colcon_core.package_discovery:discover_packages(recursive) check parameters
[0.066s] Level 1:colcon.colcon_core.package_discovery:discover_packages(ignore) check parameters
[0.066s] Level 1:colcon.colcon_core.package_discovery:discover_packages(path) check parameters
[0.066s] Level 1:colcon.colcon_core.package_discovery:discover_packages(colcon_meta) discover
[0.066s] Level 1:colcon.colcon_core.package_discovery:discover_packages(recursive) discover
[0.066s] INFO:colcon.colcon_core.package_discovery:Crawling recursively for packages in '/home/leo/ws_isaacsim/unitree'
[0.066s] Level 1:colcon.colcon_core.package_identification:_identify(.) by extensions ['ignore', 'ignore_ament_install']
[0.066s] Level 1:colcon.colcon_core.package_identification:_identify(.) by extension 'ignore'
[0.066s] Level 1:colcon.colcon_core.package_identification:_identify(.) by extension 'ignore_ament_install'
[0.066s] Level 1:colcon.colcon_core.package_identification:_identify(.) by extensions ['colcon_pkg']
[0.066s] Level 1:colcon.colcon_core.package_identification:_identify(.) by extension 'colcon_pkg'
[0.066s] Level 1:colcon.colcon_core.package_identification:_identify(.) by extensions ['colcon_meta']
[0.066s] Level 1:colcon.colcon_core.package_identification:_identify(.) by extension 'colcon_meta'
[0.066s] Level 1:colcon.colcon_core.package_identification:_identify(.) by extensions ['ros']
[0.066s] Level 1:colcon.colcon_core.package_identification:_identify(.) by extension 'ros'
[0.073s] Level 1:colcon.colcon_core.package_identification:_identify(.) by extensions ['cmake', 'python']
[0.073s] Level 1:colcon.colcon_core.package_identification:_identify(.) by extension 'cmake'
[0.073s] Level 1:colcon.colcon_core.package_identification:_identify(.) by extension 'python'
[0.073s] Level 1:colcon.colcon_core.package_identification:_identify(.) by extensions ['python_setup_py']
[0.073s] Level 1:colcon.colcon_core.package_identification:_identify(.) by extension 'python_setup_py'
[0.073s] Level 1:colcon.colcon_core.package_identification:_identify(build) by extensions ['ignore', 'ignore_ament_install']
[0.073s] Level 1:colcon.colcon_core.package_identification:_identify(build) by extension 'ignore'
[0.073s] Level 1:colcon.colcon_core.package_identification:_identify(build) ignored
[0.073s] Level 1:colcon.colcon_core.package_identification:_identify(install) by extensions ['ignore', 'ignore_ament_install']
[0.073s] Level 1:colcon.colcon_core.package_identification:_identify(install) by extension 'ignore'
[0.073s] Level 1:colcon.colcon_core.package_identification:_identify(install) ignored
[0.073s] Level 1:colcon.colcon_core.package_identification:_identify(log) by extensions ['ignore', 'ignore_ament_install']
[0.073s] Level 1:colcon.colcon_core.package_identification:_identify(log) by extension 'ignore'
[0.073s] Level 1:colcon.colcon_core.package_identification:_identify(log) ignored
[0.073s] Level 1:colcon.colcon_core.package_identification:_identify(src) by extensions ['ignore', 'ignore_ament_install']
[0.073s] Level 1:colcon.colcon_core.package_identification:_identify(src) by extension 'ignore'
[0.073s] Level 1:colcon.colcon_core.package_identification:_identify(src) by extension 'ignore_ament_install'
[0.073s] Level 1:colcon.colcon_core.package_identification:_identify(src) by extensions ['colcon_pkg']
[0.073s] Level 1:colcon.colcon_core.package_identification:_identify(src) by extension 'colcon_pkg'
[0.073s] Level 1:colcon.colcon_core.package_identification:_identify(src) by extensions ['colcon_meta']
[0.073s] Level 1:colcon.colcon_core.package_identification:_identify(src) by extension 'colcon_meta'
[0.073s] Level 1:colcon.colcon_core.package_identification:_identify(src) by extensions ['ros']
[0.073s] Level 1:colcon.colcon_core.package_identification:_identify(src) by extension 'ros'
[0.073s] Level 1:colcon.colcon_core.package_identification:_identify(src) by extensions ['cmake', 'python']
[0.073s] Level 1:colcon.colcon_core.package_identification:_identify(src) by extension 'cmake'
[0.073s] Level 1:colcon.colcon_core.package_identification:_identify(src) by extension 'python'
[0.073s] Level 1:colcon.colcon_core.package_identification:_identify(src) by extensions ['python_setup_py']
[0.073s] Level 1:colcon.colcon_core.package_identification:_identify(src) by extension 'python_setup_py'
[0.073s] Level 1:colcon.colcon_core.package_identification:_identify(src/Unitree_G1_Description) by extensions ['ignore', 'ignore_ament_install']
[0.074s] Level 1:colcon.colcon_core.package_identification:_identify(src/Unitree_G1_Description) by extension 'ignore'
[0.074s] Level 1:colcon.colcon_core.package_identification:_identify(src/Unitree_G1_Description) by extension 'ignore_ament_install'
[0.074s] Level 1:colcon.colcon_core.package_identification:_identify(src/Unitree_G1_Description) by extensions ['colcon_pkg']
[0.074s] Level 1:colcon.colcon_core.package_identification:_identify(src/Unitree_G1_Description) by extension 'colcon_pkg'
[0.074s] Level 1:colcon.colcon_core.package_identification:_identify(src/Unitree_G1_Description) by extensions ['colcon_meta']
[0.074s] Level 1:colcon.colcon_core.package_identification:_identify(src/Unitree_G1_Description) by extension 'colcon_meta'
[0.074s] Level 1:colcon.colcon_core.package_identification:_identify(src/Unitree_G1_Description) by extensions ['ros']
[0.074s] Level 1:colcon.colcon_core.package_identification:_identify(src/Unitree_G1_Description) by extension 'ros'
[0.075s] DEBUG:colcon.colcon_core.package_identification:Package 'src/Unitree_G1_Description' with type 'ros.ament_python' and name 'Unitree_G1_Description'
[0.075s] Level 1:colcon.colcon_core.package_identification:_identify(src/g1_moveit_config) by extensions ['ignore', 'ignore_ament_install']
[0.075s] Level 1:colcon.colcon_core.package_identification:_identify(src/g1_moveit_config) by extension 'ignore'
[0.075s] Level 1:colcon.colcon_core.package_identification:_identify(src/g1_moveit_config) by extension 'ignore_ament_install'
[0.075s] Level 1:colcon.colcon_core.package_identification:_identify(src/g1_moveit_config) by extensions ['colcon_pkg']
[0.075s] Level 1:colcon.colcon_core.package_identification:_identify(src/g1_moveit_config) by extension 'colcon_pkg'
[0.075s] Level 1:colcon.colcon_core.package_identification:_identify(src/g1_moveit_config) by extensions ['colcon_meta']
[0.075s] Level 1:colcon.colcon_core.package_identification:_identify(src/g1_moveit_config) by extension 'colcon_meta'
[0.075s] Level 1:colcon.colcon_core.package_identification:_identify(src/g1_moveit_config) by extensions ['ros']
[0.075s] Level 1:colcon.colcon_core.package_identification:_identify(src/g1_moveit_config) by extension 'ros'
[0.075s] DEBUG:colcon.colcon_core.package_identification:Package 'src/g1_moveit_config' with type 'ros.ament_cmake' and name 'g1_moveit_config'
[0.075s] Level 1:colcon.colcon_core.package_discovery:discover_packages(recursive) using defaults
[0.075s] Level 1:colcon.colcon_core.package_discovery:discover_packages(ignore) discover
[0.075s] Level 1:colcon.colcon_core.package_discovery:discover_packages(ignore) using defaults
[0.075s] Level 1:colcon.colcon_core.package_discovery:discover_packages(path) discover
[0.075s] Level 1:colcon.colcon_core.package_discovery:discover_packages(path) using defaults
[0.085s] Level 1:colcon.colcon_core.package_discovery:discover_packages(prefix_path) check parameters
[0.085s] Level 1:colcon.colcon_core.package_discovery:discover_packages(prefix_path) discover
[0.086s] WARNING:colcon.colcon_ros.prefix_path.ament:The path '/home/leo/ws_isaacsim/unitree/install/g1_moveit_config' in the environment variable AMENT_PREFIX_PATH doesn't exist
[0.086s] WARNING:colcon.colcon_ros.prefix_path.ament:The path '/home/leo/ws_isaacsim/unitree/install/Unitree_G1_Description' in the environment variable AMENT_PREFIX_PATH doesn't exist
[0.086s] WARNING:colcon.colcon_ros.prefix_path.catkin:The path '/home/leo/ws_isaacsim/unitree/install/g1_moveit_config' in the environment variable CMAKE_PREFIX_PATH doesn't exist
[0.086s] DEBUG:colcon.colcon_installed_package_information.package_discovery:Found 0 installed packages in /home/leo/ws_isaacsim/unitree/install
[0.087s] DEBUG:colcon.colcon_installed_package_information.package_discovery:Found 358 installed packages in /opt/ros/humble
[0.087s] Level 1:colcon.colcon_core.package_discovery:discover_packages(prefix_path) using defaults
[0.105s] Level 5:colcon.colcon_core.verb:set package 'Unitree_G1_Description' build argument 'cmake_args' from command line to 'None'
[0.105s] Level 5:colcon.colcon_core.verb:set package 'Unitree_G1_Description' build argument 'cmake_target' from command line to 'None'
[0.105s] Level 5:colcon.colcon_core.verb:set package 'Unitree_G1_Description' build argument 'cmake_target_skip_unavailable' from command line to 'False'
[0.105s] Level 5:colcon.colcon_core.verb:set package 'Unitree_G1_Description' build argument 'cmake_clean_cache' from command line to 'False'
[0.105s] Level 5:colcon.colcon_core.verb:set package 'Unitree_G1_Description' build argument 'cmake_clean_first' from command line to 'False'
[0.105s] Level 5:colcon.colcon_core.verb:set package 'Unitree_G1_Description' build argument 'cmake_force_configure' from command line to 'False'
[0.105s] Level 5:colcon.colcon_core.verb:set package 'Unitree_G1_Description' build argument 'ament_cmake_args' from command line to 'None'
[0.105s] Level 5:colcon.colcon_core.verb:set package 'Unitree_G1_Description' build argument 'catkin_cmake_args' from command line to 'None'
[0.105s] Level 5:colcon.colcon_core.verb:set package 'Unitree_G1_Description' build argument 'catkin_skip_building_tests' from command line to 'False'
[0.105s] DEBUG:colcon.colcon_core.verb:Building package 'Unitree_G1_Description' with the following arguments: {'ament_cmake_args': None, 'build_base': '/home/leo/ws_isaacsim/unitree/build/Unitree_G1_Description', 'catkin_cmake_args': None, 'catkin_skip_building_tests': False, 'cmake_args': None, 'cmake_clean_cache': False, 'cmake_clean_first': False, 'cmake_force_configure': False, 'cmake_target': None, 'cmake_target_skip_unavailable': False, 'install_base': '/home/leo/ws_isaacsim/unitree/install/Unitree_G1_Description', 'merge_install': False, 'path': '/home/leo/ws_isaacsim/unitree/src/Unitree_G1_Description', 'symlink_install': False, 'test_result_base': None}
[0.105s] Level 5:colcon.colcon_core.verb:set package 'g1_moveit_config' build argument 'cmake_args' from command line to 'None'
[0.105s] Level 5:colcon.colcon_core.verb:set package 'g1_moveit_config' build argument 'cmake_target' from command line to 'None'
[0.106s] Level 5:colcon.colcon_core.verb:set package 'g1_moveit_config' build argument 'cmake_target_skip_unavailable' from command line to 'False'
[0.106s] Level 5:colcon.colcon_core.verb:set package 'g1_moveit_config' build argument 'cmake_clean_cache' from command line to 'False'
[0.106s] Level 5:colcon.colcon_core.verb:set package 'g1_moveit_config' build argument 'cmake_clean_first' from command line to 'False'
[0.106s] Level 5:colcon.colcon_core.verb:set package 'g1_moveit_config' build argument 'cmake_force_configure' from command line to 'False'
[0.106s] Level 5:colcon.colcon_core.verb:set package 'g1_moveit_config' build argument 'ament_cmake_args' from command line to 'None'
[0.106s] Level 5:colcon.colcon_core.verb:set package 'g1_moveit_config' build argument 'catkin_cmake_args' from command line to 'None'
[0.106s] Level 5:colcon.colcon_core.verb:set package 'g1_moveit_config' build argument 'catkin_skip_building_tests' from command line to 'False'
[0.106s] DEBUG:colcon.colcon_core.verb:Building package 'g1_moveit_config' with the following arguments: {'ament_cmake_args': None, 'build_base': '/home/leo/ws_isaacsim/unitree/build/g1_moveit_config', 'catkin_cmake_args': None, 'catkin_skip_building_tests': False, 'cmake_args': None, 'cmake_clean_cache': False, 'cmake_clean_first': False, 'cmake_force_configure': False, 'cmake_target': None, 'cmake_target_skip_unavailable': False, 'install_base': '/home/leo/ws_isaacsim/unitree/install/g1_moveit_config', 'merge_install': False, 'path': '/home/leo/ws_isaacsim/unitree/src/g1_moveit_config', 'symlink_install': False, 'test_result_base': None}
[0.106s] INFO:colcon.colcon_core.executor:Executing jobs using 'parallel' executor
[0.106s] DEBUG:colcon.colcon_parallel_executor.executor.parallel:run_until_complete
[0.106s] INFO:colcon.colcon_ros.task.ament_python.build:Building ROS package in '/home/leo/ws_isaacsim/unitree/src/Unitree_G1_Description' with build type 'ament_python'
[0.106s] Level 1:colcon.colcon_core.shell:create_environment_hook('Unitree_G1_Description', 'ament_prefix_path')
[0.107s] INFO:colcon.colcon_core.plugin_system:Skipping extension 'colcon_core.shell.bat': Not used on non-Windows systems
[0.107s] INFO:colcon.colcon_core.shell:Creating environment hook '/home/leo/ws_isaacsim/unitree/install/Unitree_G1_Description/share/Unitree_G1_Description/hook/ament_prefix_path.ps1'
[0.107s] INFO:colcon.colcon_core.shell:Creating environment descriptor '/home/leo/ws_isaacsim/unitree/install/Unitree_G1_Description/share/Unitree_G1_Description/hook/ament_prefix_path.dsv'
[0.108s] INFO:colcon.colcon_core.shell:Creating environment hook '/home/leo/ws_isaacsim/unitree/install/Unitree_G1_Description/share/Unitree_G1_Description/hook/ament_prefix_path.sh'
[0.108s] INFO:colcon.colcon_core.shell:Skip shell extension 'powershell' for command environment: Not usable outside of PowerShell
[0.108s] DEBUG:colcon.colcon_core.shell:Skip shell extension 'dsv' for command environment
[0.207s] INFO:colcon.colcon_core.task.python.build:Building Python package in '/home/leo/ws_isaacsim/unitree/src/Unitree_G1_Description'
[0.208s] INFO:colcon.colcon_core.shell:Skip shell extension 'powershell' for command environment: Not usable outside of PowerShell
[0.208s] DEBUG:colcon.colcon_core.shell:Skip shell extension 'dsv' for command environment
[0.385s] DEBUG:colcon.colcon_core.event_handler.log_command:Invoking command in '/home/leo/ws_isaacsim/unitree/src/Unitree_G1_Description': PYTHONPATH=/home/leo/ws_isaacsim/unitree/build/Unitree_G1_Description/prefix_override:/usr/lib/python3/dist-packages/colcon_core/task/python/colcon_distutils_commands:/home/leo/ws_isaacsim/unitree/install/Unitree_G1_Description/lib/python3.10/site-packages:${PYTHONPATH} /usr/bin/python3 -W ignore:setup.py install is deprecated -W ignore:easy_install command is deprecated setup.py egg_info --egg-base ../../build/Unitree_G1_Description build --build-base /home/leo/ws_isaacsim/unitree/build/Unitree_G1_Description/build install --record /home/leo/ws_isaacsim/unitree/build/Unitree_G1_Description/install.log --single-version-externally-managed install_data
[0.594s] DEBUG:colcon.colcon_core.event_handler.log_command:Invoked command in '/home/leo/ws_isaacsim/unitree/src/Unitree_G1_Description' returned '0': PYTHONPATH=/home/leo/ws_isaacsim/unitree/build/Unitree_G1_Description/prefix_override:/usr/lib/python3/dist-packages/colcon_core/task/python/colcon_distutils_commands:/home/leo/ws_isaacsim/unitree/install/Unitree_G1_Description/lib/python3.10/site-packages:${PYTHONPATH} /usr/bin/python3 -W ignore:setup.py install is deprecated -W ignore:easy_install command is deprecated setup.py egg_info --egg-base ../../build/Unitree_G1_Description build --build-base /home/leo/ws_isaacsim/unitree/build/Unitree_G1_Description/build install --record /home/leo/ws_isaacsim/unitree/build/Unitree_G1_Description/install.log --single-version-externally-managed install_data
[0.595s] Level 1:colcon.colcon_core.environment:checking '/home/leo/ws_isaacsim/unitree/install/Unitree_G1_Description' for CMake module files
[0.595s] Level 1:colcon.colcon_core.environment:checking '/home/leo/ws_isaacsim/unitree/install/Unitree_G1_Description' for CMake config files
[0.596s] Level 1:colcon.colcon_core.environment:checking '/home/leo/ws_isaacsim/unitree/install/Unitree_G1_Description/lib'
[0.596s] Level 1:colcon.colcon_core.environment:checking '/home/leo/ws_isaacsim/unitree/install/Unitree_G1_Description/bin'
[0.596s] Level 1:colcon.colcon_core.environment:checking '/home/leo/ws_isaacsim/unitree/install/Unitree_G1_Description/lib/pkgconfig/Unitree_G1_Description.pc'
[0.596s] Level 1:colcon.colcon_core.environment:checking '/home/leo/ws_isaacsim/unitree/install/Unitree_G1_Description/lib/python3.10/site-packages'
[0.596s] Level 1:colcon.colcon_core.shell:create_environment_hook('Unitree_G1_Description', 'pythonpath')
[0.596s] INFO:colcon.colcon_core.shell:Creating environment hook '/home/leo/ws_isaacsim/unitree/install/Unitree_G1_Description/share/Unitree_G1_Description/hook/pythonpath.ps1'
[0.596s] INFO:colcon.colcon_core.shell:Creating environment descriptor '/home/leo/ws_isaacsim/unitree/install/Unitree_G1_Description/share/Unitree_G1_Description/hook/pythonpath.dsv'
[0.596s] INFO:colcon.colcon_core.shell:Creating environment hook '/home/leo/ws_isaacsim/unitree/install/Unitree_G1_Description/share/Unitree_G1_Description/hook/pythonpath.sh'
[0.596s] Level 1:colcon.colcon_core.environment:checking '/home/leo/ws_isaacsim/unitree/install/Unitree_G1_Description/bin'
[0.597s] Level 1:colcon.colcon_core.environment:create_environment_scripts_only(Unitree_G1_Description)
[0.597s] INFO:colcon.colcon_core.shell:Creating package script '/home/leo/ws_isaacsim/unitree/install/Unitree_G1_Description/share/Unitree_G1_Description/package.ps1'
[0.597s] INFO:colcon.colcon_core.shell:Creating package descriptor '/home/leo/ws_isaacsim/unitree/install/Unitree_G1_Description/share/Unitree_G1_Description/package.dsv'
[0.597s] INFO:colcon.colcon_core.shell:Creating package script '/home/leo/ws_isaacsim/unitree/install/Unitree_G1_Description/share/Unitree_G1_Description/package.sh'
[0.597s] INFO:colcon.colcon_core.shell:Creating package script '/home/leo/ws_isaacsim/unitree/install/Unitree_G1_Description/share/Unitree_G1_Description/package.bash'
[0.598s] INFO:colcon.colcon_core.shell:Creating package script '/home/leo/ws_isaacsim/unitree/install/Unitree_G1_Description/share/Unitree_G1_Description/package.zsh'
[0.598s] Level 1:colcon.colcon_core.environment:create_file_with_runtime_dependencies(/home/leo/ws_isaacsim/unitree/install/Unitree_G1_Description/share/colcon-core/packages/Unitree_G1_Description)
[0.598s] INFO:colcon.colcon_ros.task.ament_cmake.build:Building ROS package in '/home/leo/ws_isaacsim/unitree/src/g1_moveit_config' with build type 'ament_cmake'
[0.598s] INFO:colcon.colcon_cmake.task.cmake.build:Building CMake package in '/home/leo/ws_isaacsim/unitree/src/g1_moveit_config'
[0.598s] INFO:colcon.colcon_core.shell:Skip shell extension 'powershell' for command environment: Not usable outside of PowerShell
[0.598s] DEBUG:colcon.colcon_core.shell:Skip shell extension 'dsv' for command environment
[0.604s] DEBUG:colcon.colcon_core.event_handler.log_command:Invoking command in '/home/leo/ws_isaacsim/unitree/build/g1_moveit_config': AMENT_PREFIX_PATH=/home/leo/ws_isaacsim/unitree/install/Unitree_G1_Description:/home/leo/ws_isaacsim/unitree/install/g1_moveit_config:/opt/ros/humble CMAKE_PREFIX_PATH=${CMAKE_PREFIX_PATH}:/home/leo/ws_isaacsim/unitree/install/Unitree_G1_Description:/opt/ros/humble /usr/bin/cmake /home/leo/ws_isaacsim/unitree/src/g1_moveit_config -DCMAKE_INSTALL_PREFIX=/home/leo/ws_isaacsim/unitree/install/g1_moveit_config
[1.090s] DEBUG:colcon.colcon_core.event_handler.log_command:Invoked command in '/home/leo/ws_isaacsim/unitree/build/g1_moveit_config' returned '0': AMENT_PREFIX_PATH=/home/leo/ws_isaacsim/unitree/install/Unitree_G1_Description:/home/leo/ws_isaacsim/unitree/install/g1_moveit_config:/opt/ros/humble CMAKE_PREFIX_PATH=${CMAKE_PREFIX_PATH}:/home/leo/ws_isaacsim/unitree/install/Unitree_G1_Description:/opt/ros/humble /usr/bin/cmake /home/leo/ws_isaacsim/unitree/src/g1_moveit_config -DCMAKE_INSTALL_PREFIX=/home/leo/ws_isaacsim/unitree/install/g1_moveit_config
[1.092s] DEBUG:colcon.colcon_core.event_handler.log_command:Invoking command in '/home/leo/ws_isaacsim/unitree/build/g1_moveit_config': AMENT_PREFIX_PATH=/home/leo/ws_isaacsim/unitree/install/Unitree_G1_Description:/home/leo/ws_isaacsim/unitree/install/g1_moveit_config:/opt/ros/humble CMAKE_PREFIX_PATH=${CMAKE_PREFIX_PATH}:/home/leo/ws_isaacsim/unitree/install/Unitree_G1_Description:/opt/ros/humble /usr/bin/cmake --build /home/leo/ws_isaacsim/unitree/build/g1_moveit_config -- -j32 -l32
[1.115s] DEBUG:colcon.colcon_core.event_handler.log_command:Invoked command in '/home/leo/ws_isaacsim/unitree/build/g1_moveit_config' returned '0': AMENT_PREFIX_PATH=/home/leo/ws_isaacsim/unitree/install/Unitree_G1_Description:/home/leo/ws_isaacsim/unitree/install/g1_moveit_config:/opt/ros/humble CMAKE_PREFIX_PATH=${CMAKE_PREFIX_PATH}:/home/leo/ws_isaacsim/unitree/install/Unitree_G1_Description:/opt/ros/humble /usr/bin/cmake --build /home/leo/ws_isaacsim/unitree/build/g1_moveit_config -- -j32 -l32
[1.120s] DEBUG:colcon.colcon_core.event_handler.log_command:Invoking command in '/home/leo/ws_isaacsim/unitree/build/g1_moveit_config': AMENT_PREFIX_PATH=/home/leo/ws_isaacsim/unitree/install/Unitree_G1_Description:/home/leo/ws_isaacsim/unitree/install/g1_moveit_config:/opt/ros/humble CMAKE_PREFIX_PATH=${CMAKE_PREFIX_PATH}:/home/leo/ws_isaacsim/unitree/install/Unitree_G1_Description:/opt/ros/humble /usr/bin/cmake --install /home/leo/ws_isaacsim/unitree/build/g1_moveit_config
[1.125s] Level 1:colcon.colcon_core.environment:create_environment_scripts_only(g1_moveit_config)
[1.125s] DEBUG:colcon.colcon_core.event_handler.log_command:Invoked command in '/home/leo/ws_isaacsim/unitree/build/g1_moveit_config' returned '0': AMENT_PREFIX_PATH=/home/leo/ws_isaacsim/unitree/install/Unitree_G1_Description:/home/leo/ws_isaacsim/unitree/install/g1_moveit_config:/opt/ros/humble CMAKE_PREFIX_PATH=${CMAKE_PREFIX_PATH}:/home/leo/ws_isaacsim/unitree/install/Unitree_G1_Description:/opt/ros/humble /usr/bin/cmake --install /home/leo/ws_isaacsim/unitree/build/g1_moveit_config
[1.125s] Level 1:colcon.colcon_core.environment:checking '/home/leo/ws_isaacsim/unitree/install/g1_moveit_config' for CMake module files
[1.125s] Level 1:colcon.colcon_core.environment:checking '/home/leo/ws_isaacsim/unitree/install/g1_moveit_config' for CMake config files
[1.126s] Level 1:colcon.colcon_core.shell:create_environment_hook('g1_moveit_config', 'cmake_prefix_path')
[1.126s] INFO:colcon.colcon_core.shell:Creating environment hook '/home/leo/ws_isaacsim/unitree/install/g1_moveit_config/share/g1_moveit_config/hook/cmake_prefix_path.ps1'
[1.126s] INFO:colcon.colcon_core.shell:Creating environment descriptor '/home/leo/ws_isaacsim/unitree/install/g1_moveit_config/share/g1_moveit_config/hook/cmake_prefix_path.dsv'
[1.126s] INFO:colcon.colcon_core.shell:Creating environment hook '/home/leo/ws_isaacsim/unitree/install/g1_moveit_config/share/g1_moveit_config/hook/cmake_prefix_path.sh'
[1.126s] Level 1:colcon.colcon_core.environment:checking '/home/leo/ws_isaacsim/unitree/install/g1_moveit_config/bin'
[1.126s] Level 1:colcon.colcon_core.environment:checking '/home/leo/ws_isaacsim/unitree/install/g1_moveit_config/lib/pkgconfig/g1_moveit_config.pc'
[1.126s] Level 1:colcon.colcon_core.environment:checking '/home/leo/ws_isaacsim/unitree/install/g1_moveit_config/lib/python3.10/site-packages'
[1.126s] Level 1:colcon.colcon_core.environment:checking '/home/leo/ws_isaacsim/unitree/install/g1_moveit_config/bin'
[1.126s] INFO:colcon.colcon_core.shell:Creating package script '/home/leo/ws_isaacsim/unitree/install/g1_moveit_config/share/g1_moveit_config/package.ps1'
[1.127s] INFO:colcon.colcon_core.shell:Creating package descriptor '/home/leo/ws_isaacsim/unitree/install/g1_moveit_config/share/g1_moveit_config/package.dsv'
[1.127s] INFO:colcon.colcon_core.shell:Creating package script '/home/leo/ws_isaacsim/unitree/install/g1_moveit_config/share/g1_moveit_config/package.sh'
[1.127s] INFO:colcon.colcon_core.shell:Creating package script '/home/leo/ws_isaacsim/unitree/install/g1_moveit_config/share/g1_moveit_config/package.bash'
[1.127s] INFO:colcon.colcon_core.shell:Creating package script '/home/leo/ws_isaacsim/unitree/install/g1_moveit_config/share/g1_moveit_config/package.zsh'
[1.127s] Level 1:colcon.colcon_core.environment:create_file_with_runtime_dependencies(/home/leo/ws_isaacsim/unitree/install/g1_moveit_config/share/colcon-core/packages/g1_moveit_config)
[1.127s] Level 1:colcon.colcon_core.environment:create_environment_scripts_only(g1_moveit_config)
[1.127s] Level 1:colcon.colcon_core.environment:checking '/home/leo/ws_isaacsim/unitree/install/g1_moveit_config' for CMake module files
[1.128s] Level 1:colcon.colcon_core.environment:checking '/home/leo/ws_isaacsim/unitree/install/g1_moveit_config' for CMake config files
[1.128s] Level 1:colcon.colcon_core.shell:create_environment_hook('g1_moveit_config', 'cmake_prefix_path')
[1.128s] INFO:colcon.colcon_core.shell:Creating environment hook '/home/leo/ws_isaacsim/unitree/install/g1_moveit_config/share/g1_moveit_config/hook/cmake_prefix_path.ps1'
[1.128s] INFO:colcon.colcon_core.shell:Creating environment descriptor '/home/leo/ws_isaacsim/unitree/install/g1_moveit_config/share/g1_moveit_config/hook/cmake_prefix_path.dsv'
[1.128s] INFO:colcon.colcon_core.shell:Creating environment hook '/home/leo/ws_isaacsim/unitree/install/g1_moveit_config/share/g1_moveit_config/hook/cmake_prefix_path.sh'
[1.128s] Level 1:colcon.colcon_core.environment:checking '/home/leo/ws_isaacsim/unitree/install/g1_moveit_config/bin'
[1.128s] Level 1:colcon.colcon_core.environment:checking '/home/leo/ws_isaacsim/unitree/install/g1_moveit_config/lib/pkgconfig/g1_moveit_config.pc'
[1.128s] Level 1:colcon.colcon_core.environment:checking '/home/leo/ws_isaacsim/unitree/install/g1_moveit_config/lib/python3.10/site-packages'
[1.129s] Level 1:colcon.colcon_core.environment:checking '/home/leo/ws_isaacsim/unitree/install/g1_moveit_config/bin'
[1.129s] INFO:colcon.colcon_core.shell:Creating package script '/home/leo/ws_isaacsim/unitree/install/g1_moveit_config/share/g1_moveit_config/package.ps1'
[1.129s] INFO:colcon.colcon_core.shell:Creating package descriptor '/home/leo/ws_isaacsim/unitree/install/g1_moveit_config/share/g1_moveit_config/package.dsv'
[1.129s] INFO:colcon.colcon_core.shell:Creating package script '/home/leo/ws_isaacsim/unitree/install/g1_moveit_config/share/g1_moveit_config/package.sh'
[1.129s] INFO:colcon.colcon_core.shell:Creating package script '/home/leo/ws_isaacsim/unitree/install/g1_moveit_config/share/g1_moveit_config/package.bash'
[1.129s] INFO:colcon.colcon_core.shell:Creating package script '/home/leo/ws_isaacsim/unitree/install/g1_moveit_config/share/g1_moveit_config/package.zsh'
[1.129s] Level 1:colcon.colcon_core.environment:create_file_with_runtime_dependencies(/home/leo/ws_isaacsim/unitree/install/g1_moveit_config/share/colcon-core/packages/g1_moveit_config)
[1.129s] DEBUG:colcon.colcon_parallel_executor.executor.parallel:closing loop
[1.130s] DEBUG:colcon.colcon_parallel_executor.executor.parallel:loop closed
[1.130s] DEBUG:colcon.colcon_parallel_executor.executor.parallel:run_until_complete finished with '0'
[1.130s] DEBUG:colcon.colcon_core.event_reactor:joining thread
[1.132s] INFO:colcon.colcon_core.plugin_system:Skipping extension 'colcon_notification.desktop_notification.terminal_notifier': Not used on non-Darwin systems
[1.132s] INFO:colcon.colcon_core.plugin_system:Skipping extension 'colcon_notification.desktop_notification.win32': Not used on non-Windows systems
[1.132s] INFO:colcon.colcon_notification.desktop_notification:Sending desktop notification using 'notify2'
[1.140s] DEBUG:colcon.colcon_core.event_reactor:joined thread
[1.140s] INFO:colcon.colcon_core.shell:Creating prefix script '/home/leo/ws_isaacsim/unitree/install/local_setup.ps1'
[1.140s] INFO:colcon.colcon_core.shell:Creating prefix util module '/home/leo/ws_isaacsim/unitree/install/_local_setup_util_ps1.py'
[1.141s] INFO:colcon.colcon_core.shell:Creating prefix chain script '/home/leo/ws_isaacsim/unitree/install/setup.ps1'
[1.141s] INFO:colcon.colcon_core.shell:Creating prefix script '/home/leo/ws_isaacsim/unitree/install/local_setup.sh'
[1.142s] INFO:colcon.colcon_core.shell:Creating prefix util module '/home/leo/ws_isaacsim/unitree/install/_local_setup_util_sh.py'
[1.142s] INFO:colcon.colcon_core.shell:Creating prefix chain script '/home/leo/ws_isaacsim/unitree/install/setup.sh'
[1.142s] INFO:colcon.colcon_core.shell:Creating prefix script '/home/leo/ws_isaacsim/unitree/install/local_setup.bash'
[1.142s] INFO:colcon.colcon_core.shell:Creating prefix chain script '/home/leo/ws_isaacsim/unitree/install/setup.bash'
[1.143s] INFO:colcon.colcon_core.shell:Creating prefix script '/home/leo/ws_isaacsim/unitree/install/local_setup.zsh'
[1.143s] INFO:colcon.colcon_core.shell:Creating prefix chain script '/home/leo/ws_isaacsim/unitree/install/setup.zsh'
