[0.004s] Invoking command in '/home/leo/ws_isaacsim/moveit2_UR3e/build/ur3e_moveit_config': CMAKE_PREFIX_PATH=/home/leo/ws_isaacsim/moveit2_UR3e/install/robot_description:/home/leo/ws_isaacsim/moveit2_UR3e/install/ur3e_moveit_config:/opt/ros/humble /usr/bin/cmake --build /home/leo/ws_isaacsim/moveit2_UR3e/build/ur3e_moveit_config -- -j32 -l32
[0.024s] Invoked command in '/home/leo/ws_isaacsim/moveit2_UR3e/build/ur3e_moveit_config' returned '0': CMAKE_PREFIX_PATH=/home/leo/ws_isaacsim/moveit2_UR3e/install/robot_description:/home/leo/ws_isaacsim/moveit2_UR3e/install/ur3e_moveit_config:/opt/ros/humble /usr/bin/cmake --build /home/leo/ws_isaacsim/moveit2_UR3e/build/ur3e_moveit_config -- -j32 -l32
[0.025s] Invoking command in '/home/leo/ws_isaacsim/moveit2_UR3e/build/ur3e_moveit_config': CMAKE_PREFIX_PATH=/home/leo/ws_isaacsim/moveit2_UR3e/install/robot_description:/home/leo/ws_isaacsim/moveit2_UR3e/install/ur3e_moveit_config:/opt/ros/humble /usr/bin/cmake --install /home/leo/ws_isaacsim/moveit2_UR3e/build/ur3e_moveit_config
[0.028s] -- Install configuration: ""
[0.028s] -- Up-to-date: /home/leo/ws_isaacsim/moveit2_UR3e/install/ur3e_moveit_config/share/ament_index/resource_index/package_run_dependencies/ur3e_moveit_config
[0.028s] -- Up-to-date: /home/leo/ws_isaacsim/moveit2_UR3e/install/ur3e_moveit_config/share/ament_index/resource_index/parent_prefix_path/ur3e_moveit_config
[0.028s] -- Up-to-date: /home/leo/ws_isaacsim/moveit2_UR3e/install/ur3e_moveit_config/share/ur3e_moveit_config/environment/ament_prefix_path.sh
[0.028s] -- Up-to-date: /home/leo/ws_isaacsim/moveit2_UR3e/install/ur3e_moveit_config/share/ur3e_moveit_config/environment/ament_prefix_path.dsv
[0.028s] -- Up-to-date: /home/leo/ws_isaacsim/moveit2_UR3e/install/ur3e_moveit_config/share/ur3e_moveit_config/environment/path.sh
[0.028s] -- Up-to-date: /home/leo/ws_isaacsim/moveit2_UR3e/install/ur3e_moveit_config/share/ur3e_moveit_config/environment/path.dsv
[0.028s] -- Up-to-date: /home/leo/ws_isaacsim/moveit2_UR3e/install/ur3e_moveit_config/share/ur3e_moveit_config/local_setup.bash
[0.028s] -- Up-to-date: /home/leo/ws_isaacsim/moveit2_UR3e/install/ur3e_moveit_config/share/ur3e_moveit_config/local_setup.sh
[0.028s] -- Up-to-date: /home/leo/ws_isaacsim/moveit2_UR3e/install/ur3e_moveit_config/share/ur3e_moveit_config/local_setup.zsh
[0.028s] -- Up-to-date: /home/leo/ws_isaacsim/moveit2_UR3e/install/ur3e_moveit_config/share/ur3e_moveit_config/local_setup.dsv
[0.028s] -- Up-to-date: /home/leo/ws_isaacsim/moveit2_UR3e/install/ur3e_moveit_config/share/ur3e_moveit_config/package.dsv
[0.028s] -- Up-to-date: /home/leo/ws_isaacsim/moveit2_UR3e/install/ur3e_moveit_config/share/ament_index/resource_index/packages/ur3e_moveit_config
[0.028s] -- Up-to-date: /home/leo/ws_isaacsim/moveit2_UR3e/install/ur3e_moveit_config/share/ur3e_moveit_config/cmake/ur3e_moveit_configConfig.cmake
[0.028s] -- Up-to-date: /home/leo/ws_isaacsim/moveit2_UR3e/install/ur3e_moveit_config/share/ur3e_moveit_config/cmake/ur3e_moveit_configConfig-version.cmake
[0.028s] -- Up-to-date: /home/leo/ws_isaacsim/moveit2_UR3e/install/ur3e_moveit_config/share/ur3e_moveit_config/package.xml
[0.028s] -- Up-to-date: /home/leo/ws_isaacsim/moveit2_UR3e/install/ur3e_moveit_config/share/ur3e_moveit_config/launch
[0.028s] -- Up-to-date: /home/leo/ws_isaacsim/moveit2_UR3e/install/ur3e_moveit_config/share/ur3e_moveit_config/launch/warehouse_db.launch.py
[0.028s] -- Up-to-date: /home/leo/ws_isaacsim/moveit2_UR3e/install/ur3e_moveit_config/share/ur3e_moveit_config/launch/moveit_rviz.launch.py
[0.028s] -- Up-to-date: /home/leo/ws_isaacsim/moveit2_UR3e/install/ur3e_moveit_config/share/ur3e_moveit_config/launch/rsp.launch.py
[0.028s] -- Up-to-date: /home/leo/ws_isaacsim/moveit2_UR3e/install/ur3e_moveit_config/share/ur3e_moveit_config/launch/static_virtual_joint_tfs.launch.py
[0.028s] -- Up-to-date: /home/leo/ws_isaacsim/moveit2_UR3e/install/ur3e_moveit_config/share/ur3e_moveit_config/launch/demo.launch.py
[0.028s] -- Up-to-date: /home/leo/ws_isaacsim/moveit2_UR3e/install/ur3e_moveit_config/share/ur3e_moveit_config/launch/spawn_controllers.launch.py
[0.028s] -- Up-to-date: /home/leo/ws_isaacsim/moveit2_UR3e/install/ur3e_moveit_config/share/ur3e_moveit_config/launch/setup_assistant.launch.py
[0.028s] -- Up-to-date: /home/leo/ws_isaacsim/moveit2_UR3e/install/ur3e_moveit_config/share/ur3e_moveit_config/launch/move_group.launch.py
[0.028s] -- Up-to-date: /home/leo/ws_isaacsim/moveit2_UR3e/install/ur3e_moveit_config/share/ur3e_moveit_config/config
[0.028s] -- Up-to-date: /home/leo/ws_isaacsim/moveit2_UR3e/install/ur3e_moveit_config/share/ur3e_moveit_config/config/ur3e_egh80.usd
[0.028s] -- Up-to-date: /home/leo/ws_isaacsim/moveit2_UR3e/install/ur3e_moveit_config/share/ur3e_moveit_config/config/moveit_controllers.yaml
[0.028s] -- Up-to-date: /home/leo/ws_isaacsim/moveit2_UR3e/install/ur3e_moveit_config/share/ur3e_moveit_config/config/pilz_cartesian_limits.yaml
[0.028s] -- Up-to-date: /home/leo/ws_isaacsim/moveit2_UR3e/install/ur3e_moveit_config/share/ur3e_moveit_config/config/ur3e_egh80.urdf.xacro
[0.029s] -- Up-to-date: /home/leo/ws_isaacsim/moveit2_UR3e/install/ur3e_moveit_config/share/ur3e_moveit_config/config/.thumbs
[0.029s] -- Up-to-date: /home/leo/ws_isaacsim/moveit2_UR3e/install/ur3e_moveit_config/share/ur3e_moveit_config/config/.thumbs/256x256
[0.029s] -- Up-to-date: /home/leo/ws_isaacsim/moveit2_UR3e/install/ur3e_moveit_config/share/ur3e_moveit_config/config/.thumbs/256x256/ur3e_egh80.usd.png
[0.029s] -- Up-to-date: /home/leo/ws_isaacsim/moveit2_UR3e/install/ur3e_moveit_config/share/ur3e_moveit_config/config/ur3e_egh80
[0.029s] -- Up-to-date: /home/leo/ws_isaacsim/moveit2_UR3e/install/ur3e_moveit_config/share/ur3e_moveit_config/config/ur3e_egh80/ur3e_egh80.usd
[0.029s] -- Up-to-date: /home/leo/ws_isaacsim/moveit2_UR3e/install/ur3e_moveit_config/share/ur3e_moveit_config/config/ur3e_egh80/configuration
[0.029s] -- Up-to-date: /home/leo/ws_isaacsim/moveit2_UR3e/install/ur3e_moveit_config/share/ur3e_moveit_config/config/ur3e_egh80/configuration/ur3e_egh80_base.usd
[0.029s] -- Up-to-date: /home/leo/ws_isaacsim/moveit2_UR3e/install/ur3e_moveit_config/share/ur3e_moveit_config/config/ur3e_egh80/configuration/ur3e_egh80.usd
[0.029s] -- Up-to-date: /home/leo/ws_isaacsim/moveit2_UR3e/install/ur3e_moveit_config/share/ur3e_moveit_config/config/ur3e_egh80/configuration/ur3e_egh80_physics.usd
[0.029s] -- Up-to-date: /home/leo/ws_isaacsim/moveit2_UR3e/install/ur3e_moveit_config/share/ur3e_moveit_config/config/ur3e_egh80/configuration/.thumbs
[0.029s] -- Up-to-date: /home/leo/ws_isaacsim/moveit2_UR3e/install/ur3e_moveit_config/share/ur3e_moveit_config/config/ur3e_egh80/configuration/.thumbs/256x256
[0.029s] -- Up-to-date: /home/leo/ws_isaacsim/moveit2_UR3e/install/ur3e_moveit_config/share/ur3e_moveit_config/config/ur3e_egh80/configuration/.thumbs/256x256/ur3e_egh80.usd.png
[0.029s] -- Up-to-date: /home/leo/ws_isaacsim/moveit2_UR3e/install/ur3e_moveit_config/share/ur3e_moveit_config/config/ur3e_egh80/configuration/ur3e_egh80_sensor.usd
[0.029s] -- Up-to-date: /home/leo/ws_isaacsim/moveit2_UR3e/install/ur3e_moveit_config/share/ur3e_moveit_config/config/moveit.rviz
[0.029s] -- Up-to-date: /home/leo/ws_isaacsim/moveit2_UR3e/install/ur3e_moveit_config/share/ur3e_moveit_config/config/ros2_controllers.yaml
[0.029s] -- Up-to-date: /home/leo/ws_isaacsim/moveit2_UR3e/install/ur3e_moveit_config/share/ur3e_moveit_config/config/ur3e_egh80.srdf
[0.029s] -- Up-to-date: /home/leo/ws_isaacsim/moveit2_UR3e/install/ur3e_moveit_config/share/ur3e_moveit_config/config/kinematics.yaml
[0.029s] -- Up-to-date: /home/leo/ws_isaacsim/moveit2_UR3e/install/ur3e_moveit_config/share/ur3e_moveit_config/config/joint_limits.yaml
[0.029s] -- Up-to-date: /home/leo/ws_isaacsim/moveit2_UR3e/install/ur3e_moveit_config/share/ur3e_moveit_config/config/ur3e_egh80.ros2_control.xacro
[0.029s] -- Up-to-date: /home/leo/ws_isaacsim/moveit2_UR3e/install/ur3e_moveit_config/share/ur3e_moveit_config/config/initial_positions.yaml
[0.029s] -- Up-to-date: /home/leo/ws_isaacsim/moveit2_UR3e/install/ur3e_moveit_config/share/ur3e_moveit_config/config/ur3e_egh80.urdf
[0.029s] -- Up-to-date: /home/leo/ws_isaacsim/moveit2_UR3e/install/ur3e_moveit_config/share/ur3e_moveit_config/.setup_assistant
[0.030s] Invoked command in '/home/leo/ws_isaacsim/moveit2_UR3e/build/ur3e_moveit_config' returned '0': CMAKE_PREFIX_PATH=/home/leo/ws_isaacsim/moveit2_UR3e/install/robot_description:/home/leo/ws_isaacsim/moveit2_UR3e/install/ur3e_moveit_config:/opt/ros/humble /usr/bin/cmake --install /home/leo/ws_isaacsim/moveit2_UR3e/build/ur3e_moveit_config
