[0.402s] Invoking command in '/home/leo/ws_isaacsim/ur5_isaac_sim/src/ur5_isaac_simulation': PYTHONPATH=/home/leo/ws_isaacsim/ur5_isaac_sim/build/ur5_isaac_simulation/prefix_override:/usr/lib/python3/dist-packages/colcon_core/task/python/colcon_distutils_commands:/home/leo/ws_isaacsim/ur5_isaac_sim/install/ur5_isaac_simulation/lib/python3.10/site-packages:${PYTHONPATH} /usr/bin/python3 -W ignore:setup.py install is deprecated -W ignore:easy_install command is deprecated setup.py egg_info --egg-base ../../build/ur5_isaac_simulation build --build-base /home/leo/ws_isaacsim/ur5_isaac_sim/build/ur5_isaac_simulation/build install --record /home/leo/ws_isaacsim/ur5_isaac_sim/build/ur5_isaac_simulation/install.log --single-version-externally-managed install_data
[0.481s] /home/leo/.local/lib/python3.10/site-packages/setuptools/_distutils/dist.py:270: UserWarning: Unknown distribution option: 'tests_require'
[0.481s]   warnings.warn(msg)
[0.522s] running egg_info
[0.528s] creating ../../build/ur5_isaac_simulation/ur5_isaac_simulation.egg-info
[0.528s] writing ../../build/ur5_isaac_simulation/ur5_isaac_simulation.egg-info/PKG-INFO
[0.528s] writing dependency_links to ../../build/ur5_isaac_simulation/ur5_isaac_simulation.egg-info/dependency_links.txt
[0.529s] writing entry points to ../../build/ur5_isaac_simulation/ur5_isaac_simulation.egg-info/entry_points.txt
[0.529s] writing requirements to ../../build/ur5_isaac_simulation/ur5_isaac_simulation.egg-info/requires.txt
[0.529s] writing top-level names to ../../build/ur5_isaac_simulation/ur5_isaac_simulation.egg-info/top_level.txt
[0.529s] writing manifest file '../../build/ur5_isaac_simulation/ur5_isaac_simulation.egg-info/SOURCES.txt'
[0.544s] reading manifest file '../../build/ur5_isaac_simulation/ur5_isaac_simulation.egg-info/SOURCES.txt'
[0.544s] adding license file 'LICENSE'
[0.545s] Traceback (most recent call last):
[0.545s]   File "/home/leo/ws_isaacsim/ur5_isaac_sim/src/ur5_isaac_simulation/setup.py", line 55, in <module>
[0.545s]     setup(
[0.545s]   File "/home/leo/.local/lib/python3.10/site-packages/setuptools/__init__.py", line 117, in setup
[0.545s]     return distutils.core.setup(**attrs)
[0.545s]   File "/home/leo/.local/lib/python3.10/site-packages/setuptools/_distutils/core.py", line 186, in setup
[0.545s]     return run_commands(dist)
[0.545s]   File "/home/leo/.local/lib/python3.10/site-packages/setuptools/_distutils/core.py", line 202, in run_commands
[0.545s]     dist.run_commands()
[0.546s]   File "/home/leo/.local/lib/python3.10/site-packages/setuptools/_distutils/dist.py", line 983, in run_commands
[0.546s]     self.run_command(cmd)
[0.546s]   File "/home/leo/.local/lib/python3.10/site-packages/setuptools/dist.py", line 999, in run_command
[0.546s]     super().run_command(command)
[0.546s]   File "/home/leo/.local/lib/python3.10/site-packages/setuptools/_distutils/dist.py", line 1002, in run_command
[0.546s]     cmd_obj.run()
[0.546s]   File "/home/leo/.local/lib/python3.10/site-packages/setuptools/command/egg_info.py", line 312, in run
[0.546s]     self.find_sources()
[0.546s]   File "/home/leo/.local/lib/python3.10/site-packages/setuptools/command/egg_info.py", line 320, in find_sources
[0.546s]     mm.run()
[0.546s]   File "/home/leo/.local/lib/python3.10/site-packages/setuptools/command/egg_info.py", line 548, in run
[0.546s]     self.prune_file_list()
[0.546s]   File "/home/leo/.local/lib/python3.10/site-packages/setuptools/command/sdist.py", line 162, in prune_file_list
[0.546s]     super().prune_file_list()
[0.546s]   File "/home/leo/.local/lib/python3.10/site-packages/setuptools/_distutils/command/sdist.py", line 380, in prune_file_list
[0.546s]     base_dir = self.distribution.get_fullname()
[0.547s]   File "/home/leo/.local/lib/python3.10/site-packages/setuptools/_core_metadata.py", line 272, in get_fullname
[0.547s]     return _distribution_fullname(self.get_name(), self.get_version())
[0.547s]   File "/home/leo/.local/lib/python3.10/site-packages/setuptools/_core_metadata.py", line 290, in _distribution_fullname
[0.547s]     canonicalize_version(version, strip_trailing_zero=False),
[0.547s] TypeError: canonicalize_version() got an unexpected keyword argument 'strip_trailing_zero'
[0.558s] Invoked command in '/home/leo/ws_isaacsim/ur5_isaac_sim/src/ur5_isaac_simulation' returned '1': PYTHONPATH=/home/leo/ws_isaacsim/ur5_isaac_sim/build/ur5_isaac_simulation/prefix_override:/usr/lib/python3/dist-packages/colcon_core/task/python/colcon_distutils_commands:/home/leo/ws_isaacsim/ur5_isaac_sim/install/ur5_isaac_simulation/lib/python3.10/site-packages:${PYTHONPATH} /usr/bin/python3 -W ignore:setup.py install is deprecated -W ignore:easy_install command is deprecated setup.py egg_info --egg-base ../../build/ur5_isaac_simulation build --build-base /home/leo/ws_isaacsim/ur5_isaac_sim/build/ur5_isaac_simulation/build install --record /home/leo/ws_isaacsim/ur5_isaac_sim/build/ur5_isaac_simulation/install.log --single-version-externally-managed install_data
