[0.003s] Invoking command in '/home/leo/ws_isaacsim/moveit2_UR5/build/ur5_moveit_config': AMENT_PREFIX_PATH=/home/leo/ws_isaacsim/moveit2_UR5/install/robot_description:${AMENT_PREFIX_PATH} CMAKE_PREFIX_PATH=/home/leo/ws_isaacsim/moveit2_UR5/install/robot_description:/opt/ros/humble /usr/bin/cmake /home/leo/ws_isaacsim/moveit2_UR5/src/ur5_moveit_config -DCMAKE_INSTALL_PREFIX=/home/leo/ws_isaacsim/moveit2_UR5/install/ur5_moveit_config
[0.033s] -- The C compiler identification is GNU 11.4.0
[0.059s] -- The CXX compiler identification is GNU 11.4.0
[0.062s] -- Detecting C compiler ABI info
[0.098s] -- Detecting C compiler ABI info - done
[0.104s] -- Check for working C compiler: /usr/bin/cc - skipped
[0.104s] -- Detecting C compile features
[0.104s] -- Detecting C compile features - done
[0.106s] -- Detecting CXX compiler ABI info
[0.148s] -- Detecting CXX compiler ABI info - done
[0.151s] -- Check for working CXX compiler: /usr/bin/c++ - skipped
[0.152s] -- Detecting CXX compile features
[0.152s] -- Detecting CXX compile features - done
[0.153s] -- Found ament_cmake: 1.3.11 (/opt/ros/humble/share/ament_cmake/cmake)
[0.336s] -- Found Python3: /usr/bin/python3 (found version "3.10.12") found components: Interpreter 
[0.407s] -- Configuring done
[0.408s] -- Generating done
[0.408s] -- Build files have been written to: /home/leo/ws_isaacsim/moveit2_UR5/build/ur5_moveit_config
[0.411s] Invoked command in '/home/leo/ws_isaacsim/moveit2_UR5/build/ur5_moveit_config' returned '0': AMENT_PREFIX_PATH=/home/leo/ws_isaacsim/moveit2_UR5/install/robot_description:${AMENT_PREFIX_PATH} CMAKE_PREFIX_PATH=/home/leo/ws_isaacsim/moveit2_UR5/install/robot_description:/opt/ros/humble /usr/bin/cmake /home/leo/ws_isaacsim/moveit2_UR5/src/ur5_moveit_config -DCMAKE_INSTALL_PREFIX=/home/leo/ws_isaacsim/moveit2_UR5/install/ur5_moveit_config
[0.411s] Invoking command in '/home/leo/ws_isaacsim/moveit2_UR5/build/ur5_moveit_config': AMENT_PREFIX_PATH=/home/leo/ws_isaacsim/moveit2_UR5/install/robot_description:${AMENT_PREFIX_PATH} CMAKE_PREFIX_PATH=/home/leo/ws_isaacsim/moveit2_UR5/install/robot_description:/opt/ros/humble /usr/bin/cmake --build /home/leo/ws_isaacsim/moveit2_UR5/build/ur5_moveit_config -- -j32 -l32
[0.432s] Invoked command in '/home/leo/ws_isaacsim/moveit2_UR5/build/ur5_moveit_config' returned '0': AMENT_PREFIX_PATH=/home/leo/ws_isaacsim/moveit2_UR5/install/robot_description:${AMENT_PREFIX_PATH} CMAKE_PREFIX_PATH=/home/leo/ws_isaacsim/moveit2_UR5/install/robot_description:/opt/ros/humble /usr/bin/cmake --build /home/leo/ws_isaacsim/moveit2_UR5/build/ur5_moveit_config -- -j32 -l32
[0.433s] Invoking command in '/home/leo/ws_isaacsim/moveit2_UR5/build/ur5_moveit_config': AMENT_PREFIX_PATH=/home/leo/ws_isaacsim/moveit2_UR5/install/robot_description:${AMENT_PREFIX_PATH} CMAKE_PREFIX_PATH=/home/leo/ws_isaacsim/moveit2_UR5/install/robot_description:/opt/ros/humble /usr/bin/cmake --install /home/leo/ws_isaacsim/moveit2_UR5/build/ur5_moveit_config
[0.437s] -- Install configuration: ""
[0.437s] -- Installing: /home/leo/ws_isaacsim/moveit2_UR5/install/ur5_moveit_config/share/ament_index/resource_index/package_run_dependencies/ur5_moveit_config
[0.437s] -- Installing: /home/leo/ws_isaacsim/moveit2_UR5/install/ur5_moveit_config/share/ament_index/resource_index/parent_prefix_path/ur5_moveit_config
[0.437s] -- Installing: /home/leo/ws_isaacsim/moveit2_UR5/install/ur5_moveit_config/share/ur5_moveit_config/environment/ament_prefix_path.sh
[0.437s] -- Installing: /home/leo/ws_isaacsim/moveit2_UR5/install/ur5_moveit_config/share/ur5_moveit_config/environment/ament_prefix_path.dsv
[0.437s] -- Installing: /home/leo/ws_isaacsim/moveit2_UR5/install/ur5_moveit_config/share/ur5_moveit_config/environment/path.sh
[0.437s] -- Installing: /home/leo/ws_isaacsim/moveit2_UR5/install/ur5_moveit_config/share/ur5_moveit_config/environment/path.dsv
[0.437s] -- Installing: /home/leo/ws_isaacsim/moveit2_UR5/install/ur5_moveit_config/share/ur5_moveit_config/local_setup.bash
[0.437s] -- Installing: /home/leo/ws_isaacsim/moveit2_UR5/install/ur5_moveit_config/share/ur5_moveit_config/local_setup.sh
[0.437s] -- Installing: /home/leo/ws_isaacsim/moveit2_UR5/install/ur5_moveit_config/share/ur5_moveit_config/local_setup.zsh
[0.438s] -- Installing: /home/leo/ws_isaacsim/moveit2_UR5/install/ur5_moveit_config/share/ur5_moveit_config/local_setup.dsv
[0.438s] -- Installing: /home/leo/ws_isaacsim/moveit2_UR5/install/ur5_moveit_config/share/ur5_moveit_config/package.dsv
[0.438s] -- Installing: /home/leo/ws_isaacsim/moveit2_UR5/install/ur5_moveit_config/share/ament_index/resource_index/packages/ur5_moveit_config
[0.438s] -- Installing: /home/leo/ws_isaacsim/moveit2_UR5/install/ur5_moveit_config/share/ur5_moveit_config/cmake/ur5_moveit_configConfig.cmake
[0.438s] -- Installing: /home/leo/ws_isaacsim/moveit2_UR5/install/ur5_moveit_config/share/ur5_moveit_config/cmake/ur5_moveit_configConfig-version.cmake
[0.438s] -- Installing: /home/leo/ws_isaacsim/moveit2_UR5/install/ur5_moveit_config/share/ur5_moveit_config/package.xml
[0.438s] -- Installing: /home/leo/ws_isaacsim/moveit2_UR5/install/ur5_moveit_config/share/ur5_moveit_config/launch
[0.438s] -- Installing: /home/leo/ws_isaacsim/moveit2_UR5/install/ur5_moveit_config/share/ur5_moveit_config/launch/warehouse_db.launch.py
[0.438s] -- Installing: /home/leo/ws_isaacsim/moveit2_UR5/install/ur5_moveit_config/share/ur5_moveit_config/launch/moveit_rviz.launch.py
[0.438s] -- Installing: /home/leo/ws_isaacsim/moveit2_UR5/install/ur5_moveit_config/share/ur5_moveit_config/launch/rsp.launch.py
[0.438s] -- Installing: /home/leo/ws_isaacsim/moveit2_UR5/install/ur5_moveit_config/share/ur5_moveit_config/launch/static_virtual_joint_tfs.launch.py
[0.438s] -- Installing: /home/leo/ws_isaacsim/moveit2_UR5/install/ur5_moveit_config/share/ur5_moveit_config/launch/demo.launch.py
[0.439s] -- Installing: /home/leo/ws_isaacsim/moveit2_UR5/install/ur5_moveit_config/share/ur5_moveit_config/launch/spawn_controllers.launch.py
[0.439s] -- Installing: /home/leo/ws_isaacsim/moveit2_UR5/install/ur5_moveit_config/share/ur5_moveit_config/launch/setup_assistant.launch.py
[0.439s] -- Installing: /home/leo/ws_isaacsim/moveit2_UR5/install/ur5_moveit_config/share/ur5_moveit_config/launch/move_group.launch.py
[0.439s] -- Installing: /home/leo/ws_isaacsim/moveit2_UR5/install/ur5_moveit_config/share/ur5_moveit_config/config
[0.439s] -- Installing: /home/leo/ws_isaacsim/moveit2_UR5/install/ur5_moveit_config/share/ur5_moveit_config/config/ur5.srdf
[0.439s] -- Installing: /home/leo/ws_isaacsim/moveit2_UR5/install/ur5_moveit_config/share/ur5_moveit_config/config/moveit_controllers.yaml
[0.439s] -- Installing: /home/leo/ws_isaacsim/moveit2_UR5/install/ur5_moveit_config/share/ur5_moveit_config/config/pilz_cartesian_limits.yaml
[0.439s] -- Installing: /home/leo/ws_isaacsim/moveit2_UR5/install/ur5_moveit_config/share/ur5_moveit_config/config/ur5.ros2_control.xacro
[0.439s] -- Installing: /home/leo/ws_isaacsim/moveit2_UR5/install/ur5_moveit_config/share/ur5_moveit_config/config/ur5.urdf
[0.439s] -- Installing: /home/leo/ws_isaacsim/moveit2_UR5/install/ur5_moveit_config/share/ur5_moveit_config/config/ur5.urdf.xacro
[0.439s] -- Installing: /home/leo/ws_isaacsim/moveit2_UR5/install/ur5_moveit_config/share/ur5_moveit_config/config/moveit.rviz
[0.439s] -- Installing: /home/leo/ws_isaacsim/moveit2_UR5/install/ur5_moveit_config/share/ur5_moveit_config/config/ros2_controllers.yaml
[0.439s] -- Installing: /home/leo/ws_isaacsim/moveit2_UR5/install/ur5_moveit_config/share/ur5_moveit_config/config/ur5
[0.439s] -- Installing: /home/leo/ws_isaacsim/moveit2_UR5/install/ur5_moveit_config/share/ur5_moveit_config/config/ur5/ur5.usd
[0.447s] -- Installing: /home/leo/ws_isaacsim/moveit2_UR5/install/ur5_moveit_config/share/ur5_moveit_config/config/kinematics.yaml
[0.448s] -- Installing: /home/leo/ws_isaacsim/moveit2_UR5/install/ur5_moveit_config/share/ur5_moveit_config/config/joint_limits.yaml
[0.448s] -- Installing: /home/leo/ws_isaacsim/moveit2_UR5/install/ur5_moveit_config/share/ur5_moveit_config/config/initial_positions.yaml
[0.448s] -- Installing: /home/leo/ws_isaacsim/moveit2_UR5/install/ur5_moveit_config/share/ur5_moveit_config/.setup_assistant
[0.449s] Invoked command in '/home/leo/ws_isaacsim/moveit2_UR5/build/ur5_moveit_config' returned '0': AMENT_PREFIX_PATH=/home/leo/ws_isaacsim/moveit2_UR5/install/robot_description:${AMENT_PREFIX_PATH} CMAKE_PREFIX_PATH=/home/leo/ws_isaacsim/moveit2_UR5/install/robot_description:/opt/ros/humble /usr/bin/cmake --install /home/leo/ws_isaacsim/moveit2_UR5/build/ur5_moveit_config
