[0.303s] Invoking command in '/home/leo/ws_isaacsim/unitree/src/Unitree_G1_Description': PYTHONPATH=/home/leo/ws_isaacsim/unitree/build/Unitree_G1_Description/prefix_override:/usr/lib/python3/dist-packages/colcon_core/task/python/colcon_distutils_commands:/home/leo/ws_isaacsim/unitree/install/Unitree_G1_Description/lib/python3.10/site-packages:${PYTHONPATH} /usr/bin/python3 -W ignore:setup.py install is deprecated -W ignore:easy_install command is deprecated setup.py egg_info --egg-base ../../build/Unitree_G1_Description build --build-base /home/leo/ws_isaacsim/unitree/build/Unitree_G1_Description/build install --record /home/leo/ws_isaacsim/unitree/build/Unitree_G1_Description/install.log --single-version-externally-managed install_data
[0.379s] /home/leo/.local/lib/python3.10/site-packages/setuptools/_distutils/dist.py:289: UserWarning: Unknown distribution option: 'tests_require'
[0.379s]   warnings.warn(msg)
[0.423s] running egg_info
[0.430s] writing ../../build/Unitree_G1_Description/Unitree_G1_Description.egg-info/PKG-INFO
[0.430s] writing dependency_links to ../../build/Unitree_G1_Description/Unitree_G1_Description.egg-info/dependency_links.txt
[0.430s] writing requirements to ../../build/Unitree_G1_Description/Unitree_G1_Description.egg-info/requires.txt
[0.430s] writing top-level names to ../../build/Unitree_G1_Description/Unitree_G1_Description.egg-info/top_level.txt
[0.445s] reading manifest file '../../build/Unitree_G1_Description/Unitree_G1_Description.egg-info/SOURCES.txt'
[0.445s] adding license file 'LICENSE'
[0.447s] writing manifest file '../../build/Unitree_G1_Description/Unitree_G1_Description.egg-info/SOURCES.txt'
[0.447s] running build
[0.447s] running build_py
[0.447s] copying Unitree_G1_Description/__init__.py -> /home/leo/ws_isaacsim/unitree/build/Unitree_G1_Description/build/lib/Unitree_G1_Description
[0.447s] running install
[0.449s] running install_lib
[0.456s] running install_data
[0.456s] copying resource/Unitree_G1_Description -> /home/leo/ws_isaacsim/unitree/install/Unitree_G1_Description/share/ament_index/resource_index/packages
[0.456s] copying package.xml -> /home/leo/ws_isaacsim/unitree/install/Unitree_G1_Description/share/Unitree_G1_Description
[0.456s] copying launch/display.launch.py -> /home/leo/ws_isaacsim/unitree/install/Unitree_G1_Description/share/Unitree_G1_Description/launch
[0.456s] copying urdf/g1_29dof_with_hand.urdf -> /home/leo/ws_isaacsim/unitree/install/Unitree_G1_Description/share/Unitree_G1_Description/urdf
[0.456s] copying urdf/g1_23dof.urdf -> /home/leo/ws_isaacsim/unitree/install/Unitree_G1_Description/share/Unitree_G1_Description/urdf
[0.456s] copying urdf/g1_29dof.urdf -> /home/leo/ws_isaacsim/unitree/install/Unitree_G1_Description/share/Unitree_G1_Description/urdf
[0.457s] copying urdf/g1_29dof_lock_waist_rev_1_0.urdf -> /home/leo/ws_isaacsim/unitree/install/Unitree_G1_Description/share/Unitree_G1_Description/urdf
[0.457s] copying urdf/g1_comp.urdf -> /home/leo/ws_isaacsim/unitree/install/Unitree_G1_Description/share/Unitree_G1_Description/urdf
[0.457s] copying urdf/g1_29dof_rev_1_0_with_inspire_hand_FTP.urdf -> /home/leo/ws_isaacsim/unitree/install/Unitree_G1_Description/share/Unitree_G1_Description/urdf
[0.457s] copying urdf/dex3_1_r.urdf -> /home/leo/ws_isaacsim/unitree/install/Unitree_G1_Description/share/Unitree_G1_Description/urdf
[0.457s] copying urdf/dex3_1_l.urdf -> /home/leo/ws_isaacsim/unitree/install/Unitree_G1_Description/share/Unitree_G1_Description/urdf
[0.457s] copying urdf/g1_29dof_lock_waist.urdf -> /home/leo/ws_isaacsim/unitree/install/Unitree_G1_Description/share/Unitree_G1_Description/urdf
[0.457s] copying urdf/g1_29dof_rev_1_0_with_inspire_hand_DFQ.urdf -> /home/leo/ws_isaacsim/unitree/install/Unitree_G1_Description/share/Unitree_G1_Description/urdf
[0.457s] copying urdf/g1_dual_arm.urdf -> /home/leo/ws_isaacsim/unitree/install/Unitree_G1_Description/share/Unitree_G1_Description/urdf
[0.457s] copying urdf/g1_29dof_rev_1_0.urdf -> /home/leo/ws_isaacsim/unitree/install/Unitree_G1_Description/share/Unitree_G1_Description/urdf
[0.457s] copying urdf/g1_23dof_rev_1_0.urdf -> /home/leo/ws_isaacsim/unitree/install/Unitree_G1_Description/share/Unitree_G1_Description/urdf
[0.457s] copying urdf/g1_29dof_with_hand_rev_1_0.urdf -> /home/leo/ws_isaacsim/unitree/install/Unitree_G1_Description/share/Unitree_G1_Description/urdf
[0.457s] copying urdf/g1_29dof_lock_waist_with_hand_rev_1_0.urdf -> /home/leo/ws_isaacsim/unitree/install/Unitree_G1_Description/share/Unitree_G1_Description/urdf
[0.457s] copying urdf/inspire_hand/DFQ_right_hand.urdf -> /home/leo/ws_isaacsim/unitree/install/Unitree_G1_Description/share/Unitree_G1_Description/urdf/inspire_hand
[0.457s] copying urdf/inspire_hand/FTP_left_hand.urdf -> /home/leo/ws_isaacsim/unitree/install/Unitree_G1_Description/share/Unitree_G1_Description/urdf/inspire_hand
[0.457s] copying urdf/inspire_hand/FTP_right_hand.urdf -> /home/leo/ws_isaacsim/unitree/install/Unitree_G1_Description/share/Unitree_G1_Description/urdf/inspire_hand
[0.457s] copying urdf/inspire_hand/DFQ_left_hand.urdf -> /home/leo/ws_isaacsim/unitree/install/Unitree_G1_Description/share/Unitree_G1_Description/urdf/inspire_hand
[0.457s] copying urdf/inspire_hand/config.yaml -> /home/leo/ws_isaacsim/unitree/install/Unitree_G1_Description/share/Unitree_G1_Description/urdf/inspire_hand
[0.458s] copying meshes/waist_constraint_L.STL -> /home/leo/ws_isaacsim/unitree/install/Unitree_G1_Description/share/Unitree_G1_Description/meshes
[0.458s] copying meshes/right_wrist_yaw_link.STL -> /home/leo/ws_isaacsim/unitree/install/Unitree_G1_Description/share/Unitree_G1_Description/meshes
[0.458s] copying meshes/right_middle_1.STL -> /home/leo/ws_isaacsim/unitree/install/Unitree_G1_Description/share/Unitree_G1_Description/meshes
[0.458s] copying meshes/waist_yaw_link_rev_1_0.STL -> /home/leo/ws_isaacsim/unitree/install/Unitree_G1_Description/share/Unitree_G1_Description/meshes
[0.459s] copying meshes/left_wrist_pitch_link.STL -> /home/leo/ws_isaacsim/unitree/install/Unitree_G1_Description/share/Unitree_G1_Description/meshes
[0.459s] copying meshes/right_shoulder_pitch_link.STL -> /home/leo/ws_isaacsim/unitree/install/Unitree_G1_Description/share/Unitree_G1_Description/meshes
[0.459s] copying meshes/R_hand_base_link.STL -> /home/leo/ws_isaacsim/unitree/install/Unitree_G1_Description/share/Unitree_G1_Description/meshes
[0.460s] copying meshes/right_rubber_hand.STL -> /home/leo/ws_isaacsim/unitree/install/Unitree_G1_Description/share/Unitree_G1_Description/meshes
[0.461s] copying meshes/Link22_L.STL -> /home/leo/ws_isaacsim/unitree/install/Unitree_G1_Description/share/Unitree_G1_Description/meshes
[0.461s] copying meshes/waist_yaw_link.STL -> /home/leo/ws_isaacsim/unitree/install/Unitree_G1_Description/share/Unitree_G1_Description/meshes
[0.461s] copying meshes/right_hand_middle_0_link.STL -> /home/leo/ws_isaacsim/unitree/install/Unitree_G1_Description/share/Unitree_G1_Description/meshes
[0.462s] copying meshes/torso_link_23dof_rev_1_0.STL -> /home/leo/ws_isaacsim/unitree/install/Unitree_G1_Description/share/Unitree_G1_Description/meshes
[0.465s] copying meshes/Link19_R.STL -> /home/leo/ws_isaacsim/unitree/install/Unitree_G1_Description/share/Unitree_G1_Description/meshes
[0.465s] copying meshes/right_thumb_3.STL -> /home/leo/ws_isaacsim/unitree/install/Unitree_G1_Description/share/Unitree_G1_Description/meshes
[0.465s] copying meshes/left_ring_1.STL -> /home/leo/ws_isaacsim/unitree/install/Unitree_G1_Description/share/Unitree_G1_Description/meshes
[0.466s] copying meshes/left_ring_2.STL -> /home/leo/ws_isaacsim/unitree/install/Unitree_G1_Description/share/Unitree_G1_Description/meshes
[0.466s] copying meshes/waist_roll_link.STL -> /home/leo/ws_isaacsim/unitree/install/Unitree_G1_Description/share/Unitree_G1_Description/meshes
[0.466s] copying meshes/right_base_link.STL -> /home/leo/ws_isaacsim/unitree/install/Unitree_G1_Description/share/Unitree_G1_Description/meshes
[0.468s] copying meshes/pelvis_contour_link.STL -> /home/leo/ws_isaacsim/unitree/install/Unitree_G1_Description/share/Unitree_G1_Description/meshes
[0.469s] copying meshes/left_base_link.STL -> /home/leo/ws_isaacsim/unitree/install/Unitree_G1_Description/share/Unitree_G1_Description/meshes
[0.470s] copying meshes/left_knee_link.STL -> /home/leo/ws_isaacsim/unitree/install/Unitree_G1_Description/share/Unitree_G1_Description/meshes
[0.471s] copying meshes/left_thumb_swing.STL -> /home/leo/ws_isaacsim/unitree/install/Unitree_G1_Description/share/Unitree_G1_Description/meshes
[0.471s] copying meshes/waist_support_link.STL -> /home/leo/ws_isaacsim/unitree/install/Unitree_G1_Description/share/Unitree_G1_Description/meshes
[0.471s] copying meshes/left_hand_index_1_link.STL -> /home/leo/ws_isaacsim/unitree/install/Unitree_G1_Description/share/Unitree_G1_Description/meshes
[0.472s] copying meshes/left_hip_pitch_link.STL -> /home/leo/ws_isaacsim/unitree/install/Unitree_G1_Description/share/Unitree_G1_Description/meshes
[0.472s] copying meshes/right_thumb_1.STL -> /home/leo/ws_isaacsim/unitree/install/Unitree_G1_Description/share/Unitree_G1_Description/meshes
[0.472s] copying meshes/right_hand_middle_1_link.STL -> /home/leo/ws_isaacsim/unitree/install/Unitree_G1_Description/share/Unitree_G1_Description/meshes
[0.472s] copying meshes/Link11_L.STL -> /home/leo/ws_isaacsim/unitree/install/Unitree_G1_Description/share/Unitree_G1_Description/meshes
[0.472s] copying meshes/Link18_R.STL -> /home/leo/ws_isaacsim/unitree/install/Unitree_G1_Description/share/Unitree_G1_Description/meshes
[0.473s] copying meshes/left_thumb_2.STL -> /home/leo/ws_isaacsim/unitree/install/Unitree_G1_Description/share/Unitree_G1_Description/meshes
[0.473s] copying meshes/Link14_L.STL -> /home/leo/ws_isaacsim/unitree/install/Unitree_G1_Description/share/Unitree_G1_Description/meshes
[0.473s] copying meshes/Link22_R.STL -> /home/leo/ws_isaacsim/unitree/install/Unitree_G1_Description/share/Unitree_G1_Description/meshes
[0.473s] copying meshes/left_rubber_hand.STL -> /home/leo/ws_isaacsim/unitree/install/Unitree_G1_Description/share/Unitree_G1_Description/meshes
[0.474s] copying meshes/left_wrist_yaw_link.STL -> /home/leo/ws_isaacsim/unitree/install/Unitree_G1_Description/share/Unitree_G1_Description/meshes
[0.474s] copying meshes/waist_roll_link_rev_1_0.STL -> /home/leo/ws_isaacsim/unitree/install/Unitree_G1_Description/share/Unitree_G1_Description/meshes
[0.474s] copying meshes/torso_constraint_L_rod_link.STL -> /home/leo/ws_isaacsim/unitree/install/Unitree_G1_Description/share/Unitree_G1_Description/meshes
[0.474s] copying meshes/torso_link.STL -> /home/leo/ws_isaacsim/unitree/install/Unitree_G1_Description/share/Unitree_G1_Description/meshes
[0.475s] copying meshes/Link11_R.STL -> /home/leo/ws_isaacsim/unitree/install/Unitree_G1_Description/share/Unitree_G1_Description/meshes
[0.475s] copying meshes/left_shoulder_pitch_link.STL -> /home/leo/ws_isaacsim/unitree/install/Unitree_G1_Description/share/Unitree_G1_Description/meshes
[0.475s] copying meshes/right_wrist_roll_link.STL -> /home/leo/ws_isaacsim/unitree/install/Unitree_G1_Description/share/Unitree_G1_Description/meshes
[0.476s] copying meshes/left_wrist_roll_rubber_hand.STL -> /home/leo/ws_isaacsim/unitree/install/Unitree_G1_Description/share/Unitree_G1_Description/meshes
[0.477s] copying meshes/head_link.STL -> /home/leo/ws_isaacsim/unitree/install/Unitree_G1_Description/share/Unitree_G1_Description/meshes
[0.478s] copying meshes/left_elbow_link.STL -> /home/leo/ws_isaacsim/unitree/install/Unitree_G1_Description/share/Unitree_G1_Description/meshes
[0.478s] copying meshes/right_hand_thumb_2_link.STL -> /home/leo/ws_isaacsim/unitree/install/Unitree_G1_Description/share/Unitree_G1_Description/meshes
[0.478s] copying meshes/left_little_2.STL -> /home/leo/ws_isaacsim/unitree/install/Unitree_G1_Description/share/Unitree_G1_Description/meshes
[0.479s] copying meshes/left_shoulder_roll_link.STL -> /home/leo/ws_isaacsim/unitree/install/Unitree_G1_Description/share/Unitree_G1_Description/meshes
[0.479s] copying meshes/left_hip_yaw_link.STL -> /home/leo/ws_isaacsim/unitree/install/Unitree_G1_Description/share/Unitree_G1_Description/meshes
[0.479s] copying meshes/Link21_L.STL -> /home/leo/ws_isaacsim/unitree/install/Unitree_G1_Description/share/Unitree_G1_Description/meshes
[0.479s] copying meshes/Link19_L.STL -> /home/leo/ws_isaacsim/unitree/install/Unitree_G1_Description/share/Unitree_G1_Description/meshes
[0.480s] copying meshes/right_ankle_roll_link.STL -> /home/leo/ws_isaacsim/unitree/install/Unitree_G1_Description/share/Unitree_G1_Description/meshes
[0.480s] copying meshes/Link15_R.STL -> /home/leo/ws_isaacsim/unitree/install/Unitree_G1_Description/share/Unitree_G1_Description/meshes
[0.480s] copying meshes/right_hand_index_0_link.STL -> /home/leo/ws_isaacsim/unitree/install/Unitree_G1_Description/share/Unitree_G1_Description/meshes
[0.480s] copying meshes/Link12_R.STL -> /home/leo/ws_isaacsim/unitree/install/Unitree_G1_Description/share/Unitree_G1_Description/meshes
[0.481s] copying meshes/waist_constraint_R.STL -> /home/leo/ws_isaacsim/unitree/install/Unitree_G1_Description/share/Unitree_G1_Description/meshes
[0.481s] copying meshes/Link18_L.STL -> /home/leo/ws_isaacsim/unitree/install/Unitree_G1_Description/share/Unitree_G1_Description/meshes
[0.481s] copying meshes/logo_link.STL -> /home/leo/ws_isaacsim/unitree/install/Unitree_G1_Description/share/Unitree_G1_Description/meshes
[0.481s] copying meshes/head_servo_link.STL -> /home/leo/ws_isaacsim/unitree/install/Unitree_G1_Description/share/Unitree_G1_Description/meshes
[0.481s] copying meshes/right_hip_roll_link.STL -> /home/leo/ws_isaacsim/unitree/install/Unitree_G1_Description/share/Unitree_G1_Description/meshes
[0.482s] copying meshes/right_little_2.STL -> /home/leo/ws_isaacsim/unitree/install/Unitree_G1_Description/share/Unitree_G1_Description/meshes
[0.482s] copying meshes/right_index_1.STL -> /home/leo/ws_isaacsim/unitree/install/Unitree_G1_Description/share/Unitree_G1_Description/meshes
[0.482s] copying meshes/right_shoulder_roll_link.STL -> /home/leo/ws_isaacsim/unitree/install/Unitree_G1_Description/share/Unitree_G1_Description/meshes
[0.483s] copying meshes/pelvis.STL -> /home/leo/ws_isaacsim/unitree/install/Unitree_G1_Description/share/Unitree_G1_Description/meshes
[0.483s] copying meshes/Link16_L.STL -> /home/leo/ws_isaacsim/unitree/install/Unitree_G1_Description/share/Unitree_G1_Description/meshes
[0.483s] copying meshes/Link13_R.STL -> /home/leo/ws_isaacsim/unitree/install/Unitree_G1_Description/share/Unitree_G1_Description/meshes
[0.484s] copying meshes/Link20_L.STL -> /home/leo/ws_isaacsim/unitree/install/Unitree_G1_Description/share/Unitree_G1_Description/meshes
[0.484s] copying meshes/right_wrist_roll_rubber_hand.STL -> /home/leo/ws_isaacsim/unitree/install/Unitree_G1_Description/share/Unitree_G1_Description/meshes
[0.485s] copying meshes/left_hand_middle_1_link.STL -> /home/leo/ws_isaacsim/unitree/install/Unitree_G1_Description/share/Unitree_G1_Description/meshes
[0.486s] copying meshes/left_index_1.STL -> /home/leo/ws_isaacsim/unitree/install/Unitree_G1_Description/share/Unitree_G1_Description/meshes
[0.487s] copying meshes/Link12_L.STL -> /home/leo/ws_isaacsim/unitree/install/Unitree_G1_Description/share/Unitree_G1_Description/meshes
[0.488s] copying meshes/left_index_2.STL -> /home/leo/ws_isaacsim/unitree/install/Unitree_G1_Description/share/Unitree_G1_Description/meshes
[0.488s] copying meshes/right_elbow_link.STL -> /home/leo/ws_isaacsim/unitree/install/Unitree_G1_Description/share/Unitree_G1_Description/meshes
[0.488s] copying meshes/right_wrist_pitch_link.STL -> /home/leo/ws_isaacsim/unitree/install/Unitree_G1_Description/share/Unitree_G1_Description/meshes
[0.488s] copying meshes/left_wrist_roll_link.STL -> /home/leo/ws_isaacsim/unitree/install/Unitree_G1_Description/share/Unitree_G1_Description/meshes
[0.488s] copying meshes/left_shoulder_yaw_link.STL -> /home/leo/ws_isaacsim/unitree/install/Unitree_G1_Description/share/Unitree_G1_Description/meshes
[0.489s] copying meshes/Link15_L.STL -> /home/leo/ws_isaacsim/unitree/install/Unitree_G1_Description/share/Unitree_G1_Description/meshes
[0.489s] copying meshes/torso_constraint_L_link.STL -> /home/leo/ws_isaacsim/unitree/install/Unitree_G1_Description/share/Unitree_G1_Description/meshes
[0.489s] copying meshes/right_hand_thumb_1_link.STL -> /home/leo/ws_isaacsim/unitree/install/Unitree_G1_Description/share/Unitree_G1_Description/meshes
[0.489s] copying meshes/d455_link.STL -> /home/leo/ws_isaacsim/unitree/install/Unitree_G1_Description/share/Unitree_G1_Description/meshes
[0.490s] copying meshes/Link14_R.STL -> /home/leo/ws_isaacsim/unitree/install/Unitree_G1_Description/share/Unitree_G1_Description/meshes
[0.490s] copying meshes/left_hand_thumb_0_link.STL -> /home/leo/ws_isaacsim/unitree/install/Unitree_G1_Description/share/Unitree_G1_Description/meshes
[0.490s] copying meshes/right_hip_yaw_link.STL -> /home/leo/ws_isaacsim/unitree/install/Unitree_G1_Description/share/Unitree_G1_Description/meshes
[0.490s] copying meshes/right_middle_2.STL -> /home/leo/ws_isaacsim/unitree/install/Unitree_G1_Description/share/Unitree_G1_Description/meshes
[0.491s] copying meshes/left_hand_middle_0_link.STL -> /home/leo/ws_isaacsim/unitree/install/Unitree_G1_Description/share/Unitree_G1_Description/meshes
[0.491s] copying meshes/right_hand_thumb_0_link.STL -> /home/leo/ws_isaacsim/unitree/install/Unitree_G1_Description/share/Unitree_G1_Description/meshes
[0.491s] copying meshes/right_hand_index_1_link.STL -> /home/leo/ws_isaacsim/unitree/install/Unitree_G1_Description/share/Unitree_G1_Description/meshes
[0.492s] copying meshes/left_little_1.STL -> /home/leo/ws_isaacsim/unitree/install/Unitree_G1_Description/share/Unitree_G1_Description/meshes
[0.492s] copying meshes/right_shoulder_yaw_link.STL -> /home/leo/ws_isaacsim/unitree/install/Unitree_G1_Description/share/Unitree_G1_Description/meshes
[0.493s] copying meshes/right_knee_link.STL -> /home/leo/ws_isaacsim/unitree/install/Unitree_G1_Description/share/Unitree_G1_Description/meshes
[0.493s] copying meshes/left_middle_2.STL -> /home/leo/ws_isaacsim/unitree/install/Unitree_G1_Description/share/Unitree_G1_Description/meshes
[0.493s] copying meshes/torso_constraint_R_rod_link.STL -> /home/leo/ws_isaacsim/unitree/install/Unitree_G1_Description/share/Unitree_G1_Description/meshes
[0.493s] copying meshes/right_ankle_pitch_link.STL -> /home/leo/ws_isaacsim/unitree/install/Unitree_G1_Description/share/Unitree_G1_Description/meshes
[0.493s] copying meshes/left_ankle_pitch_link.STL -> /home/leo/ws_isaacsim/unitree/install/Unitree_G1_Description/share/Unitree_G1_Description/meshes
[0.494s] copying meshes/left_hand_thumb_2_link.STL -> /home/leo/ws_isaacsim/unitree/install/Unitree_G1_Description/share/Unitree_G1_Description/meshes
[0.494s] copying meshes/left_hand_index_0_link.STL -> /home/leo/ws_isaacsim/unitree/install/Unitree_G1_Description/share/Unitree_G1_Description/meshes
[0.495s] copying meshes/left_hand_palm_link.STL -> /home/leo/ws_isaacsim/unitree/install/Unitree_G1_Description/share/Unitree_G1_Description/meshes
[0.496s] copying meshes/right_little_1.STL -> /home/leo/ws_isaacsim/unitree/install/Unitree_G1_Description/share/Unitree_G1_Description/meshes
[0.497s] copying meshes/right_hand_palm_link.STL -> /home/leo/ws_isaacsim/unitree/install/Unitree_G1_Description/share/Unitree_G1_Description/meshes
[0.497s] copying meshes/torso_link_rev_1_0.STL -> /home/leo/ws_isaacsim/unitree/install/Unitree_G1_Description/share/Unitree_G1_Description/meshes
[0.498s] copying meshes/Link13_L.STL -> /home/leo/ws_isaacsim/unitree/install/Unitree_G1_Description/share/Unitree_G1_Description/meshes
[0.499s] copying meshes/right_thumb_2.STL -> /home/leo/ws_isaacsim/unitree/install/Unitree_G1_Description/share/Unitree_G1_Description/meshes
[0.499s] copying meshes/right_hip_pitch_link.STL -> /home/leo/ws_isaacsim/unitree/install/Unitree_G1_Description/share/Unitree_G1_Description/meshes
[0.499s] copying meshes/left_middle_1.STL -> /home/leo/ws_isaacsim/unitree/install/Unitree_G1_Description/share/Unitree_G1_Description/meshes
[0.500s] copying meshes/Link20_R.STL -> /home/leo/ws_isaacsim/unitree/install/Unitree_G1_Description/share/Unitree_G1_Description/meshes
[0.500s] copying meshes/Link21_R.STL -> /home/leo/ws_isaacsim/unitree/install/Unitree_G1_Description/share/Unitree_G1_Description/meshes
[0.500s] copying meshes/right_thumb_4.STL -> /home/leo/ws_isaacsim/unitree/install/Unitree_G1_Description/share/Unitree_G1_Description/meshes
[0.500s] copying meshes/L_hand_base_link.STL -> /home/leo/ws_isaacsim/unitree/install/Unitree_G1_Description/share/Unitree_G1_Description/meshes
[0.501s] copying meshes/right_index_2.STL -> /home/leo/ws_isaacsim/unitree/install/Unitree_G1_Description/share/Unitree_G1_Description/meshes
[0.501s] copying meshes/Link16_R.STL -> /home/leo/ws_isaacsim/unitree/install/Unitree_G1_Description/share/Unitree_G1_Description/meshes
[0.502s] copying meshes/left_hip_roll_link.STL -> /home/leo/ws_isaacsim/unitree/install/Unitree_G1_Description/share/Unitree_G1_Description/meshes
[0.502s] copying meshes/right_ring_1.STL -> /home/leo/ws_isaacsim/unitree/install/Unitree_G1_Description/share/Unitree_G1_Description/meshes
[0.502s] copying meshes/xl330_link.STL -> /home/leo/ws_isaacsim/unitree/install/Unitree_G1_Description/share/Unitree_G1_Description/meshes
[0.502s] copying meshes/Link17_L.STL -> /home/leo/ws_isaacsim/unitree/install/Unitree_G1_Description/share/Unitree_G1_Description/meshes
[0.503s] copying meshes/left_thumb_1.STL -> /home/leo/ws_isaacsim/unitree/install/Unitree_G1_Description/share/Unitree_G1_Description/meshes
[0.503s] copying meshes/right_ring_2.STL -> /home/leo/ws_isaacsim/unitree/install/Unitree_G1_Description/share/Unitree_G1_Description/meshes
[0.503s] copying meshes/torso_constraint_R_link.STL -> /home/leo/ws_isaacsim/unitree/install/Unitree_G1_Description/share/Unitree_G1_Description/meshes
[0.503s] copying meshes/left_hand_thumb_1_link.STL -> /home/leo/ws_isaacsim/unitree/install/Unitree_G1_Description/share/Unitree_G1_Description/meshes
[0.504s] copying meshes/Link17_R.STL -> /home/leo/ws_isaacsim/unitree/install/Unitree_G1_Description/share/Unitree_G1_Description/meshes
[0.504s] copying meshes/left_thumb_3.STL -> /home/leo/ws_isaacsim/unitree/install/Unitree_G1_Description/share/Unitree_G1_Description/meshes
[0.504s] copying meshes/left_ankle_roll_link.STL -> /home/leo/ws_isaacsim/unitree/install/Unitree_G1_Description/share/Unitree_G1_Description/meshes
[0.505s] running install_egg_info
[0.512s] removing '/home/leo/ws_isaacsim/unitree/install/Unitree_G1_Description/lib/python3.10/site-packages/Unitree_G1_Description-0.0.0-py3.10.egg-info' (and everything under it)
[0.512s] Copying ../../build/Unitree_G1_Description/Unitree_G1_Description.egg-info to /home/leo/ws_isaacsim/unitree/install/Unitree_G1_Description/lib/python3.10/site-packages/Unitree_G1_Description-0.0.0-py3.10.egg-info
[0.513s] running install_scripts
[0.528s] writing list of installed files to '/home/leo/ws_isaacsim/unitree/build/Unitree_G1_Description/install.log'
[0.539s] Invoked command in '/home/leo/ws_isaacsim/unitree/src/Unitree_G1_Description' returned '0': PYTHONPATH=/home/leo/ws_isaacsim/unitree/build/Unitree_G1_Description/prefix_override:/usr/lib/python3/dist-packages/colcon_core/task/python/colcon_distutils_commands:/home/leo/ws_isaacsim/unitree/install/Unitree_G1_Description/lib/python3.10/site-packages:${PYTHONPATH} /usr/bin/python3 -W ignore:setup.py install is deprecated -W ignore:easy_install command is deprecated setup.py egg_info --egg-base ../../build/Unitree_G1_Description build --build-base /home/leo/ws_isaacsim/unitree/build/Unitree_G1_Description/build install --record /home/leo/ws_isaacsim/unitree/build/Unitree_G1_Description/install.log --single-version-externally-managed install_data
