[0.004s] Invoking command in '/home/leo/ws_isaacsim/unitree/build/g1_moveit_config': AMENT_PREFIX_PATH=/home/leo/ws_isaacsim/unitree/install/Unitree_G1_Description:/home/leo/ws_isaacsim/unitree/install/g1_moveit_config:/opt/ros/humble CMAKE_PREFIX_PATH=${CMAKE_PREFIX_PATH}:/home/leo/ws_isaacsim/unitree/install/Unitree_G1_Description:/opt/ros/humble /usr/bin/cmake --build /home/leo/ws_isaacsim/unitree/build/g1_moveit_config -- -j32 -l32
[0.024s] Invoked command in '/home/leo/ws_isaacsim/unitree/build/g1_moveit_config' returned '0': AMENT_PREFIX_PATH=/home/leo/ws_isaacsim/unitree/install/Unitree_G1_Description:/home/leo/ws_isaacsim/unitree/install/g1_moveit_config:/opt/ros/humble CMAKE_PREFIX_PATH=${CMAKE_PREFIX_PATH}:/home/leo/ws_isaacsim/unitree/install/Unitree_G1_Description:/opt/ros/humble /usr/bin/cmake --build /home/leo/ws_isaacsim/unitree/build/g1_moveit_config -- -j32 -l32
[0.030s] Invoking command in '/home/leo/ws_isaacsim/unitree/build/g1_moveit_config': AMENT_PREFIX_PATH=/home/leo/ws_isaacsim/unitree/install/Unitree_G1_Description:/home/leo/ws_isaacsim/unitree/install/g1_moveit_config:/opt/ros/humble CMAKE_PREFIX_PATH=${CMAKE_PREFIX_PATH}:/home/leo/ws_isaacsim/unitree/install/Unitree_G1_Description:/opt/ros/humble /usr/bin/cmake --install /home/leo/ws_isaacsim/unitree/build/g1_moveit_config
[0.033s] -- Install configuration: ""
[0.033s] -- Up-to-date: /home/leo/ws_isaacsim/unitree/install/g1_moveit_config/share/ament_index/resource_index/package_run_dependencies/g1_moveit_config
[0.033s] -- Up-to-date: /home/leo/ws_isaacsim/unitree/install/g1_moveit_config/share/ament_index/resource_index/parent_prefix_path/g1_moveit_config
[0.033s] -- Up-to-date: /home/leo/ws_isaacsim/unitree/install/g1_moveit_config/share/g1_moveit_config/environment/ament_prefix_path.sh
[0.034s] -- Up-to-date: /home/leo/ws_isaacsim/unitree/install/g1_moveit_config/share/g1_moveit_config/environment/ament_prefix_path.dsv
[0.034s] -- Up-to-date: /home/leo/ws_isaacsim/unitree/install/g1_moveit_config/share/g1_moveit_config/environment/path.sh
[0.034s] -- Up-to-date: /home/leo/ws_isaacsim/unitree/install/g1_moveit_config/share/g1_moveit_config/environment/path.dsv
[0.034s] -- Up-to-date: /home/leo/ws_isaacsim/unitree/install/g1_moveit_config/share/g1_moveit_config/local_setup.bash
[0.034s] -- Up-to-date: /home/leo/ws_isaacsim/unitree/install/g1_moveit_config/share/g1_moveit_config/local_setup.sh
[0.034s] -- Up-to-date: /home/leo/ws_isaacsim/unitree/install/g1_moveit_config/share/g1_moveit_config/local_setup.zsh
[0.034s] -- Up-to-date: /home/leo/ws_isaacsim/unitree/install/g1_moveit_config/share/g1_moveit_config/local_setup.dsv
[0.034s] -- Installing: /home/leo/ws_isaacsim/unitree/install/g1_moveit_config/share/g1_moveit_config/package.dsv
[0.034s] -- Up-to-date: /home/leo/ws_isaacsim/unitree/install/g1_moveit_config/share/ament_index/resource_index/packages/g1_moveit_config
[0.034s] -- Up-to-date: /home/leo/ws_isaacsim/unitree/install/g1_moveit_config/share/g1_moveit_config/cmake/g1_moveit_configConfig.cmake
[0.034s] -- Up-to-date: /home/leo/ws_isaacsim/unitree/install/g1_moveit_config/share/g1_moveit_config/cmake/g1_moveit_configConfig-version.cmake
[0.034s] -- Up-to-date: /home/leo/ws_isaacsim/unitree/install/g1_moveit_config/share/g1_moveit_config/package.xml
[0.034s] -- Up-to-date: /home/leo/ws_isaacsim/unitree/install/g1_moveit_config/share/g1_moveit_config/launch
[0.034s] -- Up-to-date: /home/leo/ws_isaacsim/unitree/install/g1_moveit_config/share/g1_moveit_config/launch/warehouse_db.launch.py
[0.034s] -- Up-to-date: /home/leo/ws_isaacsim/unitree/install/g1_moveit_config/share/g1_moveit_config/launch/moveit_rviz.launch.py
[0.034s] -- Up-to-date: /home/leo/ws_isaacsim/unitree/install/g1_moveit_config/share/g1_moveit_config/launch/rsp.launch.py
[0.034s] -- Up-to-date: /home/leo/ws_isaacsim/unitree/install/g1_moveit_config/share/g1_moveit_config/launch/static_virtual_joint_tfs.launch.py
[0.034s] -- Up-to-date: /home/leo/ws_isaacsim/unitree/install/g1_moveit_config/share/g1_moveit_config/launch/demo.launch.py
[0.034s] -- Up-to-date: /home/leo/ws_isaacsim/unitree/install/g1_moveit_config/share/g1_moveit_config/launch/spawn_controllers.launch.py
[0.034s] -- Up-to-date: /home/leo/ws_isaacsim/unitree/install/g1_moveit_config/share/g1_moveit_config/launch/setup_assistant.launch.py
[0.034s] -- Up-to-date: /home/leo/ws_isaacsim/unitree/install/g1_moveit_config/share/g1_moveit_config/launch/move_group.launch.py
[0.034s] -- Up-to-date: /home/leo/ws_isaacsim/unitree/install/g1_moveit_config/share/g1_moveit_config/config
[0.034s] -- Installing: /home/leo/ws_isaacsim/unitree/install/g1_moveit_config/share/g1_moveit_config/config/g1_29dof_with_hand.ros2_control.xacro
[0.034s] -- Installing: /home/leo/ws_isaacsim/unitree/install/g1_moveit_config/share/g1_moveit_config/config/g1_29dof_with_hand.urdf
[0.034s] -- Up-to-date: /home/leo/ws_isaacsim/unitree/install/g1_moveit_config/share/g1_moveit_config/config/moveit_controllers.yaml
[0.034s] -- Up-to-date: /home/leo/ws_isaacsim/unitree/install/g1_moveit_config/share/g1_moveit_config/config/pilz_cartesian_limits.yaml
[0.034s] -- Installing: /home/leo/ws_isaacsim/unitree/install/g1_moveit_config/share/g1_moveit_config/config/g1_29dof_with_hand
[0.035s] -- Installing: /home/leo/ws_isaacsim/unitree/install/g1_moveit_config/share/g1_moveit_config/config/g1_29dof_with_hand/configuration
[0.035s] -- Installing: /home/leo/ws_isaacsim/unitree/install/g1_moveit_config/share/g1_moveit_config/config/g1_29dof_with_hand/configuration/g1_29dof_with_hand_physics.usd
[0.035s] -- Installing: /home/leo/ws_isaacsim/unitree/install/g1_moveit_config/share/g1_moveit_config/config/g1_29dof_with_hand/configuration/g1_29dof_with_hand_base.usd
[0.050s] -- Installing: /home/leo/ws_isaacsim/unitree/install/g1_moveit_config/share/g1_moveit_config/config/g1_29dof_with_hand/configuration/g1_29dof_with_hand_sensor.usd
[0.050s] -- Installing: /home/leo/ws_isaacsim/unitree/install/g1_moveit_config/share/g1_moveit_config/config/g1_29dof_with_hand/g1_29dof_with_hand.usd
[0.050s] -- Up-to-date: /home/leo/ws_isaacsim/unitree/install/g1_moveit_config/share/g1_moveit_config/config/g1_29dof_with_hand.srdf
[0.050s] -- Up-to-date: /home/leo/ws_isaacsim/unitree/install/g1_moveit_config/share/g1_moveit_config/config/moveit.rviz
[0.050s] -- Up-to-date: /home/leo/ws_isaacsim/unitree/install/g1_moveit_config/share/g1_moveit_config/config/ros2_controllers.yaml
[0.050s] -- Up-to-date: /home/leo/ws_isaacsim/unitree/install/g1_moveit_config/share/g1_moveit_config/config/g1_29dof_with_hand.urdf.xacro
[0.050s] -- Up-to-date: /home/leo/ws_isaacsim/unitree/install/g1_moveit_config/share/g1_moveit_config/config/kinematics.yaml
[0.050s] -- Up-to-date: /home/leo/ws_isaacsim/unitree/install/g1_moveit_config/share/g1_moveit_config/config/joint_limits.yaml
[0.050s] -- Up-to-date: /home/leo/ws_isaacsim/unitree/install/g1_moveit_config/share/g1_moveit_config/config/initial_positions.yaml
[0.050s] -- Up-to-date: /home/leo/ws_isaacsim/unitree/install/g1_moveit_config/share/g1_moveit_config/.setup_assistant
[0.051s] Invoked command in '/home/leo/ws_isaacsim/unitree/build/g1_moveit_config' returned '0': AMENT_PREFIX_PATH=/home/leo/ws_isaacsim/unitree/install/Unitree_G1_Description:/home/leo/ws_isaacsim/unitree/install/g1_moveit_config:/opt/ros/humble CMAKE_PREFIX_PATH=${CMAKE_PREFIX_PATH}:/home/leo/ws_isaacsim/unitree/install/Unitree_G1_Description:/opt/ros/humble /usr/bin/cmake --install /home/leo/ws_isaacsim/unitree/build/g1_moveit_config
