-- Found ament_cmake: 1.3.11 (/opt/ros/humble/share/ament_cmake/cmake)
-- Override CMake install command with custom implementation using symlinks instead of copying resources
-- Configuring done
-- Generating done
-- Build files have been written to: /home/leo/ws_isaacsim/moveit2_UR3e/build/ur3e_moveit_config
-- Install configuration: ""
-- Execute custom install script
-- Symlinking: /home/leo/ws_isaacsim/moveit2_UR3e/install/ur3e_moveit_config/share/ament_index/resource_index/package_run_dependencies/ur3e_moveit_config
-- Symlinking: /home/leo/ws_isaacsim/moveit2_UR3e/install/ur3e_moveit_config/share/ament_index/resource_index/parent_prefix_path/ur3e_moveit_config
-- Symlinking: /home/leo/ws_isaacsim/moveit2_UR3e/install/ur3e_moveit_config/share/ur3e_moveit_config/environment/ament_prefix_path.sh
-- Symlinking: /home/leo/ws_isaacsim/moveit2_UR3e/install/ur3e_moveit_config/share/ur3e_moveit_config/environment/ament_prefix_path.dsv
-- Symlinking: /home/leo/ws_isaacsim/moveit2_UR3e/install/ur3e_moveit_config/share/ur3e_moveit_config/environment/path.sh
-- Symlinking: /home/leo/ws_isaacsim/moveit2_UR3e/install/ur3e_moveit_config/share/ur3e_moveit_config/environment/path.dsv
-- Symlinking: /home/leo/ws_isaacsim/moveit2_UR3e/install/ur3e_moveit_config/share/ur3e_moveit_config/local_setup.bash
-- Symlinking: /home/leo/ws_isaacsim/moveit2_UR3e/install/ur3e_moveit_config/share/ur3e_moveit_config/local_setup.sh
-- Symlinking: /home/leo/ws_isaacsim/moveit2_UR3e/install/ur3e_moveit_config/share/ur3e_moveit_config/local_setup.zsh
-- Symlinking: /home/leo/ws_isaacsim/moveit2_UR3e/install/ur3e_moveit_config/share/ur3e_moveit_config/local_setup.dsv
-- Symlinking: /home/leo/ws_isaacsim/moveit2_UR3e/install/ur3e_moveit_config/share/ur3e_moveit_config/package.dsv
-- Symlinking: /home/leo/ws_isaacsim/moveit2_UR3e/install/ur3e_moveit_config/share/ament_index/resource_index/packages/ur3e_moveit_config
-- Symlinking: /home/leo/ws_isaacsim/moveit2_UR3e/install/ur3e_moveit_config/share/ur3e_moveit_config/cmake/ur3e_moveit_configConfig.cmake
-- Symlinking: /home/leo/ws_isaacsim/moveit2_UR3e/install/ur3e_moveit_config/share/ur3e_moveit_config/cmake/ur3e_moveit_configConfig-version.cmake
-- Symlinking: /home/leo/ws_isaacsim/moveit2_UR3e/install/ur3e_moveit_config/share/ur3e_moveit_config/package.xml
-- Symlinking: /home/leo/ws_isaacsim/moveit2_UR3e/install/ur3e_moveit_config/share/ur3e_moveit_config/launch/demo.launch.py
-- Symlinking: /home/leo/ws_isaacsim/moveit2_UR3e/install/ur3e_moveit_config/share/ur3e_moveit_config/launch/move_group.launch.py
-- Symlinking: /home/leo/ws_isaacsim/moveit2_UR3e/install/ur3e_moveit_config/share/ur3e_moveit_config/launch/moveit_rviz.launch.py
-- Symlinking: /home/leo/ws_isaacsim/moveit2_UR3e/install/ur3e_moveit_config/share/ur3e_moveit_config/launch/rsp.launch.py
-- Symlinking: /home/leo/ws_isaacsim/moveit2_UR3e/install/ur3e_moveit_config/share/ur3e_moveit_config/launch/setup_assistant.launch.py
-- Symlinking: /home/leo/ws_isaacsim/moveit2_UR3e/install/ur3e_moveit_config/share/ur3e_moveit_config/launch/spawn_controllers.launch.py
-- Symlinking: /home/leo/ws_isaacsim/moveit2_UR3e/install/ur3e_moveit_config/share/ur3e_moveit_config/launch/static_virtual_joint_tfs.launch.py
-- Symlinking: /home/leo/ws_isaacsim/moveit2_UR3e/install/ur3e_moveit_config/share/ur3e_moveit_config/launch/warehouse_db.launch.py
-- Symlinking: /home/leo/ws_isaacsim/moveit2_UR3e/install/ur3e_moveit_config/share/ur3e_moveit_config/config/.thumbs/256x256/ur3e_egh80.usd.png
-- Symlinking: /home/leo/ws_isaacsim/moveit2_UR3e/install/ur3e_moveit_config/share/ur3e_moveit_config/config/initial_positions.yaml
-- Symlinking: /home/leo/ws_isaacsim/moveit2_UR3e/install/ur3e_moveit_config/share/ur3e_moveit_config/config/joint_limits.yaml
-- Symlinking: /home/leo/ws_isaacsim/moveit2_UR3e/install/ur3e_moveit_config/share/ur3e_moveit_config/config/kinematics.yaml
-- Symlinking: /home/leo/ws_isaacsim/moveit2_UR3e/install/ur3e_moveit_config/share/ur3e_moveit_config/config/moveit.rviz
-- Symlinking: /home/leo/ws_isaacsim/moveit2_UR3e/install/ur3e_moveit_config/share/ur3e_moveit_config/config/moveit_controllers.yaml
-- Symlinking: /home/leo/ws_isaacsim/moveit2_UR3e/install/ur3e_moveit_config/share/ur3e_moveit_config/config/pilz_cartesian_limits.yaml
-- Symlinking: /home/leo/ws_isaacsim/moveit2_UR3e/install/ur3e_moveit_config/share/ur3e_moveit_config/config/ros2_controllers.yaml
-- Symlinking: /home/leo/ws_isaacsim/moveit2_UR3e/install/ur3e_moveit_config/share/ur3e_moveit_config/config/ur3e_egh80.ros2_control.xacro
-- Symlinking: /home/leo/ws_isaacsim/moveit2_UR3e/install/ur3e_moveit_config/share/ur3e_moveit_config/config/ur3e_egh80.srdf
-- Symlinking: /home/leo/ws_isaacsim/moveit2_UR3e/install/ur3e_moveit_config/share/ur3e_moveit_config/config/ur3e_egh80.urdf
-- Symlinking: /home/leo/ws_isaacsim/moveit2_UR3e/install/ur3e_moveit_config/share/ur3e_moveit_config/config/ur3e_egh80.urdf.xacro
-- Symlinking: /home/leo/ws_isaacsim/moveit2_UR3e/install/ur3e_moveit_config/share/ur3e_moveit_config/config/ur3e_egh80.usd
-- Symlinking: /home/leo/ws_isaacsim/moveit2_UR3e/install/ur3e_moveit_config/share/ur3e_moveit_config/config/ur3e_egh80/configuration/.thumbs/256x256/ur3e_egh80.usd.png
-- Symlinking: /home/leo/ws_isaacsim/moveit2_UR3e/install/ur3e_moveit_config/share/ur3e_moveit_config/config/ur3e_egh80/configuration/ur3e_egh80.usd
-- Symlinking: /home/leo/ws_isaacsim/moveit2_UR3e/install/ur3e_moveit_config/share/ur3e_moveit_config/config/ur3e_egh80/configuration/ur3e_egh80_base.usd
-- Symlinking: /home/leo/ws_isaacsim/moveit2_UR3e/install/ur3e_moveit_config/share/ur3e_moveit_config/config/ur3e_egh80/configuration/ur3e_egh80_physics.usd
-- Symlinking: /home/leo/ws_isaacsim/moveit2_UR3e/install/ur3e_moveit_config/share/ur3e_moveit_config/config/ur3e_egh80/configuration/ur3e_egh80_sensor.usd
-- Symlinking: /home/leo/ws_isaacsim/moveit2_UR3e/install/ur3e_moveit_config/share/ur3e_moveit_config/config/ur3e_egh80/ur3e_egh80.usd
-- Symlinking: /home/leo/ws_isaacsim/moveit2_UR3e/install/ur3e_moveit_config/share/ur3e_moveit_config/.setup_assistant
