[0.004s] Invoking command in '/home/leo/ws_isaacsim/moveit2_UR3e/build/ur3e_moveit_config': CMAKE_PREFIX_PATH=/home/leo/ws_isaacsim/moveit2_UR3e/install/robot_description:/home/leo/ws_isaacsim/moveit2_UR3e/install/ur3e_moveit_config:/opt/ros/humble /usr/bin/cmake /home/leo/ws_isaacsim/moveit2_UR3e/src/ur3e_moveit_config -DAMENT_CMAKE_SYMLINK_INSTALL=1 -DCMAKE_INSTALL_PREFIX=/home/leo/ws_isaacsim/moveit2_UR3e/install/ur3e_moveit_config
[0.012s] -- Found ament_cmake: 1.3.11 (/opt/ros/humble/share/ament_cmake/cmake)
[0.071s] -- Override CMake install command with custom implementation using symlinks instead of copying resources
[0.107s] -- Configuring done
[0.108s] -- Generating done
[0.109s] -- Build files have been written to: /home/leo/ws_isaacsim/moveit2_UR3e/build/ur3e_moveit_config
[0.110s] Invoked command in '/home/leo/ws_isaacsim/moveit2_UR3e/build/ur3e_moveit_config' returned '0': CMAKE_PREFIX_PATH=/home/leo/ws_isaacsim/moveit2_UR3e/install/robot_description:/home/leo/ws_isaacsim/moveit2_UR3e/install/ur3e_moveit_config:/opt/ros/humble /usr/bin/cmake /home/leo/ws_isaacsim/moveit2_UR3e/src/ur3e_moveit_config -DAMENT_CMAKE_SYMLINK_INSTALL=1 -DCMAKE_INSTALL_PREFIX=/home/leo/ws_isaacsim/moveit2_UR3e/install/ur3e_moveit_config
[0.111s] Invoking command in '/home/leo/ws_isaacsim/moveit2_UR3e/build/ur3e_moveit_config': CMAKE_PREFIX_PATH=/home/leo/ws_isaacsim/moveit2_UR3e/install/robot_description:/home/leo/ws_isaacsim/moveit2_UR3e/install/ur3e_moveit_config:/opt/ros/humble /usr/bin/cmake --build /home/leo/ws_isaacsim/moveit2_UR3e/build/ur3e_moveit_config -- -j32 -l32
[0.132s] Invoked command in '/home/leo/ws_isaacsim/moveit2_UR3e/build/ur3e_moveit_config' returned '0': CMAKE_PREFIX_PATH=/home/leo/ws_isaacsim/moveit2_UR3e/install/robot_description:/home/leo/ws_isaacsim/moveit2_UR3e/install/ur3e_moveit_config:/opt/ros/humble /usr/bin/cmake --build /home/leo/ws_isaacsim/moveit2_UR3e/build/ur3e_moveit_config -- -j32 -l32
[0.133s] Invoking command in '/home/leo/ws_isaacsim/moveit2_UR3e/build/ur3e_moveit_config': CMAKE_PREFIX_PATH=/home/leo/ws_isaacsim/moveit2_UR3e/install/robot_description:/home/leo/ws_isaacsim/moveit2_UR3e/install/ur3e_moveit_config:/opt/ros/humble /usr/bin/cmake --install /home/leo/ws_isaacsim/moveit2_UR3e/build/ur3e_moveit_config
[0.138s] -- Install configuration: ""
[0.138s] -- Execute custom install script
[0.138s] -- Symlinking: /home/leo/ws_isaacsim/moveit2_UR3e/install/ur3e_moveit_config/share/ament_index/resource_index/package_run_dependencies/ur3e_moveit_config
[0.143s] -- Symlinking: /home/leo/ws_isaacsim/moveit2_UR3e/install/ur3e_moveit_config/share/ament_index/resource_index/parent_prefix_path/ur3e_moveit_config
[0.148s] -- Symlinking: /home/leo/ws_isaacsim/moveit2_UR3e/install/ur3e_moveit_config/share/ur3e_moveit_config/environment/ament_prefix_path.sh
[0.152s] -- Symlinking: /home/leo/ws_isaacsim/moveit2_UR3e/install/ur3e_moveit_config/share/ur3e_moveit_config/environment/ament_prefix_path.dsv
[0.158s] -- Symlinking: /home/leo/ws_isaacsim/moveit2_UR3e/install/ur3e_moveit_config/share/ur3e_moveit_config/environment/path.sh
[0.163s] -- Symlinking: /home/leo/ws_isaacsim/moveit2_UR3e/install/ur3e_moveit_config/share/ur3e_moveit_config/environment/path.dsv
[0.166s] -- Symlinking: /home/leo/ws_isaacsim/moveit2_UR3e/install/ur3e_moveit_config/share/ur3e_moveit_config/local_setup.bash
[0.171s] -- Symlinking: /home/leo/ws_isaacsim/moveit2_UR3e/install/ur3e_moveit_config/share/ur3e_moveit_config/local_setup.sh
[0.175s] -- Symlinking: /home/leo/ws_isaacsim/moveit2_UR3e/install/ur3e_moveit_config/share/ur3e_moveit_config/local_setup.zsh
[0.178s] -- Symlinking: /home/leo/ws_isaacsim/moveit2_UR3e/install/ur3e_moveit_config/share/ur3e_moveit_config/local_setup.dsv
[0.183s] -- Symlinking: /home/leo/ws_isaacsim/moveit2_UR3e/install/ur3e_moveit_config/share/ur3e_moveit_config/package.dsv
[0.187s] -- Symlinking: /home/leo/ws_isaacsim/moveit2_UR3e/install/ur3e_moveit_config/share/ament_index/resource_index/packages/ur3e_moveit_config
[0.191s] -- Symlinking: /home/leo/ws_isaacsim/moveit2_UR3e/install/ur3e_moveit_config/share/ur3e_moveit_config/cmake/ur3e_moveit_configConfig.cmake
[0.195s] -- Symlinking: /home/leo/ws_isaacsim/moveit2_UR3e/install/ur3e_moveit_config/share/ur3e_moveit_config/cmake/ur3e_moveit_configConfig-version.cmake
[0.200s] -- Symlinking: /home/leo/ws_isaacsim/moveit2_UR3e/install/ur3e_moveit_config/share/ur3e_moveit_config/package.xml
[0.205s] -- Symlinking: /home/leo/ws_isaacsim/moveit2_UR3e/install/ur3e_moveit_config/share/ur3e_moveit_config/launch/demo.launch.py
[0.208s] -- Symlinking: /home/leo/ws_isaacsim/moveit2_UR3e/install/ur3e_moveit_config/share/ur3e_moveit_config/launch/move_group.launch.py
[0.213s] -- Symlinking: /home/leo/ws_isaacsim/moveit2_UR3e/install/ur3e_moveit_config/share/ur3e_moveit_config/launch/moveit_rviz.launch.py
[0.218s] -- Symlinking: /home/leo/ws_isaacsim/moveit2_UR3e/install/ur3e_moveit_config/share/ur3e_moveit_config/launch/rsp.launch.py
[0.223s] -- Symlinking: /home/leo/ws_isaacsim/moveit2_UR3e/install/ur3e_moveit_config/share/ur3e_moveit_config/launch/setup_assistant.launch.py
[0.228s] -- Symlinking: /home/leo/ws_isaacsim/moveit2_UR3e/install/ur3e_moveit_config/share/ur3e_moveit_config/launch/spawn_controllers.launch.py
[0.232s] -- Symlinking: /home/leo/ws_isaacsim/moveit2_UR3e/install/ur3e_moveit_config/share/ur3e_moveit_config/launch/static_virtual_joint_tfs.launch.py
[0.237s] -- Symlinking: /home/leo/ws_isaacsim/moveit2_UR3e/install/ur3e_moveit_config/share/ur3e_moveit_config/launch/warehouse_db.launch.py
[0.241s] -- Symlinking: /home/leo/ws_isaacsim/moveit2_UR3e/install/ur3e_moveit_config/share/ur3e_moveit_config/config/.thumbs/256x256/ur3e_egh80.usd.png
[0.245s] -- Symlinking: /home/leo/ws_isaacsim/moveit2_UR3e/install/ur3e_moveit_config/share/ur3e_moveit_config/config/initial_positions.yaml
[0.250s] -- Symlinking: /home/leo/ws_isaacsim/moveit2_UR3e/install/ur3e_moveit_config/share/ur3e_moveit_config/config/joint_limits.yaml
[0.254s] -- Symlinking: /home/leo/ws_isaacsim/moveit2_UR3e/install/ur3e_moveit_config/share/ur3e_moveit_config/config/kinematics.yaml
[0.258s] -- Symlinking: /home/leo/ws_isaacsim/moveit2_UR3e/install/ur3e_moveit_config/share/ur3e_moveit_config/config/moveit.rviz
[0.263s] -- Symlinking: /home/leo/ws_isaacsim/moveit2_UR3e/install/ur3e_moveit_config/share/ur3e_moveit_config/config/moveit_controllers.yaml
[0.268s] -- Symlinking: /home/leo/ws_isaacsim/moveit2_UR3e/install/ur3e_moveit_config/share/ur3e_moveit_config/config/pilz_cartesian_limits.yaml
[0.273s] -- Symlinking: /home/leo/ws_isaacsim/moveit2_UR3e/install/ur3e_moveit_config/share/ur3e_moveit_config/config/ros2_controllers.yaml
[0.278s] -- Symlinking: /home/leo/ws_isaacsim/moveit2_UR3e/install/ur3e_moveit_config/share/ur3e_moveit_config/config/ur3e_egh80.ros2_control.xacro
[0.283s] -- Symlinking: /home/leo/ws_isaacsim/moveit2_UR3e/install/ur3e_moveit_config/share/ur3e_moveit_config/config/ur3e_egh80.srdf
[0.288s] -- Symlinking: /home/leo/ws_isaacsim/moveit2_UR3e/install/ur3e_moveit_config/share/ur3e_moveit_config/config/ur3e_egh80.urdf
[0.292s] -- Symlinking: /home/leo/ws_isaacsim/moveit2_UR3e/install/ur3e_moveit_config/share/ur3e_moveit_config/config/ur3e_egh80.urdf.xacro
[0.296s] -- Symlinking: /home/leo/ws_isaacsim/moveit2_UR3e/install/ur3e_moveit_config/share/ur3e_moveit_config/config/ur3e_egh80.usd
[0.301s] -- Symlinking: /home/leo/ws_isaacsim/moveit2_UR3e/install/ur3e_moveit_config/share/ur3e_moveit_config/config/ur3e_egh80/configuration/.thumbs/256x256/ur3e_egh80.usd.png
[0.305s] -- Symlinking: /home/leo/ws_isaacsim/moveit2_UR3e/install/ur3e_moveit_config/share/ur3e_moveit_config/config/ur3e_egh80/configuration/ur3e_egh80.usd
[0.308s] -- Symlinking: /home/leo/ws_isaacsim/moveit2_UR3e/install/ur3e_moveit_config/share/ur3e_moveit_config/config/ur3e_egh80/configuration/ur3e_egh80_base.usd
[0.313s] -- Symlinking: /home/leo/ws_isaacsim/moveit2_UR3e/install/ur3e_moveit_config/share/ur3e_moveit_config/config/ur3e_egh80/configuration/ur3e_egh80_physics.usd
[0.317s] -- Symlinking: /home/leo/ws_isaacsim/moveit2_UR3e/install/ur3e_moveit_config/share/ur3e_moveit_config/config/ur3e_egh80/configuration/ur3e_egh80_sensor.usd
[0.321s] -- Symlinking: /home/leo/ws_isaacsim/moveit2_UR3e/install/ur3e_moveit_config/share/ur3e_moveit_config/config/ur3e_egh80/ur3e_egh80.usd
[0.327s] -- Symlinking: /home/leo/ws_isaacsim/moveit2_UR3e/install/ur3e_moveit_config/share/ur3e_moveit_config/.setup_assistant
[0.332s] Invoked command in '/home/leo/ws_isaacsim/moveit2_UR3e/build/ur3e_moveit_config' returned '0': CMAKE_PREFIX_PATH=/home/leo/ws_isaacsim/moveit2_UR3e/install/robot_description:/home/leo/ws_isaacsim/moveit2_UR3e/install/ur3e_moveit_config:/opt/ros/humble /usr/bin/cmake --install /home/leo/ws_isaacsim/moveit2_UR3e/build/ur3e_moveit_config
