-- Install configuration: ""
-- Up-to-date: /home/leo/ws_isaacsim/ur3eegh80/install/robot_description/share/robot_description/meshes
-- Up-to-date: /home/leo/ws_isaacsim/ur3eegh80/install/robot_description/share/robot_description/meshes/conector_tcp.stl
-- Up-to-date: /home/leo/ws_isaacsim/ur3eegh80/install/robot_description/share/robot_description/meshes/ur3e
-- Up-to-date: /home/leo/ws_isaacsim/ur3eegh80/install/robot_description/share/robot_description/meshes/ur3e/visual
-- Up-to-date: /home/leo/ws_isaacsim/ur3eegh80/install/robot_description/share/robot_description/meshes/ur3e/visual/wrist2.dae
-- Up-to-date: /home/leo/ws_isaacsim/ur3eegh80/install/robot_description/share/robot_description/meshes/ur3e/visual/wrist3.dae
-- Up-to-date: /home/leo/ws_isaacsim/ur3eegh80/install/robot_description/share/robot_description/meshes/ur3e/visual/forearm.dae
-- Up-to-date: /home/leo/ws_isaacsim/ur3eegh80/install/robot_description/share/robot_description/meshes/ur3e/visual/wrist1.dae
-- Up-to-date: /home/leo/ws_isaacsim/ur3eegh80/install/robot_description/share/robot_description/meshes/ur3e/visual/shoulder.dae
-- Up-to-date: /home/leo/ws_isaacsim/ur3eegh80/install/robot_description/share/robot_description/meshes/ur3e/visual/upperarm.dae
-- Up-to-date: /home/leo/ws_isaacsim/ur3eegh80/install/robot_description/share/robot_description/meshes/ur3e/visual/base.dae
-- Up-to-date: /home/leo/ws_isaacsim/ur3eegh80/install/robot_description/share/robot_description/meshes/ur3e/collision
-- Up-to-date: /home/leo/ws_isaacsim/ur3eegh80/install/robot_description/share/robot_description/meshes/ur3e/collision/grommet.stl
-- Up-to-date: /home/leo/ws_isaacsim/ur3eegh80/install/robot_description/share/robot_description/meshes/ur3e/collision/forearm.stl
-- Up-to-date: /home/leo/ws_isaacsim/ur3eegh80/install/robot_description/share/robot_description/meshes/ur3e/collision/base_cable.stl
-- Up-to-date: /home/leo/ws_isaacsim/ur3eegh80/install/robot_description/share/robot_description/meshes/ur3e/collision/shoulder.stl
-- Up-to-date: /home/leo/ws_isaacsim/ur3eegh80/install/robot_description/share/robot_description/meshes/ur3e/collision/screw_nut_3.stl
-- Up-to-date: /home/leo/ws_isaacsim/ur3eegh80/install/robot_description/share/robot_description/meshes/ur3e/collision/wrist2.stl
-- Up-to-date: /home/leo/ws_isaacsim/ur3eegh80/install/robot_description/share/robot_description/meshes/ur3e/collision/wrist3.stl
-- Up-to-date: /home/leo/ws_isaacsim/ur3eegh80/install/robot_description/share/robot_description/meshes/ur3e/collision/base.stl
-- Up-to-date: /home/leo/ws_isaacsim/ur3eegh80/install/robot_description/share/robot_description/meshes/ur3e/collision/upper_arm.stl
-- Up-to-date: /home/leo/ws_isaacsim/ur3eegh80/install/robot_description/share/robot_description/meshes/ur3e/collision/screw_nut_1.stl
-- Up-to-date: /home/leo/ws_isaacsim/ur3eegh80/install/robot_description/share/robot_description/meshes/ur3e/collision/ferrite_cover.stl
-- Up-to-date: /home/leo/ws_isaacsim/ur3eegh80/install/robot_description/share/robot_description/meshes/ur3e/collision/o-ring.stl
-- Up-to-date: /home/leo/ws_isaacsim/ur3eegh80/install/robot_description/share/robot_description/meshes/ur3e/collision/wrist1.stl
-- Up-to-date: /home/leo/ws_isaacsim/ur3eegh80/install/robot_description/share/robot_description/meshes/ur3e/collision/screw_nut_4.stl
-- Up-to-date: /home/leo/ws_isaacsim/ur3eegh80/install/robot_description/share/robot_description/meshes/ur3e/collision/screw_nut_2.stl
-- Up-to-date: /home/leo/ws_isaacsim/ur3eegh80/install/robot_description/share/robot_description/meshes/ur3e/collision/ferrite_nucleous.stl
-- Up-to-date: /home/leo/ws_isaacsim/ur3eegh80/install/robot_description/share/robot_description/meshes/ur3e/collision/upperarm.stl
-- Up-to-date: /home/leo/ws_isaacsim/ur3eegh80/install/robot_description/share/robot_description/meshes/schunk_egh80
-- Up-to-date: /home/leo/ws_isaacsim/ur3eegh80/install/robot_description/share/robot_description/meshes/schunk_egh80/visual
-- Up-to-date: /home/leo/ws_isaacsim/ur3eegh80/install/robot_description/share/robot_description/meshes/schunk_egh80/visual/falanginha.dae
-- Up-to-date: /home/leo/ws_isaacsim/ur3eegh80/install/robot_description/share/robot_description/meshes/schunk_egh80/visual/dedo_esq.dae
-- Up-to-date: /home/leo/ws_isaacsim/ur3eegh80/install/robot_description/share/robot_description/meshes/schunk_egh80/visual/etiqueta.dae
-- Up-to-date: /home/leo/ws_isaacsim/ur3eegh80/install/robot_description/share/robot_description/meshes/schunk_egh80/visual/almofada.dae
-- Up-to-date: /home/leo/ws_isaacsim/ur3eegh80/install/robot_description/share/robot_description/meshes/schunk_egh80/visual/falangeta.dae
-- Up-to-date: /home/leo/ws_isaacsim/ur3eegh80/install/robot_description/share/robot_description/meshes/schunk_egh80/visual/falange.dae
-- Up-to-date: /home/leo/ws_isaacsim/ur3eegh80/install/robot_description/share/robot_description/meshes/schunk_egh80/visual/guia_dedo.dae
-- Up-to-date: /home/leo/ws_isaacsim/ur3eegh80/install/robot_description/share/robot_description/meshes/schunk_egh80/visual/dedo_dir.dae
-- Up-to-date: /home/leo/ws_isaacsim/ur3eegh80/install/robot_description/share/robot_description/meshes/schunk_egh80/visual/gripper_connector.dae
-- Up-to-date: /home/leo/ws_isaacsim/ur3eegh80/install/robot_description/share/robot_description/meshes/schunk_egh80/visual/Dropped Text.txt
-- Up-to-date: /home/leo/ws_isaacsim/ur3eegh80/install/robot_description/share/robot_description/meshes/schunk_egh80/visual/egh_80.dae
-- Up-to-date: /home/leo/ws_isaacsim/ur3eegh80/install/robot_description/share/robot_description/meshes/schunk_egh80/collision
-- Up-to-date: /home/leo/ws_isaacsim/ur3eegh80/install/robot_description/share/robot_description/meshes/schunk_egh80/collision/guia_dedo.stl
-- Up-to-date: /home/leo/ws_isaacsim/ur3eegh80/install/robot_description/share/robot_description/meshes/schunk_egh80/collision/almofada.stl
-- Up-to-date: /home/leo/ws_isaacsim/ur3eegh80/install/robot_description/share/robot_description/meshes/schunk_egh80/collision/dedo_dir.stl
-- Up-to-date: /home/leo/ws_isaacsim/ur3eegh80/install/robot_description/share/robot_description/meshes/schunk_egh80/collision/gripper_connector.stl
-- Up-to-date: /home/leo/ws_isaacsim/ur3eegh80/install/robot_description/share/robot_description/meshes/schunk_egh80/collision/falangeta.stl
-- Up-to-date: /home/leo/ws_isaacsim/ur3eegh80/install/robot_description/share/robot_description/meshes/schunk_egh80/collision/falange.stl
-- Up-to-date: /home/leo/ws_isaacsim/ur3eegh80/install/robot_description/share/robot_description/meshes/schunk_egh80/collision/egh_80.stl
-- Up-to-date: /home/leo/ws_isaacsim/ur3eegh80/install/robot_description/share/robot_description/meshes/schunk_egh80/collision/dedo_esq.stl
-- Up-to-date: /home/leo/ws_isaacsim/ur3eegh80/install/robot_description/share/robot_description/meshes/schunk_egh80/collision/etiqueta.stl
-- Up-to-date: /home/leo/ws_isaacsim/ur3eegh80/install/robot_description/share/robot_description/meshes/schunk_egh80/collision/falanginha.stl
-- Up-to-date: /home/leo/ws_isaacsim/ur3eegh80/install/robot_description/share/robot_description/meshes/SceneObjects
-- Up-to-date: /home/leo/ws_isaacsim/ur3eegh80/install/robot_description/share/robot_description/meshes/SceneObjects/Tower
-- Up-to-date: /home/leo/ws_isaacsim/ur3eegh80/install/robot_description/share/robot_description/meshes/SceneObjects/Tower/visual
-- Up-to-date: /home/leo/ws_isaacsim/ur3eegh80/install/robot_description/share/robot_description/meshes/SceneObjects/Tower/visual/Disk6.dae
-- Up-to-date: /home/leo/ws_isaacsim/ur3eegh80/install/robot_description/share/robot_description/meshes/SceneObjects/Tower/visual/Disk2.dae
-- Up-to-date: /home/leo/ws_isaacsim/ur3eegh80/install/robot_description/share/robot_description/meshes/SceneObjects/Tower/visual/Disk3.dae
-- Up-to-date: /home/leo/ws_isaacsim/ur3eegh80/install/robot_description/share/robot_description/meshes/SceneObjects/Tower/visual/Disk1.dae
-- Up-to-date: /home/leo/ws_isaacsim/ur3eegh80/install/robot_description/share/robot_description/meshes/SceneObjects/Tower/visual/Disk5.dae
-- Up-to-date: /home/leo/ws_isaacsim/ur3eegh80/install/robot_description/share/robot_description/meshes/SceneObjects/Tower/visual/Disk7.dae
-- Up-to-date: /home/leo/ws_isaacsim/ur3eegh80/install/robot_description/share/robot_description/meshes/SceneObjects/Tower/visual/TowerBase.dae
-- Up-to-date: /home/leo/ws_isaacsim/ur3eegh80/install/robot_description/share/robot_description/meshes/SceneObjects/Tower/visual/Disk4.dae
-- Up-to-date: /home/leo/ws_isaacsim/ur3eegh80/install/robot_description/share/robot_description/meshes/SceneObjects/Tower/collision
-- Up-to-date: /home/leo/ws_isaacsim/ur3eegh80/install/robot_description/share/robot_description/meshes/SceneObjects/Tower/collision/Disk2.stl
-- Up-to-date: /home/leo/ws_isaacsim/ur3eegh80/install/robot_description/share/robot_description/meshes/SceneObjects/Tower/collision/Disk3.stl
-- Up-to-date: /home/leo/ws_isaacsim/ur3eegh80/install/robot_description/share/robot_description/meshes/SceneObjects/Tower/collision/Disk5.stl
-- Up-to-date: /home/leo/ws_isaacsim/ur3eegh80/install/robot_description/share/robot_description/meshes/SceneObjects/Tower/collision/Disk4.stl
-- Up-to-date: /home/leo/ws_isaacsim/ur3eegh80/install/robot_description/share/robot_description/meshes/SceneObjects/Tower/collision/Disk6.stl
-- Up-to-date: /home/leo/ws_isaacsim/ur3eegh80/install/robot_description/share/robot_description/meshes/SceneObjects/Tower/collision/Disk1.stl
-- Up-to-date: /home/leo/ws_isaacsim/ur3eegh80/install/robot_description/share/robot_description/meshes/SceneObjects/Tower/collision/TowerBase.stl
-- Up-to-date: /home/leo/ws_isaacsim/ur3eegh80/install/robot_description/share/robot_description/meshes/SceneObjects/Tower/collision/Disk7.stl
-- Up-to-date: /home/leo/ws_isaacsim/ur3eegh80/install/robot_description/share/robot_description/meshes/camera
-- Up-to-date: /home/leo/ws_isaacsim/ur3eegh80/install/robot_description/share/robot_description/meshes/camera/visual
-- Up-to-date: /home/leo/ws_isaacsim/ur3eegh80/install/robot_description/share/robot_description/meshes/camera/visual/d415.dae
-- Up-to-date: /home/leo/ws_isaacsim/ur3eegh80/install/robot_description/share/robot_description/meshes/camera/collision
-- Up-to-date: /home/leo/ws_isaacsim/ur3eegh80/install/robot_description/share/robot_description/meshes/camera/collision/d415.stl
-- Up-to-date: /home/leo/ws_isaacsim/ur3eegh80/install/robot_description/share/robot_description/urdf
-- Up-to-date: /home/leo/ws_isaacsim/ur3eegh80/install/robot_description/share/robot_description/urdf/ur_transmissions.xacro
-- Up-to-date: /home/leo/ws_isaacsim/ur3eegh80/install/robot_description/share/robot_description/urdf/ur.gazebo.xacro
-- Up-to-date: /home/leo/ws_isaacsim/ur3eegh80/install/robot_description/share/robot_description/urdf/ur3e_joint_limited_robot.urdf.xacro
-- Up-to-date: /home/leo/ws_isaacsim/ur3eegh80/install/robot_description/share/robot_description/urdf/common.gazebo.xacro
-- Up-to-date: /home/leo/ws_isaacsim/ur3eegh80/install/robot_description/share/robot_description/urdf/schunk_egh80
-- Up-to-date: /home/leo/ws_isaacsim/ur3eegh80/install/robot_description/share/robot_description/urdf/schunk_egh80/schunk_egh80_gripper.transmission.xacro
-- Up-to-date: /home/leo/ws_isaacsim/ur3eegh80/install/robot_description/share/robot_description/urdf/schunk_egh80/schunk_egh80_gripper.xacro
-- Up-to-date: /home/leo/ws_isaacsim/ur3eegh80/install/robot_description/share/robot_description/urdf/schunk_egh80/connector_tcp
-- Up-to-date: /home/leo/ws_isaacsim/ur3eegh80/install/robot_description/share/robot_description/urdf/schunk_egh80/connector_tcp/configuration
-- Up-to-date: /home/leo/ws_isaacsim/ur3eegh80/install/robot_description/share/robot_description/urdf/schunk_egh80/connector_tcp/configuration/connector_tcp_physics.usd
-- Up-to-date: /home/leo/ws_isaacsim/ur3eegh80/install/robot_description/share/robot_description/urdf/schunk_egh80/connector_tcp/configuration/connector_tcp_sensor.usd
-- Up-to-date: /home/leo/ws_isaacsim/ur3eegh80/install/robot_description/share/robot_description/urdf/schunk_egh80/connector_tcp/configuration/connector_tcp_base.usd
-- Up-to-date: /home/leo/ws_isaacsim/ur3eegh80/install/robot_description/share/robot_description/urdf/schunk_egh80/connector_tcp/connector_tcp.usd
-- Up-to-date: /home/leo/ws_isaacsim/ur3eegh80/install/robot_description/share/robot_description/urdf/schunk_egh80/schunk_egh80_gripper_sim_base.urdf.xacro
-- Up-to-date: /home/leo/ws_isaacsim/ur3eegh80/install/robot_description/share/robot_description/urdf/schunk_egh80/connector_tcp.urdf
-- Up-to-date: /home/leo/ws_isaacsim/ur3eegh80/install/robot_description/share/robot_description/urdf/schunk_egh80/connector_tcp.urdf.xacro
-- Up-to-date: /home/leo/ws_isaacsim/ur3eegh80/install/robot_description/share/robot_description/urdf/schunk_egh80/schunk_egh80_gripper.urdf.xacro
-- Up-to-date: /home/leo/ws_isaacsim/ur3eegh80/install/robot_description/share/robot_description/urdf/ur3e.urdf.xacro
-- Up-to-date: /home/leo/ws_isaacsim/ur3eegh80/install/robot_description/share/robot_description/urdf/ws_isaacsim.code-workspace
-- Up-to-date: /home/leo/ws_isaacsim/ur3eegh80/install/robot_description/share/robot_description/urdf/ur3e_joint_limited_robot.urdf
-- Up-to-date: /home/leo/ws_isaacsim/ur3eegh80/install/robot_description/share/robot_description/urdf/ur3e_egh80_gripper.xacro
-- Up-to-date: /home/leo/ws_isaacsim/ur3eegh80/install/robot_description/share/robot_description/urdf/camera
-- Up-to-date: /home/leo/ws_isaacsim/ur3eegh80/install/robot_description/share/robot_description/urdf/camera/camera.gazebo.xacro
-- Up-to-date: /home/leo/ws_isaacsim/ur3eegh80/install/robot_description/share/robot_description/urdf/camera/camera.xacro
-- Up-to-date: /home/leo/ws_isaacsim/ur3eegh80/install/robot_description/share/ament_index/resource_index/package_run_dependencies/robot_description
-- Up-to-date: /home/leo/ws_isaacsim/ur3eegh80/install/robot_description/share/ament_index/resource_index/parent_prefix_path/robot_description
-- Up-to-date: /home/leo/ws_isaacsim/ur3eegh80/install/robot_description/share/robot_description/environment/ament_prefix_path.sh
-- Up-to-date: /home/leo/ws_isaacsim/ur3eegh80/install/robot_description/share/robot_description/environment/ament_prefix_path.dsv
-- Up-to-date: /home/leo/ws_isaacsim/ur3eegh80/install/robot_description/share/robot_description/environment/path.sh
-- Up-to-date: /home/leo/ws_isaacsim/ur3eegh80/install/robot_description/share/robot_description/environment/path.dsv
-- Up-to-date: /home/leo/ws_isaacsim/ur3eegh80/install/robot_description/share/robot_description/local_setup.bash
-- Up-to-date: /home/leo/ws_isaacsim/ur3eegh80/install/robot_description/share/robot_description/local_setup.sh
-- Up-to-date: /home/leo/ws_isaacsim/ur3eegh80/install/robot_description/share/robot_description/local_setup.zsh
-- Up-to-date: /home/leo/ws_isaacsim/ur3eegh80/install/robot_description/share/robot_description/local_setup.dsv
-- Installing: /home/leo/ws_isaacsim/ur3eegh80/install/robot_description/share/robot_description/package.dsv
-- Up-to-date: /home/leo/ws_isaacsim/ur3eegh80/install/robot_description/share/ament_index/resource_index/packages/robot_description
-- Up-to-date: /home/leo/ws_isaacsim/ur3eegh80/install/robot_description/share/robot_description/cmake/robot_descriptionConfig.cmake
-- Up-to-date: /home/leo/ws_isaacsim/ur3eegh80/install/robot_description/share/robot_description/cmake/robot_descriptionConfig-version.cmake
-- Up-to-date: /home/leo/ws_isaacsim/ur3eegh80/install/robot_description/share/robot_description/package.xml
